Will train the discriminator...
Alpha: 5e-07
Beta: 0.02
Momentum: 0.9
Epochs: 100
Every: 10
Batch: 1
Inputs: assets/res/Arles
	assets/res/Paris
Seed Size: 100
Starting Epoch: 200
Epoch 200, gen loss = 0.6928032636642456, dis loss = 1.0072503089904785, 0:01:39.29
Epoch 201, gen loss = 0.6927381157875061, dis loss = 1.0075069665908813, 0:01:29.76
Epoch 202, gen loss = 0.692602276802063, dis loss = 1.0075514316558838, 0:01:32.17
Epoch 203, gen loss = 0.6927995085716248, dis loss = 1.0076667070388794, 0:01:30.62
Epoch 204, gen loss = 0.6925406455993652, dis loss = 1.0076184272766113, 0:01:33.54
Epoch 205, gen loss = 0.6927545070648193, dis loss = 1.0073455572128296, 0:01:32.34
Epoch 206, gen loss = 0.6927441358566284, dis loss = 1.0073440074920654, 0:01:31.26
Epoch 207, gen loss = 0.6927050948143005, dis loss = 1.0075174570083618, 0:01:29.56
Epoch 208, gen loss = 0.6927374601364136, dis loss = 1.0075479745864868, 0:01:35.11
Epoch 209, gen loss = 0.6926939487457275, dis loss = 1.0075645446777344, 0:01:31.33
Epoch 210, gen loss = 0.6927503347396851, dis loss = 1.0075470209121704, 0:01:30.03
Epoch 211, gen loss = 0.6927038431167603, dis loss = 1.007574439048767, 0:01:35.14
Epoch 212, gen loss = 0.6928056478500366, dis loss = 1.0075061321258545, 0:01:31.37
Epoch 213, gen loss = 0.69275963306427, dis loss = 1.00739324092865, 0:01:28.67
Epoch 214, gen loss = 0.6927840113639832, dis loss = 1.0072659254074097, 0:01:32.51
Epoch 215, gen loss = 0.6928157806396484, dis loss = 1.0076045989990234, 0:01:30.41
Epoch 216, gen loss = 0.6928204298019409, dis loss = 1.00730299949646, 0:01:28.66
Epoch 217, gen loss = 0.6928291320800781, dis loss = 1.0071464776992798, 0:01:30.14
Epoch 218, gen loss = 0.6927558779716492, dis loss = 1.0072011947631836, 0:01:35.00
Epoch 219, gen loss = 0.6927139163017273, dis loss = 1.0073188543319702, 0:01:28.86
Epoch 220, gen loss = 0.6928551197052002, dis loss = 1.0070428848266602, 0:01:32.26
Epoch 221, gen loss = 0.6928003430366516, dis loss = 1.0072306394577026, 0:01:28.49
Epoch 222, gen loss = 0.692763090133667, dis loss = 1.008202314376831, 0:01:33.75
Epoch 223, gen loss = 0.6926972270011902, dis loss = 1.0075925588607788, 0:01:29.81
Epoch 224, gen loss = 0.6928710341453552, dis loss = 1.0076203346252441, 0:01:29.99
Epoch 225, gen loss = 0.6928303241729736, dis loss = 1.0071924924850464, 0:01:35.59
Epoch 226, gen loss = 0.6928982138633728, dis loss = 1.0069102048873901, 0:01:29.04
Epoch 227, gen loss = 0.6927670836448669, dis loss = 1.0078108310699463, 0:01:31.18
Epoch 228, gen loss = 0.692766547203064, dis loss = 1.007187008857727, 0:01:32.28
Epoch 229, gen loss = 0.6926294565200806, dis loss = 1.0077660083770752, 0:01:34.14
Epoch 230, gen loss = 0.6927106976509094, dis loss = 1.0072462558746338, 0:01:28.66
Epoch 231, gen loss = 0.692761242389679, dis loss = 1.007307529449463, 0:01:30.18
Epoch 232, gen loss = 0.6927961707115173, dis loss = 1.0071635246276855, 0:01:32.89
Epoch 233, gen loss = 0.6928561329841614, dis loss = 1.0070208311080933, 0:01:28.53
Epoch 234, gen loss = 0.6927804350852966, dis loss = 1.0071914196014404, 0:01:30.25
Epoch 235, gen loss = 0.6928747296333313, dis loss = 1.007057785987854, 0:01:32.93
Epoch 236, gen loss = 0.6928809881210327, dis loss = 1.0070308446884155, 0:01:32.70
Epoch 237, gen loss = 0.6928349137306213, dis loss = 1.0075721740722656, 0:01:29.91
Epoch 238, gen loss = 0.6928711533546448, dis loss = 1.0069146156311035, 0:01:28.46
Epoch 239, gen loss = 0.6929032206535339, dis loss = 1.0075918436050415, 0:01:34.53
Epoch 240, gen loss = 0.6929890513420105, dis loss = 1.0067100524902344, 0:01:28.65
Epoch 241, gen loss = 0.6927781701087952, dis loss = 1.0072345733642578, 0:01:30.17
Epoch 242, gen loss = 0.692928671836853, dis loss = 1.0068706274032593, 0:01:31.96
Epoch 243, gen loss = 0.6929721832275391, dis loss = 1.0067914724349976, 0:01:29.11
Epoch 244, gen loss = 0.6926158666610718, dis loss = 1.0075114965438843, 0:01:27.92
Epoch 245, gen loss = 0.6928511261940002, dis loss = 1.0071337223052979, 0:01:26.94
Epoch 246, gen loss = 0.6928223967552185, dis loss = 1.007054090499878, 0:01:30.30
Epoch 247, gen loss = 0.6928732991218567, dis loss = 1.007002592086792, 0:01:27.18
Epoch 248, gen loss = 0.6929703950881958, dis loss = 1.0067181587219238, 0:01:28.21
Epoch 249, gen loss = 0.692790687084198, dis loss = 1.0072680711746216, 0:01:26.27
Epoch 250, gen loss = 0.6929190158843994, dis loss = 1.007301688194275, 0:01:33.04
Epoch 251, gen loss = 0.6928296089172363, dis loss = 1.007118582725525, 0:01:27.85
Epoch 252, gen loss = 0.6928004026412964, dis loss = 1.007102370262146, 0:01:26.96
Epoch 253, gen loss = 0.6929315328598022, dis loss = 1.006847620010376, 0:01:26.36
Epoch 254, gen loss = 0.6928836107254028, dis loss = 1.0069490671157837, 0:01:31.51
Epoch 255, gen loss = 0.692825973033905, dis loss = 1.0071451663970947, 0:01:27.45
Epoch 256, gen loss = 0.6929070949554443, dis loss = 1.0069090127944946, 0:01:27.96
Epoch 257, gen loss = 0.6929068565368652, dis loss = 1.0068868398666382, 0:01:29.91
Epoch 258, gen loss = 0.692840576171875, dis loss = 1.0070736408233643, 0:01:27.57
Epoch 259, gen loss = 0.6928460597991943, dis loss = 1.0071285963058472, 0:01:26.52
Epoch 260, gen loss = 0.692782998085022, dis loss = 1.0071731805801392, 0:01:26.37
Epoch 261, gen loss = 0.6928234100341797, dis loss = 1.007416009902954, 0:01:31.69
Epoch 262, gen loss = 0.6928949952125549, dis loss = 1.006941318511963, 0:01:29.37
Epoch 263, gen loss = 0.6928359866142273, dis loss = 1.0070838928222656, 0:01:26.64
Epoch 264, gen loss = 0.6928067207336426, dis loss = 1.0072596073150635, 0:01:27.87
Epoch 265, gen loss = 0.6928218007087708, dis loss = 1.0079478025436401, 0:01:33.81
Epoch 266, gen loss = 0.6927330493927002, dis loss = 1.0071351528167725, 0:01:27.95
Epoch 267, gen loss = 0.6928431391716003, dis loss = 1.007264494895935, 0:01:29.93
Epoch 268, gen loss = 0.6928202509880066, dis loss = 1.0071426630020142, 0:01:34.13
Epoch 269, gen loss = 0.6927027106285095, dis loss = 1.0075405836105347, 0:01:31.03
Epoch 270, gen loss = 0.6928642988204956, dis loss = 1.0070558786392212, 0:01:29.89
Epoch 271, gen loss = 0.6928501129150391, dis loss = 1.0069653987884521, 0:01:27.17
Epoch 272, gen loss = 0.6927213072776794, dis loss = 1.0074234008789062, 0:01:29.65
Epoch 273, gen loss = 0.6929799914360046, dis loss = 1.0075116157531738, 0:01:30.88
Epoch 274, gen loss = 0.692913830280304, dis loss = 1.0075552463531494, 0:01:31.87
Epoch 275, gen loss = 0.6928731799125671, dis loss = 1.0069822072982788, 0:01:34.21
Epoch 276, gen loss = 0.6927699446678162, dis loss = 1.0070524215698242, 0:01:26.66
Epoch 277, gen loss = 0.6924173831939697, dis loss = 1.0078203678131104, 0:01:27.03
Epoch 278, gen loss = 0.6926616430282593, dis loss = 1.0080060958862305, 0:01:26.67
Epoch 279, gen loss = 0.6927534937858582, dis loss = 1.0077029466629028, 0:01:32.82
Epoch 280, gen loss = 0.6927568316459656, dis loss = 1.0075228214263916, 0:01:27.47
Epoch 281, gen loss = 0.6926000714302063, dis loss = 1.0075514316558838, 0:01:26.42
Epoch 282, gen loss = 0.6929081082344055, dis loss = 1.0075643062591553, 0:01:32.88
Epoch 283, gen loss = 0.6928274035453796, dis loss = 1.0070589780807495, 0:01:27.95
Epoch 284, gen loss = 0.6927575469017029, dis loss = 1.0071507692337036, 0:01:28.17
Epoch 285, gen loss = 0.6928942203521729, dis loss = 1.0069166421890259, 0:01:29.79
Epoch 286, gen loss = 0.6927323937416077, dis loss = 1.0073338747024536, 0:01:32.25
Epoch 287, gen loss = 0.692887008190155, dis loss = 1.0069586038589478, 0:01:26.40
Epoch 288, gen loss = 0.6927881836891174, dis loss = 1.0074784755706787, 0:01:27.86
Epoch 289, gen loss = 0.6928802132606506, dis loss = 1.007032036781311, 0:01:35.71
Epoch 290, gen loss = 0.6928936243057251, dis loss = 1.0068373680114746, 0:01:31.64
Epoch 291, gen loss = 0.6927781701087952, dis loss = 1.0073130130767822, 0:01:28.37
Epoch 292, gen loss = 0.6929212212562561, dis loss = 1.0068855285644531, 0:01:28.42
Epoch 293, gen loss = 0.692916214466095, dis loss = 1.006897211074829, 0:01:32.77
Epoch 294, gen loss = 0.6927207112312317, dis loss = 1.0076361894607544, 0:01:26.44
Epoch 295, gen loss = 0.6928796172142029, dis loss = 1.0074639320373535, 0:01:26.27
Epoch 296, gen loss = 0.6929110288619995, dis loss = 1.0069001913070679, 0:01:27.85
Epoch 297, gen loss = 0.6928269267082214, dis loss = 1.007248044013977, 0:01:30.44
Epoch 298, gen loss = 0.692791759967804, dis loss = 1.0072518587112427, 0:01:26.23
Epoch 299, gen loss = 0.6928670406341553, dis loss = 1.007017731666565, 0:01:32.17

Training time: 2:30:17.79
