Will train the discriminator...
Alpha: 5e-07
Beta: 0.02
Momentum: 0.9
Epochs: 100
Every: 10
Batch: 1
Inputs: assets/res/Arles
	assets/res/Paris
Seed Size: 100
Starting Epoch: 300
Epoch 300, gen loss = 0.6929827928543091, dis loss = 1.0074270963668823, 0:01:36.45
Epoch 301, gen loss = 0.6927633285522461, dis loss = 1.007337212562561, 0:01:27.74
Epoch 302, gen loss = 0.6929742693901062, dis loss = 1.0067601203918457, 0:01:32.48
Epoch 303, gen loss = 0.6929426789283752, dis loss = 1.00723397731781, 0:01:27.08
Epoch 304, gen loss = 0.6928645968437195, dis loss = 1.0076006650924683, 0:01:28.16
Epoch 305, gen loss = 0.6929939985275269, dis loss = 1.0073586702346802, 0:01:29.90
Epoch 306, gen loss = 0.6928048133850098, dis loss = 1.0077049732208252, 0:01:32.60
Epoch 307, gen loss = 0.6929426193237305, dis loss = 1.0075287818908691, 0:01:27.55
Epoch 308, gen loss = 0.6922737956047058, dis loss = 1.0082875490188599, 0:01:27.11
Epoch 309, gen loss = 0.6928092241287231, dis loss = 1.0072275400161743, 0:01:30.76
Epoch 310, gen loss = 0.6929027438163757, dis loss = 1.007014513015747, 0:01:27.82
Epoch 311, gen loss = 0.6929463744163513, dis loss = 1.0068469047546387, 0:01:27.53
Epoch 312, gen loss = 0.6927697658538818, dis loss = 1.0072232484817505, 0:01:27.05
Epoch 313, gen loss = 0.6928349733352661, dis loss = 1.0074539184570312, 0:01:30.77
Epoch 314, gen loss = 0.6929271817207336, dis loss = 1.0068168640136719, 0:01:31.48
Epoch 315, gen loss = 0.6927035450935364, dis loss = 1.0075219869613647, 0:01:30.29
Epoch 316, gen loss = 0.6929644346237183, dis loss = 1.0067663192749023, 0:01:31.83
Epoch 317, gen loss = 0.6930184364318848, dis loss = 1.0074435472488403, 0:01:31.18
Epoch 318, gen loss = 0.6927075982093811, dis loss = 1.0073297023773193, 0:01:28.70
Epoch 319, gen loss = 0.6928293704986572, dis loss = 1.0072122812271118, 0:01:30.56
Epoch 320, gen loss = 0.6927753686904907, dis loss = 1.0075520277023315, 0:01:33.62
Epoch 321, gen loss = 0.6925376057624817, dis loss = 1.00748610496521, 0:01:31.53
Epoch 322, gen loss = 0.6929246187210083, dis loss = 1.0073082447052002, 0:01:30.24
Epoch 323, gen loss = 0.6927309632301331, dis loss = 1.007462739944458, 0:01:33.04
Epoch 324, gen loss = 0.6928642988204956, dis loss = 1.0069621801376343, 0:01:31.30
Epoch 325, gen loss = 0.6927701234817505, dis loss = 1.0072897672653198, 0:01:29.25
Epoch 326, gen loss = 0.6928373575210571, dis loss = 1.0071334838867188, 0:01:29.13
Epoch 327, gen loss = 0.6928003430366516, dis loss = 1.0073645114898682, 0:01:33.87
Epoch 328, gen loss = 0.6927667260169983, dis loss = 1.0075145959854126, 0:01:29.48
Epoch 329, gen loss = 0.6928777098655701, dis loss = 1.007055401802063, 0:01:29.95
Epoch 330, gen loss = 0.6929239630699158, dis loss = 1.0074504613876343, 0:01:30.01
Epoch 331, gen loss = 0.6928889155387878, dis loss = 1.0070362091064453, 0:01:32.70
Epoch 332, gen loss = 0.6928990483283997, dis loss = 1.00687837600708, 0:01:30.17
Epoch 333, gen loss = 0.6927804350852966, dis loss = 1.007231593132019, 0:01:28.65
Epoch 334, gen loss = 0.69288569688797, dis loss = 1.0070066452026367, 0:01:33.89
Epoch 335, gen loss = 0.6928501129150391, dis loss = 1.0077202320098877, 0:01:29.14
Epoch 336, gen loss = 0.6925927400588989, dis loss = 1.0077989101409912, 0:01:28.51
Epoch 337, gen loss = 0.6927924156188965, dis loss = 1.007086992263794, 0:01:31.90
Epoch 338, gen loss = 0.6927078366279602, dis loss = 1.0073778629302979, 0:01:33.39
Epoch 339, gen loss = 0.6926359534263611, dis loss = 1.0074776411056519, 0:01:29.08
Epoch 340, gen loss = 0.692682147026062, dis loss = 1.0075603723526, 0:01:30.75
Epoch 341, gen loss = 0.6927117705345154, dis loss = 1.00737464427948, 0:01:33.51
Epoch 342, gen loss = 0.6925914883613586, dis loss = 1.0078833103179932, 0:01:27.58
Epoch 343, gen loss = 0.6927876472473145, dis loss = 1.0077617168426514, 0:01:28.71
Epoch 344, gen loss = 0.6928249001502991, dis loss = 1.0071378946304321, 0:01:28.35
Epoch 345, gen loss = 0.692674994468689, dis loss = 1.0076082944869995, 0:01:35.50
Epoch 346, gen loss = 0.6926953792572021, dis loss = 1.007293701171875, 0:01:29.86
Epoch 347, gen loss = 0.6926763653755188, dis loss = 1.0074901580810547, 0:01:28.84
Epoch 348, gen loss = 0.6925889253616333, dis loss = 1.0077675580978394, 0:01:35.68
Epoch 349, gen loss = 0.6927509903907776, dis loss = 1.0071907043457031, 0:01:30.02
Epoch 350, gen loss = 0.6926374435424805, dis loss = 1.007423996925354, 0:01:30.76
Epoch 351, gen loss = 0.6930029392242432, dis loss = 1.0074642896652222, 0:01:32.09
Epoch 352, gen loss = 0.6927682757377625, dis loss = 1.0071216821670532, 0:01:30.26
Epoch 353, gen loss = 0.6929124593734741, dis loss = 1.0069258213043213, 0:01:27.87
Epoch 354, gen loss = 0.6926354765892029, dis loss = 1.0077799558639526, 0:01:29.39
Epoch 355, gen loss = 0.6927212476730347, dis loss = 1.0072880983352661, 0:01:35.23
Epoch 356, gen loss = 0.6927969455718994, dis loss = 1.0072270631790161, 0:01:31.00
Epoch 357, gen loss = 0.6928225159645081, dis loss = 1.0071864128112793, 0:01:30.25
Epoch 358, gen loss = 0.6927234530448914, dis loss = 1.0071995258331299, 0:01:30.26
Epoch 359, gen loss = 0.692769467830658, dis loss = 1.0071932077407837, 0:01:35.13
Epoch 360, gen loss = 0.6926997900009155, dis loss = 1.007779598236084, 0:01:29.38
Epoch 361, gen loss = 0.6925157904624939, dis loss = 1.007678508758545, 0:01:32.17
Epoch 362, gen loss = 0.6926881074905396, dis loss = 1.0073660612106323, 0:01:32.52
Epoch 363, gen loss = 0.6926814317703247, dis loss = 1.0076589584350586, 0:01:29.59
Epoch 364, gen loss = 0.692718505859375, dis loss = 1.0075067281723022, 0:01:29.75
Epoch 365, gen loss = 0.6925951242446899, dis loss = 1.007804274559021, 0:01:30.94
Epoch 366, gen loss = 0.6926615834236145, dis loss = 1.0075329542160034, 0:01:31.51
Epoch 367, gen loss = 0.6926332116127014, dis loss = 1.0076301097869873, 0:01:29.19
Epoch 368, gen loss = 0.6929180026054382, dis loss = 1.0070279836654663, 0:01:30.83
Epoch 369, gen loss = 0.6927817463874817, dis loss = 1.007750153541565, 0:01:33.37
Epoch 370, gen loss = 0.6926173567771912, dis loss = 1.0077977180480957, 0:01:28.49
Epoch 371, gen loss = 0.692533016204834, dis loss = 1.0080827474594116, 0:01:31.81
Epoch 372, gen loss = 0.692592978477478, dis loss = 1.007552981376648, 0:01:30.42
Epoch 373, gen loss = 0.6927533745765686, dis loss = 1.0076028108596802, 0:01:31.97
Epoch 374, gen loss = 0.6924550533294678, dis loss = 1.0079175233840942, 0:01:28.79
Epoch 375, gen loss = 0.6925926804542542, dis loss = 1.0077159404754639, 0:01:29.94
Epoch 376, gen loss = 0.6925013661384583, dis loss = 1.0076578855514526, 0:01:32.90
Epoch 377, gen loss = 0.6925989389419556, dis loss = 1.007914423942566, 0:01:30.58
Epoch 378, gen loss = 0.6927772760391235, dis loss = 1.0082075595855713, 0:01:31.09
Epoch 379, gen loss = 0.6922581791877747, dis loss = 1.0086488723754883, 0:01:29.30
Epoch 380, gen loss = 0.6922335624694824, dis loss = 1.008859634399414, 0:01:30.80
Epoch 381, gen loss = 0.692111074924469, dis loss = 1.0093914270401, 0:01:29.39
Epoch 382, gen loss = 0.6922962665557861, dis loss = 1.0087471008300781, 0:01:30.51
Epoch 383, gen loss = 0.6924498677253723, dis loss = 1.0082021951675415, 0:01:33.02
Epoch 384, gen loss = 0.6923020482063293, dis loss = 1.0089001655578613, 0:01:28.67
Epoch 385, gen loss = 0.692407488822937, dis loss = 1.0080912113189697, 0:01:30.77
Epoch 386, gen loss = 0.6924747228622437, dis loss = 1.0080313682556152, 0:01:32.04
Epoch 387, gen loss = 0.6923757195472717, dis loss = 1.007973074913025, 0:01:34.31
Epoch 388, gen loss = 0.6926552653312683, dis loss = 1.0076912641525269, 0:01:28.27
Epoch 389, gen loss = 0.6925035715103149, dis loss = 1.0078225135803223, 0:01:31.37
Epoch 390, gen loss = 0.6927111148834229, dis loss = 1.007541298866272, 0:01:34.46
Epoch 391, gen loss = 0.6925803422927856, dis loss = 1.0079642534255981, 0:01:30.22
Epoch 392, gen loss = 0.6925888657569885, dis loss = 1.0085415840148926, 0:01:33.39
Epoch 393, gen loss = 0.6927592754364014, dis loss = 1.007702350616455, 0:01:31.06
Epoch 394, gen loss = 0.6928009390830994, dis loss = 1.0079556703567505, 0:01:31.03
Epoch 395, gen loss = 0.6928936243057251, dis loss = 1.0078120231628418, 0:01:31.26
Epoch 396, gen loss = 0.6926227807998657, dis loss = 1.0084463357925415, 0:01:28.55
Epoch 397, gen loss = 0.6926488280296326, dis loss = 1.0080136060714722, 0:01:33.17
Epoch 398, gen loss = 0.6921901106834412, dis loss = 1.009076714515686, 0:01:27.81
Epoch 399, gen loss = 0.692047655582428, dis loss = 1.0094194412231445, 0:01:29.91

Training time: 2:31:14.99
