Will train the discriminator...
Alpha: 5e-07
Beta: 0.02
Momentum: 0.9
Epochs: 100
Every: 10
Batch: 1
Inputs: assets/res/Arles
	assets/res/Paris
Seed Size: 100
Starting Epoch: 600
Epoch 600, gen loss = 0.692712664604187, dis loss = 1.0071995258331299, 0:03:01.46
Epoch 601, gen loss = 0.6919348239898682, dis loss = 1.0092264413833618, 0:02:44.81
Epoch 602, gen loss = 0.6923419833183289, dis loss = 1.0080978870391846, 0:02:46.48
Epoch 603, gen loss = 0.6916798949241638, dis loss = 1.0094338655471802, 0:02:43.33
Epoch 604, gen loss = 0.6925004720687866, dis loss = 1.008495569229126, 0:02:46.18
Epoch 605, gen loss = 0.6913243532180786, dis loss = 1.0105406045913696, 0:02:43.92
Epoch 606, gen loss = 0.6899181008338928, dis loss = 1.0151206254959106, 0:02:45.59
Epoch 607, gen loss = 0.6905213594436646, dis loss = 1.0133925676345825, 0:02:41.18
Epoch 608, gen loss = 0.6922878623008728, dis loss = 1.0082511901855469, 0:02:45.54
Epoch 609, gen loss = 0.6925965547561646, dis loss = 1.007734775543213, 0:02:43.75
Epoch 610, gen loss = 0.6926209926605225, dis loss = 1.0079058408737183, 0:02:46.44
Epoch 611, gen loss = 0.6917734742164612, dis loss = 1.009494662284851, 0:02:47.79
Epoch 612, gen loss = 0.6921722888946533, dis loss = 1.009200930595398, 0:02:51.25
Epoch 613, gen loss = 0.6920876502990723, dis loss = 1.00885808467865, 0:02:51.23
Epoch 614, gen loss = 0.6927764415740967, dis loss = 1.007253646850586, 0:02:51.88
Epoch 615, gen loss = 0.692838728427887, dis loss = 1.0072094202041626, 0:02:53.61
Epoch 616, gen loss = 0.6928878426551819, dis loss = 1.0070724487304688, 0:02:52.58
Epoch 617, gen loss = 0.6929430365562439, dis loss = 1.006831407546997, 0:02:49.27
Epoch 618, gen loss = 0.6927988529205322, dis loss = 1.0070629119873047, 0:02:44.73
Epoch 619, gen loss = 0.6925932168960571, dis loss = 1.0077471733093262, 0:02:47.60
Epoch 620, gen loss = 0.6927016973495483, dis loss = 1.007457971572876, 0:02:48.04
Epoch 621, gen loss = 0.6927527189254761, dis loss = 1.00729238986969, 0:02:46.29
Epoch 622, gen loss = 0.692760169506073, dis loss = 1.0072904825210571, 0:02:49.19
Epoch 623, gen loss = 0.6922257542610168, dis loss = 1.0083611011505127, 0:02:49.70
Epoch 624, gen loss = 0.6915104985237122, dis loss = 1.011083722114563, 0:02:45.48
Epoch 625, gen loss = 0.6923302412033081, dis loss = 1.0089820623397827, 0:02:49.68
Epoch 626, gen loss = 0.6907980442047119, dis loss = 1.0126001834869385, 0:02:47.28
Epoch 627, gen loss = 0.6911504864692688, dis loss = 1.0130195617675781, 0:02:49.41
Epoch 628, gen loss = 0.6921765804290771, dis loss = 1.0088820457458496, 0:02:45.01
Epoch 629, gen loss = 0.6921305060386658, dis loss = 1.0088469982147217, 0:02:49.87
Epoch 630, gen loss = 0.6918287873268127, dis loss = 1.012001395225525, 0:02:48.69
Epoch 631, gen loss = 0.691800594329834, dis loss = 1.0113564729690552, 0:02:47.75
Epoch 632, gen loss = 0.6918100714683533, dis loss = 1.0115687847137451, 0:02:48.02
Epoch 633, gen loss = 0.691746711730957, dis loss = 1.0123523473739624, 0:02:49.73
Epoch 634, gen loss = 0.6922582983970642, dis loss = 1.01022207736969, 0:02:52.16
Epoch 635, gen loss = 0.6916859745979309, dis loss = 1.0102206468582153, 0:02:44.99
Epoch 636, gen loss = 0.6913416981697083, dis loss = 1.0154874324798584, 0:02:50.02
Epoch 637, gen loss = 0.6921015381813049, dis loss = 1.0119397640228271, 0:02:46.11
Epoch 638, gen loss = 0.6925113797187805, dis loss = 1.0103516578674316, 0:02:49.97
Epoch 639, gen loss = 0.6921951174736023, dis loss = 1.0109808444976807, 0:02:44.22
Epoch 640, gen loss = 0.6919393539428711, dis loss = 1.0119874477386475, 0:02:48.50
Epoch 641, gen loss = 0.6923984289169312, dis loss = 1.012252926826477, 0:02:46.09
Epoch 642, gen loss = 0.6920430064201355, dis loss = 1.0099021196365356, 0:02:50.69
Epoch 643, gen loss = 0.6920990347862244, dis loss = 1.009362816810608, 0:02:44.31
Epoch 644, gen loss = 0.6921092867851257, dis loss = 1.0093621015548706, 0:02:46.42
Epoch 645, gen loss = 0.6924352049827576, dis loss = 1.0094696283340454, 0:02:44.02
Epoch 646, gen loss = 0.6923615336418152, dis loss = 1.00865638256073, 0:02:46.43
Epoch 647, gen loss = 0.6925489902496338, dis loss = 1.0079272985458374, 0:02:46.03
Epoch 648, gen loss = 0.691925048828125, dis loss = 1.0092524290084839, 0:02:47.76
Epoch 649, gen loss = 0.6927828788757324, dis loss = 1.0073328018188477, 0:02:45.14
Epoch 650, gen loss = 0.6929669976234436, dis loss = 1.007124662399292, 0:02:48.94
Epoch 651, gen loss = 0.6929841041564941, dis loss = 1.0066395998001099, 0:02:46.83
Epoch 652, gen loss = 0.6930680871009827, dis loss = 1.006596326828003, 0:02:45.34
Epoch 653, gen loss = 0.6931043267250061, dis loss = 1.0065025091171265, 0:02:48.42
Epoch 654, gen loss = 0.6931142210960388, dis loss = 1.0064969062805176, 0:02:45.49
Epoch 655, gen loss = 0.6931176781654358, dis loss = 1.0064654350280762, 0:02:49.46
Epoch 656, gen loss = 0.6931224465370178, dis loss = 1.006481647491455, 0:02:47.51
Epoch 657, gen loss = 0.6931259036064148, dis loss = 1.0064667463302612, 0:02:48.00
Epoch 658, gen loss = 0.6931211948394775, dis loss = 1.0064622163772583, 0:02:46.11
Epoch 659, gen loss = 0.6931286454200745, dis loss = 1.0064435005187988, 0:02:46.25
Epoch 660, gen loss = 0.6931310296058655, dis loss = 1.006441593170166, 0:02:45.40
Epoch 661, gen loss = 0.6931295394897461, dis loss = 1.0064555406570435, 0:02:49.29
Epoch 662, gen loss = 0.6929697394371033, dis loss = 1.0066499710083008, 0:02:49.55
Epoch 663, gen loss = 0.6918798089027405, dis loss = 1.0098868608474731, 0:02:50.70
Epoch 664, gen loss = 0.691366970539093, dis loss = 1.0137019157409668, 0:02:48.65
Epoch 665, gen loss = 0.6925519704818726, dis loss = 1.0086783170700073, 0:02:50.52
Epoch 666, gen loss = 0.692557156085968, dis loss = 1.0079437494277954, 0:02:46.54
Epoch 667, gen loss = 0.6913463473320007, dis loss = 1.0114262104034424, 0:02:47.94
Epoch 668, gen loss = 0.691499650478363, dis loss = 1.0108588933944702, 0:02:44.10
Epoch 669, gen loss = 0.6915488243103027, dis loss = 1.0112987756729126, 0:02:46.53
Epoch 670, gen loss = 0.6910462379455566, dis loss = 1.0125943422317505, 0:02:42.20
Epoch 671, gen loss = 0.6915299296379089, dis loss = 1.012398600578308, 0:02:46.12
Epoch 672, gen loss = 0.6921243667602539, dis loss = 1.0096383094787598, 0:02:41.81
Epoch 673, gen loss = 0.6924349069595337, dis loss = 1.0086997747421265, 0:02:46.09
Epoch 674, gen loss = 0.6920484900474548, dis loss = 1.009093165397644, 0:02:43.14
Epoch 675, gen loss = 0.6917276978492737, dis loss = 1.0106027126312256, 0:02:44.28
Epoch 676, gen loss = 0.6921065449714661, dis loss = 1.0105284452438354, 0:02:44.12
Epoch 677, gen loss = 0.6916195154190063, dis loss = 1.0104789733886719, 0:02:46.03
Epoch 678, gen loss = 0.6916087865829468, dis loss = 1.0110899209976196, 0:02:44.06
Epoch 679, gen loss = 0.6923978328704834, dis loss = 1.0083342790603638, 0:02:43.33
Epoch 680, gen loss = 0.6924465298652649, dis loss = 1.0082136392593384, 0:02:44.24
Epoch 681, gen loss = 0.6925846934318542, dis loss = 1.0076748132705688, 0:02:44.79
Epoch 682, gen loss = 0.6926637291908264, dis loss = 1.00752592086792, 0:02:46.54
Epoch 683, gen loss = 0.6926192045211792, dis loss = 1.007685661315918, 0:02:42.83
Epoch 684, gen loss = 0.6926698088645935, dis loss = 1.0074386596679688, 0:02:42.78
Epoch 685, gen loss = 0.6927102208137512, dis loss = 1.007521152496338, 0:02:46.31
Epoch 686, gen loss = 0.6925181746482849, dis loss = 1.0079885721206665, 0:02:38.88
Epoch 687, gen loss = 0.6926226019859314, dis loss = 1.007861614227295, 0:02:40.83
Epoch 688, gen loss = 0.692759096622467, dis loss = 1.0071223974227905, 0:02:35.21
Epoch 689, gen loss = 0.6928398609161377, dis loss = 1.0071027278900146, 0:02:43.18
Epoch 690, gen loss = 0.6929881572723389, dis loss = 1.0066605806350708, 0:02:38.04
Epoch 691, gen loss = 0.6930649876594543, dis loss = 1.006608247756958, 0:02:39.98
Epoch 692, gen loss = 0.6930779814720154, dis loss = 1.0065654516220093, 0:02:36.92
Epoch 693, gen loss = 0.6931065917015076, dis loss = 1.0064895153045654, 0:02:41.46
Epoch 694, gen loss = 0.6931179761886597, dis loss = 1.0064839124679565, 0:02:36.63
Epoch 695, gen loss = 0.6931149363517761, dis loss = 1.0064747333526611, 0:02:41.60
Epoch 696, gen loss = 0.6931105256080627, dis loss = 1.0064846277236938, 0:02:38.16
Epoch 697, gen loss = 0.692989706993103, dis loss = 1.006698727607727, 0:02:40.29
Epoch 698, gen loss = 0.6928558349609375, dis loss = 1.007914423942566, 0:02:39.23
Epoch 699, gen loss = 0.6929143071174622, dis loss = 1.0068323612213135, 0:02:44.07

Training time: 4:36:44.70
