Will train the discriminator...
Alpha: 5e-07
Beta: 0.02
Momentum: 0.9
Epochs: 100
Every: 10
Batch: 1
Inputs: assets/res/Arles
	assets/res/Paris
Seed Size: 100
Starting Epoch: 100
Epoch 100, gen loss = 0.6913132071495056, dis loss = 1.009892463684082, 0:02:36.54
Epoch 101, gen loss = 0.6916515231132507, dis loss = 1.0095824003219604, 0:02:25.11
Epoch 102, gen loss = 0.691761314868927, dis loss = 1.0091750621795654, 0:02:24.79
Epoch 103, gen loss = 0.691818118095398, dis loss = 1.0089190006256104, 0:02:25.80
Epoch 104, gen loss = 0.6919905543327332, dis loss = 1.0086846351623535, 0:02:27.57
Epoch 105, gen loss = 0.6918314099311829, dis loss = 1.0089188814163208, 0:02:25.72
Epoch 106, gen loss = 0.6917202472686768, dis loss = 1.0091768503189087, 0:02:23.72
Epoch 107, gen loss = 0.6915396451950073, dis loss = 1.0094804763793945, 0:02:29.48
Epoch 108, gen loss = 0.6914716958999634, dis loss = 1.0097988843917847, 0:02:26.25
Epoch 109, gen loss = 0.6912373900413513, dis loss = 1.0101321935653687, 0:02:29.58
Epoch 110, gen loss = 0.690948486328125, dis loss = 1.0109844207763672, 0:02:28.33
Epoch 111, gen loss = 0.6909219026565552, dis loss = 1.0111420154571533, 0:02:27.31
Epoch 112, gen loss = 0.6910403966903687, dis loss = 1.0103325843811035, 0:02:27.90
Epoch 113, gen loss = 0.6910037994384766, dis loss = 1.0110132694244385, 0:02:27.89
Epoch 114, gen loss = 0.6907414197921753, dis loss = 1.0114141702651978, 0:02:27.20
Epoch 115, gen loss = 0.6909573078155518, dis loss = 1.0109425783157349, 0:02:29.16
Epoch 116, gen loss = 0.6904586553573608, dis loss = 1.0122835636138916, 0:02:28.19
Epoch 117, gen loss = 0.6909705400466919, dis loss = 1.0108238458633423, 0:02:28.70
Epoch 118, gen loss = 0.6908844113349915, dis loss = 1.0115925073623657, 0:02:28.10
Epoch 119, gen loss = 0.691146194934845, dis loss = 1.0111113786697388, 0:02:27.30
Epoch 120, gen loss = 0.6909674406051636, dis loss = 1.011056900024414, 0:02:28.85
Epoch 121, gen loss = 0.6912505626678467, dis loss = 1.0108895301818848, 0:02:26.75
Epoch 122, gen loss = 0.6911002397537231, dis loss = 1.0110621452331543, 0:02:29.75
Epoch 123, gen loss = 0.691287100315094, dis loss = 1.0105464458465576, 0:02:26.74
Epoch 124, gen loss = 0.6914628744125366, dis loss = 1.010303258895874, 0:02:30.11
Epoch 125, gen loss = 0.6910930871963501, dis loss = 1.0109000205993652, 0:02:28.56
Epoch 126, gen loss = 0.6914296746253967, dis loss = 1.0100934505462646, 0:02:29.31
Epoch 127, gen loss = 0.6914957165718079, dis loss = 1.0100035667419434, 0:02:26.90
Epoch 128, gen loss = 0.6917802691459656, dis loss = 1.0092867612838745, 0:02:28.56
Epoch 129, gen loss = 0.6919007301330566, dis loss = 1.009108066558838, 0:02:27.49
Epoch 130, gen loss = 0.6916457414627075, dis loss = 1.0096402168273926, 0:02:30.05
Epoch 131, gen loss = 0.6917962431907654, dis loss = 1.0092461109161377, 0:02:26.28
Epoch 132, gen loss = 0.6918428540229797, dis loss = 1.0092105865478516, 0:02:28.12
Epoch 133, gen loss = 0.6919007897377014, dis loss = 1.0089991092681885, 0:02:27.57
Epoch 134, gen loss = 0.6919842958450317, dis loss = 1.0088573694229126, 0:02:28.53
Epoch 135, gen loss = 0.692034125328064, dis loss = 1.0088306665420532, 0:02:28.59
Epoch 136, gen loss = 0.6921959519386292, dis loss = 1.0083558559417725, 0:02:27.09
Epoch 137, gen loss = 0.6921456456184387, dis loss = 1.008461594581604, 0:02:28.24
Epoch 138, gen loss = 0.6922542452812195, dis loss = 1.0083600282669067, 0:02:28.71
Epoch 139, gen loss = 0.6922065019607544, dis loss = 1.0083134174346924, 0:02:36.28
Epoch 140, gen loss = 0.6923654675483704, dis loss = 1.0080361366271973, 0:02:28.61
Epoch 141, gen loss = 0.6922181844711304, dis loss = 1.0084809064865112, 0:02:30.05
Epoch 142, gen loss = 0.6919602155685425, dis loss = 1.0089811086654663, 0:02:28.33
Epoch 143, gen loss = 0.6920940279960632, dis loss = 1.008664608001709, 0:02:32.27
Epoch 144, gen loss = 0.6922775506973267, dis loss = 1.0081735849380493, 0:02:23.62
Epoch 145, gen loss = 0.6921071410179138, dis loss = 1.0085338354110718, 0:02:29.63
Epoch 146, gen loss = 0.6922007203102112, dis loss = 1.0084595680236816, 0:02:27.39
Epoch 147, gen loss = 0.6924254298210144, dis loss = 1.008109211921692, 0:02:29.40
Epoch 148, gen loss = 0.6925280094146729, dis loss = 1.0076178312301636, 0:02:28.67
Epoch 149, gen loss = 0.6927169561386108, dis loss = 1.0073009729385376, 0:02:26.86
Epoch 150, gen loss = 0.6926926374435425, dis loss = 1.0073096752166748, 0:02:28.81
Epoch 151, gen loss = 0.6927430629730225, dis loss = 1.0073001384735107, 0:02:28.26
Epoch 152, gen loss = 0.6927965879440308, dis loss = 1.0070958137512207, 0:02:29.61
Epoch 153, gen loss = 0.6926767230033875, dis loss = 1.0075024366378784, 0:02:28.56
Epoch 154, gen loss = 0.692725419998169, dis loss = 1.0072178840637207, 0:02:28.13
Epoch 155, gen loss = 0.6925494074821472, dis loss = 1.0075827836990356, 0:02:28.30
Epoch 156, gen loss = 0.6925053000450134, dis loss = 1.0082197189331055, 0:02:29.26
Epoch 157, gen loss = 0.6925643682479858, dis loss = 1.007593035697937, 0:02:27.67
Epoch 158, gen loss = 0.6926323175430298, dis loss = 1.00748872756958, 0:02:29.18
Epoch 159, gen loss = 0.6926240921020508, dis loss = 1.0075498819351196, 0:02:27.96
Epoch 160, gen loss = 0.6925345063209534, dis loss = 1.0078203678131104, 0:02:28.20
Epoch 161, gen loss = 0.6926616430282593, dis loss = 1.0072801113128662, 0:02:28.83
Epoch 162, gen loss = 0.6926892995834351, dis loss = 1.00740647315979, 0:02:28.82
Epoch 163, gen loss = 0.692488968372345, dis loss = 1.0076597929000854, 0:02:28.72
Epoch 164, gen loss = 0.6924930214881897, dis loss = 1.007719874382019, 0:02:27.89
Epoch 165, gen loss = 0.6923967599868774, dis loss = 1.0079364776611328, 0:02:29.16
Epoch 166, gen loss = 0.692451000213623, dis loss = 1.00777006149292, 0:02:27.14
Epoch 167, gen loss = 0.6925279498100281, dis loss = 1.007688045501709, 0:02:29.05
Epoch 168, gen loss = 0.6923039555549622, dis loss = 1.0081708431243896, 0:02:27.69
Epoch 169, gen loss = 0.6923500895500183, dis loss = 1.0081034898757935, 0:02:29.39
Epoch 170, gen loss = 0.6923335790634155, dis loss = 1.008752703666687, 0:02:27.61
Epoch 171, gen loss = 0.6924540400505066, dis loss = 1.0077519416809082, 0:02:27.94
Epoch 172, gen loss = 0.6924786567687988, dis loss = 1.007845163345337, 0:02:28.37
Epoch 173, gen loss = 0.6924911737442017, dis loss = 1.0079103708267212, 0:02:29.99
Epoch 174, gen loss = 0.6924050450325012, dis loss = 1.0081160068511963, 0:02:28.61
Epoch 175, gen loss = 0.6926733255386353, dis loss = 1.0074137449264526, 0:02:28.13
Epoch 176, gen loss = 0.6924625635147095, dis loss = 1.007997989654541, 0:02:29.47
Epoch 177, gen loss = 0.6925815939903259, dis loss = 1.0076053142547607, 0:02:28.14
Epoch 178, gen loss = 0.6924712061882019, dis loss = 1.008498191833496, 0:02:31.40
Epoch 179, gen loss = 0.6923809051513672, dis loss = 1.0079567432403564, 0:02:27.32
Epoch 180, gen loss = 0.6924741268157959, dis loss = 1.0083308219909668, 0:02:28.90
Epoch 181, gen loss = 0.6924338340759277, dis loss = 1.0078680515289307, 0:02:27.02
Epoch 182, gen loss = 0.6923414468765259, dis loss = 1.008138656616211, 0:02:29.52
Epoch 183, gen loss = 0.6926309466362, dis loss = 1.0082471370697021, 0:02:27.57
Epoch 184, gen loss = 0.6925504207611084, dis loss = 1.0082159042358398, 0:02:29.44
Epoch 185, gen loss = 0.6924326419830322, dis loss = 1.0079153776168823, 0:02:27.28
Epoch 186, gen loss = 0.6926721334457397, dis loss = 1.0074570178985596, 0:02:29.29
Epoch 187, gen loss = 0.6926559805870056, dis loss = 1.0076310634613037, 0:02:27.62
Epoch 188, gen loss = 0.6926565766334534, dis loss = 1.0078243017196655, 0:02:29.20
Epoch 189, gen loss = 0.6926474571228027, dis loss = 1.007820725440979, 0:02:27.24
Epoch 190, gen loss = 0.6924543976783752, dis loss = 1.0079765319824219, 0:02:29.90
Epoch 191, gen loss = 0.692623496055603, dis loss = 1.007791519165039, 0:02:31.86
Epoch 192, gen loss = 0.6924780607223511, dis loss = 1.008172631263733, 0:02:29.86
Epoch 193, gen loss = 0.6925062537193298, dis loss = 1.0077461004257202, 0:02:30.20
Epoch 194, gen loss = 0.6925127506256104, dis loss = 1.0079858303070068, 0:02:31.22
Epoch 195, gen loss = 0.6926724314689636, dis loss = 1.0075883865356445, 0:02:33.53
Epoch 196, gen loss = 0.6927733421325684, dis loss = 1.008041262626648, 0:02:49.56
Epoch 197, gen loss = 0.6925756335258484, dis loss = 1.0083656311035156, 0:02:52.45
Epoch 198, gen loss = 0.6927120089530945, dis loss = 1.0073555707931519, 0:02:50.99
Epoch 199, gen loss = 0.6924809813499451, dis loss = 1.0080212354660034, 0:02:55.40

Training time: 4:09:11.89
