Will train the discriminator...
Alpha: 5e-07
Beta: 0.02
Momentum: 0.9
Epochs: 50
Every: 10
Batch: 1
Inputs: assets/res/Arles
	assets/res/Paris
Seed Size: 100
Starting Epoch: 800
Epoch 800, gen loss = 0.6929000616073608, dis loss = 1.0071483850479126, 0:03:00.85
Epoch 801, gen loss = 0.6925543546676636, dis loss = 1.0076017379760742, 0:02:45.51
Epoch 802, gen loss = 0.6929277181625366, dis loss = 1.0069913864135742, 0:02:46.21
Epoch 803, gen loss = 0.6929555535316467, dis loss = 1.0067710876464844, 0:02:47.23
Epoch 804, gen loss = 0.6929605603218079, dis loss = 1.0069961547851562, 0:02:44.75
Epoch 805, gen loss = 0.6930364966392517, dis loss = 1.0066171884536743, 0:02:47.82
Epoch 806, gen loss = 0.6930965185165405, dis loss = 1.0065157413482666, 0:02:45.59
Epoch 807, gen loss = 0.693093478679657, dis loss = 1.006527304649353, 0:02:49.05
Epoch 808, gen loss = 0.6931069493293762, dis loss = 1.0065125226974487, 0:02:46.78
Epoch 809, gen loss = 0.6930764317512512, dis loss = 1.006606101989746, 0:02:47.93
Epoch 810, gen loss = 0.6930537819862366, dis loss = 1.0065513849258423, 0:02:45.12
Epoch 811, gen loss = 0.6928285360336304, dis loss = 1.0069985389709473, 0:02:47.83
Epoch 812, gen loss = 0.692301869392395, dis loss = 1.0080974102020264, 0:02:47.13
Epoch 813, gen loss = 0.6925138235092163, dis loss = 1.0077415704727173, 0:02:45.24
Epoch 814, gen loss = 0.6922209858894348, dis loss = 1.0081790685653687, 0:02:45.66
Epoch 815, gen loss = 0.6924571394920349, dis loss = 1.008558988571167, 0:02:46.72
Epoch 816, gen loss = 0.6926581263542175, dis loss = 1.0076993703842163, 0:02:46.11
Epoch 817, gen loss = 0.6915292739868164, dis loss = 1.0099716186523438, 0:02:46.42
Epoch 818, gen loss = 0.6922293901443481, dis loss = 1.0082367658615112, 0:02:46.42
Epoch 819, gen loss = 0.6923182606697083, dis loss = 1.0079638957977295, 0:02:44.84
Epoch 820, gen loss = 0.6924311518669128, dis loss = 1.007874846458435, 0:02:48.68
Epoch 821, gen loss = 0.691036581993103, dis loss = 1.010159969329834, 0:02:45.72
Epoch 822, gen loss = 0.6921469569206238, dis loss = 1.0088164806365967, 0:02:48.26
Epoch 823, gen loss = 0.6927403807640076, dis loss = 1.007271647453308, 0:02:44.56
Epoch 824, gen loss = 0.6928236484527588, dis loss = 1.0070065259933472, 0:02:47.85
Epoch 825, gen loss = 0.6927857995033264, dis loss = 1.0072110891342163, 0:02:46.24
Epoch 826, gen loss = 0.6920678615570068, dis loss = 1.0091729164123535, 0:02:49.36
Epoch 827, gen loss = 0.6919475197792053, dis loss = 1.0092053413391113, 0:02:45.22
Epoch 828, gen loss = 0.6924550533294678, dis loss = 1.0085036754608154, 0:02:48.69
Epoch 829, gen loss = 0.6923370361328125, dis loss = 1.0088070631027222, 0:02:45.64
Epoch 830, gen loss = 0.6924537420272827, dis loss = 1.008540391921997, 0:02:47.40
Epoch 831, gen loss = 0.6922339797019958, dis loss = 1.0085747241973877, 0:02:44.13
Epoch 832, gen loss = 0.6917020082473755, dis loss = 1.0099819898605347, 0:02:48.46
Epoch 833, gen loss = 0.6915624737739563, dis loss = 1.0103336572647095, 0:02:47.38
Epoch 834, gen loss = 0.6918835639953613, dis loss = 1.0100847482681274, 0:02:47.62
Epoch 835, gen loss = 0.6919498443603516, dis loss = 1.0097548961639404, 0:02:45.50
Epoch 836, gen loss = 0.6917399764060974, dis loss = 1.0107030868530273, 0:02:46.68
Epoch 837, gen loss = 0.6920225024223328, dis loss = 1.0108438730239868, 0:02:47.48
Epoch 838, gen loss = 0.6921863555908203, dis loss = 1.009907603263855, 0:02:45.59
Epoch 839, gen loss = 0.6925223469734192, dis loss = 1.0086455345153809, 0:02:46.47
Epoch 840, gen loss = 0.6925408840179443, dis loss = 1.0084621906280518, 0:02:44.92
Epoch 841, gen loss = 0.6928136944770813, dis loss = 1.0078463554382324, 0:02:49.31
Epoch 842, gen loss = 0.692707896232605, dis loss = 1.0078154802322388, 0:02:44.90
Epoch 843, gen loss = 0.6927340030670166, dis loss = 1.007920742034912, 0:02:48.76
Epoch 844, gen loss = 0.692540168762207, dis loss = 1.0082074403762817, 0:02:44.91
Epoch 845, gen loss = 0.6912078261375427, dis loss = 1.0125112533569336, 0:02:47.70
Epoch 846, gen loss = 0.6926366686820984, dis loss = 1.007926344871521, 0:02:46.90
Epoch 847, gen loss = 0.6926838159561157, dis loss = 1.007526159286499, 0:02:47.80
Epoch 848, gen loss = 0.6926509141921997, dis loss = 1.0085251331329346, 0:02:46.37
Epoch 849, gen loss = 0.6923947334289551, dis loss = 1.0083327293395996, 0:02:51.94

Training time: 2:19:16.15
