Will train the discriminator...
Alpha: 5e-07
Beta: 0.02
Momentum: 0.9
Epochs: 100
Every: 10
Batch: 1
Inputs: assets/res/Arles
	assets/res/Paris
Seed Size: 100
Starting Epoch: 0
Epoch 0, gen loss = 0.4694761633872986, dis loss = 1.451222538948059, 0:01:16.76
Epoch 1, gen loss = 0.4968423843383789, dis loss = 1.4109280109405518, 0:01:13.09
Epoch 2, gen loss = 0.5221306085586548, dis loss = 1.3680307865142822, 0:01:16.28
Epoch 3, gen loss = 0.53275465965271, dis loss = 1.3511784076690674, 0:01:13.35
Epoch 4, gen loss = 0.5523486137390137, dis loss = 1.3230361938476562, 0:01:13.15
Epoch 5, gen loss = 0.5612465143203735, dis loss = 1.3124058246612549, 0:01:13.11
Epoch 6, gen loss = 0.5734477043151855, dis loss = 1.2950396537780762, 0:01:16.40
Epoch 7, gen loss = 0.5867030024528503, dis loss = 1.270461082458496, 0:01:12.98
Epoch 8, gen loss = 0.590561032295227, dis loss = 1.2648777961730957, 0:01:13.03
Epoch 9, gen loss = 0.5971022844314575, dis loss = 1.2484076023101807, 0:01:12.96
Epoch 10, gen loss = 0.6056897640228271, dis loss = 1.2375701665878296, 0:01:13.07
Epoch 11, gen loss = 0.6117451786994934, dis loss = 1.2198596000671387, 0:01:14.96
Epoch 12, gen loss = 0.6150268912315369, dis loss = 1.2072302103042603, 0:01:13.12
Epoch 13, gen loss = 0.6243031620979309, dis loss = 1.1900982856750488, 0:01:13.27
Epoch 14, gen loss = 0.6260656714439392, dis loss = 1.18130624294281, 0:01:13.14
Epoch 15, gen loss = 0.6233349442481995, dis loss = 1.1822013854980469, 0:01:16.17
Epoch 16, gen loss = 0.6237379908561707, dis loss = 1.1758995056152344, 0:01:13.04
Epoch 17, gen loss = 0.6197073459625244, dis loss = 1.178708553314209, 0:01:13.08
Epoch 18, gen loss = 0.6206880807876587, dis loss = 1.1769887208938599, 0:01:12.95
Epoch 19, gen loss = 0.6235207319259644, dis loss = 1.172481656074524, 0:01:15.79
Epoch 20, gen loss = 0.6237368583679199, dis loss = 1.1693941354751587, 0:01:12.96
Epoch 21, gen loss = 0.6247786283493042, dis loss = 1.1661264896392822, 0:01:12.80
Epoch 22, gen loss = 0.6282404661178589, dis loss = 1.158310055732727, 0:01:12.91
Epoch 23, gen loss = 0.629658579826355, dis loss = 1.1525559425354004, 0:01:13.55
Epoch 24, gen loss = 0.6260926723480225, dis loss = 1.1558446884155273, 0:01:15.04
Epoch 25, gen loss = 0.624199628829956, dis loss = 1.1634422540664673, 0:01:12.92
Epoch 26, gen loss = 0.6188335418701172, dis loss = 1.1664462089538574, 0:01:12.90
Epoch 27, gen loss = 0.6192156076431274, dis loss = 1.1677738428115845, 0:01:13.64
Epoch 28, gen loss = 0.6156688332557678, dis loss = 1.174523949623108, 0:01:14.11
Epoch 29, gen loss = 0.6073687076568604, dis loss = 1.1959525346755981, 0:01:12.95
Epoch 30, gen loss = 0.6135027408599854, dis loss = 1.189226746559143, 0:01:12.93
Epoch 31, gen loss = 0.6243606805801392, dis loss = 1.1767221689224243, 0:01:13.96
Epoch 32, gen loss = 0.6363508701324463, dis loss = 1.1615363359451294, 0:01:15.31
Epoch 33, gen loss = 0.6427291631698608, dis loss = 1.1454471349716187, 0:01:13.08
Epoch 34, gen loss = 0.6462231874465942, dis loss = 1.1334682703018188, 0:01:12.96
Epoch 35, gen loss = 0.6466569900512695, dis loss = 1.1297985315322876, 0:01:12.99
Epoch 36, gen loss = 0.6494570970535278, dis loss = 1.1195577383041382, 0:01:13.80
Epoch 37, gen loss = 0.6473258137702942, dis loss = 1.1189017295837402, 0:01:15.41
Epoch 38, gen loss = 0.6555578112602234, dis loss = 1.1054216623306274, 0:01:13.12
Epoch 39, gen loss = 0.6548296213150024, dis loss = 1.101952314376831, 0:01:13.18
Epoch 40, gen loss = 0.6581980586051941, dis loss = 1.093834638595581, 0:01:13.77
Epoch 41, gen loss = 0.6590619087219238, dis loss = 1.088110327720642, 0:01:15.37
Epoch 42, gen loss = 0.6613117456436157, dis loss = 1.0841280221939087, 0:01:13.20
Epoch 43, gen loss = 0.6652663946151733, dis loss = 1.074336290359497, 0:01:13.27
Epoch 44, gen loss = 0.6697086095809937, dis loss = 1.067141056060791, 0:01:14.02
Epoch 45, gen loss = 0.6721547245979309, dis loss = 1.059877634048462, 0:01:14.38
Epoch 46, gen loss = 0.6752319931983948, dis loss = 1.0528634786605835, 0:01:13.25
Epoch 47, gen loss = 0.6751407980918884, dis loss = 1.050150752067566, 0:01:13.09
Epoch 48, gen loss = 0.6760520935058594, dis loss = 1.0479209423065186, 0:01:13.96
Epoch 49, gen loss = 0.6772211790084839, dis loss = 1.043858289718628, 0:01:13.15
Epoch 50, gen loss = 0.6736055612564087, dis loss = 1.0499131679534912, 0:01:15.50
Epoch 51, gen loss = 0.6633247137069702, dis loss = 1.06917142868042, 0:01:13.26
Epoch 52, gen loss = 0.6656535863876343, dis loss = 1.0709238052368164, 0:01:13.93
Epoch 53, gen loss = 0.6745997667312622, dis loss = 1.0549721717834473, 0:01:13.36
Epoch 54, gen loss = 0.6772167086601257, dis loss = 1.044992446899414, 0:01:15.55
Epoch 55, gen loss = 0.6785922646522522, dis loss = 1.0406088829040527, 0:01:13.36
Epoch 56, gen loss = 0.6785941123962402, dis loss = 1.0398151874542236, 0:01:14.06
Epoch 57, gen loss = 0.6739801168441772, dis loss = 1.0481115579605103, 0:01:13.23
Epoch 58, gen loss = 0.6723079681396484, dis loss = 1.0534448623657227, 0:01:15.21
Epoch 59, gen loss = 0.6775954365730286, dis loss = 1.0446240901947021, 0:01:13.61
Epoch 60, gen loss = 0.6791630387306213, dis loss = 1.0397428274154663, 0:01:13.29
Epoch 61, gen loss = 0.6823168992996216, dis loss = 1.0321978330612183, 0:01:13.96
Epoch 62, gen loss = 0.6830180883407593, dis loss = 1.028598666191101, 0:01:13.30
Epoch 63, gen loss = 0.68264240026474, dis loss = 1.029615044593811, 0:01:14.36
Epoch 64, gen loss = 0.6814423203468323, dis loss = 1.0314253568649292, 0:01:13.29
Epoch 65, gen loss = 0.6817830204963684, dis loss = 1.0303549766540527, 0:01:13.99
Epoch 66, gen loss = 0.6837961673736572, dis loss = 1.0290285348892212, 0:01:13.33
Epoch 67, gen loss = 0.6856727600097656, dis loss = 1.024572491645813, 0:01:15.50
Epoch 68, gen loss = 0.6856493353843689, dis loss = 1.0222753286361694, 0:01:13.14
Epoch 69, gen loss = 0.6874762773513794, dis loss = 1.02022123336792, 0:01:13.94
Epoch 70, gen loss = 0.6871553659439087, dis loss = 1.0200934410095215, 0:01:13.18
Epoch 71, gen loss = 0.6870324611663818, dis loss = 1.0199720859527588, 0:01:15.44
Epoch 72, gen loss = 0.68648761510849, dis loss = 1.0203064680099487, 0:01:13.30
Epoch 73, gen loss = 0.6851539015769958, dis loss = 1.023568034172058, 0:01:13.85
Epoch 74, gen loss = 0.6858877539634705, dis loss = 1.0220699310302734, 0:01:13.03
Epoch 75, gen loss = 0.6856321096420288, dis loss = 1.0214442014694214, 0:01:13.05
Epoch 76, gen loss = 0.6867333650588989, dis loss = 1.020285964012146, 0:01:15.59
Epoch 77, gen loss = 0.6868273019790649, dis loss = 1.0192577838897705, 0:01:14.00
Epoch 78, gen loss = 0.6878538727760315, dis loss = 1.017519474029541, 0:01:13.28
Epoch 79, gen loss = 0.6880876421928406, dis loss = 1.0173965692520142, 0:01:13.11
Epoch 80, gen loss = 0.6887768507003784, dis loss = 1.015056848526001, 0:01:14.38
Epoch 81, gen loss = 0.6892116665840149, dis loss = 1.014607548713684, 0:01:13.97
Epoch 82, gen loss = 0.6888037323951721, dis loss = 1.0147477388381958, 0:01:13.02
Epoch 83, gen loss = 0.6889376640319824, dis loss = 1.0150976181030273, 0:01:12.91
Epoch 84, gen loss = 0.6893700361251831, dis loss = 1.014108657836914, 0:01:15.20
Epoch 85, gen loss = 0.6894991397857666, dis loss = 1.0138112306594849, 0:01:13.32
Epoch 86, gen loss = 0.6906669735908508, dis loss = 1.0119318962097168, 0:01:13.33
Epoch 87, gen loss = 0.6906502842903137, dis loss = 1.0113189220428467, 0:01:13.00
Epoch 88, gen loss = 0.6912175416946411, dis loss = 1.0106040239334106, 0:01:12.88
Epoch 89, gen loss = 0.6910714507102966, dis loss = 1.0104304552078247, 0:01:15.10
Epoch 90, gen loss = 0.6908771395683289, dis loss = 1.0107762813568115, 0:01:13.80
Epoch 91, gen loss = 0.6910455822944641, dis loss = 1.0106027126312256, 0:01:12.96
Epoch 92, gen loss = 0.6907616853713989, dis loss = 1.0107179880142212, 0:01:13.03
Epoch 93, gen loss = 0.691238522529602, dis loss = 1.0102037191390991, 0:01:15.22
Epoch 94, gen loss = 0.6911195516586304, dis loss = 1.0103222131729126, 0:01:13.83
Epoch 95, gen loss = 0.6916472315788269, dis loss = 1.009400486946106, 0:01:13.06
Epoch 96, gen loss = 0.6916418671607971, dis loss = 1.0090383291244507, 0:01:12.94
Epoch 97, gen loss = 0.6918675303459167, dis loss = 1.0090056657791138, 0:01:14.14
Epoch 98, gen loss = 0.6916925311088562, dis loss = 1.0090460777282715, 0:01:13.95
Epoch 99, gen loss = 0.6913370490074158, dis loss = 1.0097601413726807, 0:01:12.97

Training time: 2:03:00.77
