Will train the discriminator...
Alpha: 5e-07
Beta: 0.02
Momentum: 0.9
Epochs: 100
Every: 10
Batch: 1
Inputs: assets/res/Arles
	assets/res/Paris
Seed Size: 100
Starting Epoch: 500
Epoch 500, gen loss = 0.6846386194229126, dis loss = 1.032969355583191, 0:03:03.06
Epoch 501, gen loss = 0.6849549412727356, dis loss = 1.0320100784301758, 0:02:57.33
Epoch 502, gen loss = 0.6893667578697205, dis loss = 1.0157570838928223, 0:02:51.76
Epoch 503, gen loss = 0.6846413612365723, dis loss = 1.0408267974853516, 0:02:49.75
Epoch 504, gen loss = 0.6848658919334412, dis loss = 1.041719913482666, 0:02:52.57
Epoch 505, gen loss = 0.680311918258667, dis loss = 1.0599644184112549, 0:02:48.15
Epoch 506, gen loss = 0.6852238774299622, dis loss = 1.036636471748352, 0:02:52.33
Epoch 507, gen loss = 0.6861059069633484, dis loss = 1.0305688381195068, 0:02:47.26
Epoch 508, gen loss = 0.6882041096687317, dis loss = 1.0242114067077637, 0:02:50.72
Epoch 509, gen loss = 0.6892939805984497, dis loss = 1.020613193511963, 0:02:46.20
Epoch 510, gen loss = 0.6883417367935181, dis loss = 1.0252974033355713, 0:02:48.16
Epoch 511, gen loss = 0.6884046792984009, dis loss = 1.0241217613220215, 0:02:46.92
Epoch 512, gen loss = 0.6852391362190247, dis loss = 1.0300406217575073, 0:02:48.13
Epoch 513, gen loss = 0.6826893091201782, dis loss = 1.0438741445541382, 0:02:45.96
Epoch 514, gen loss = 0.6806868314743042, dis loss = 1.0457059144973755, 0:02:46.12
Epoch 515, gen loss = 0.6822407841682434, dis loss = 1.039707899093628, 0:02:44.45
Epoch 516, gen loss = 0.6858440041542053, dis loss = 1.0294350385665894, 0:02:38.55
Epoch 517, gen loss = 0.6890283226966858, dis loss = 1.0203132629394531, 0:02:21.79
Epoch 518, gen loss = 0.6896087527275085, dis loss = 1.0166071653366089, 0:02:27.42
Epoch 519, gen loss = 0.6892096996307373, dis loss = 1.017885684967041, 0:02:26.20
Epoch 520, gen loss = 0.6892943382263184, dis loss = 1.0211611986160278, 0:02:27.30
Epoch 521, gen loss = 0.6887266635894775, dis loss = 1.020857334136963, 0:02:23.73
Epoch 522, gen loss = 0.6898828148841858, dis loss = 1.0183138847351074, 0:02:27.53
Epoch 523, gen loss = 0.6881110072135925, dis loss = 1.0213124752044678, 0:02:22.00
Epoch 524, gen loss = 0.6818937063217163, dis loss = 1.0433591604232788, 0:02:23.89
Epoch 525, gen loss = 0.6859968304634094, dis loss = 1.0421249866485596, 0:02:25.54
Epoch 526, gen loss = 0.6797735095024109, dis loss = 1.054337978363037, 0:02:22.75
Epoch 527, gen loss = 0.6817509531974792, dis loss = 1.0403887033462524, 0:02:24.61
Epoch 528, gen loss = 0.6858363747596741, dis loss = 1.0288835763931274, 0:02:23.66
Epoch 529, gen loss = 0.6867246031761169, dis loss = 1.0240167379379272, 0:02:26.71
Epoch 530, gen loss = 0.6864634156227112, dis loss = 1.0228595733642578, 0:02:23.10
Epoch 531, gen loss = 0.689393937587738, dis loss = 1.0166348218917847, 0:02:25.88
Epoch 532, gen loss = 0.6902928948402405, dis loss = 1.014119267463684, 0:02:23.71
Epoch 533, gen loss = 0.6877308487892151, dis loss = 1.0173901319503784, 0:02:25.26
Epoch 534, gen loss = 0.6884130239486694, dis loss = 1.0207629203796387, 0:02:22.77
Epoch 535, gen loss = 0.6911405920982361, dis loss = 1.0122034549713135, 0:02:23.20
Epoch 536, gen loss = 0.691716194152832, dis loss = 1.0103795528411865, 0:02:26.08
Epoch 537, gen loss = 0.6913951635360718, dis loss = 1.0108699798583984, 0:02:22.65
Epoch 538, gen loss = 0.6893126964569092, dis loss = 1.0159841775894165, 0:02:25.14
Epoch 539, gen loss = 0.6887773871421814, dis loss = 1.0195459127426147, 0:02:24.52
Epoch 540, gen loss = 0.6895378232002258, dis loss = 1.0177419185638428, 0:02:24.91
Epoch 541, gen loss = 0.6903144121170044, dis loss = 1.0141459703445435, 0:02:22.91
Epoch 542, gen loss = 0.690020740032196, dis loss = 1.0157345533370972, 0:02:25.15
Epoch 543, gen loss = 0.6910445094108582, dis loss = 1.013723373413086, 0:02:23.31
Epoch 544, gen loss = 0.6917216777801514, dis loss = 1.0115697383880615, 0:02:24.50
Epoch 545, gen loss = 0.6908496618270874, dis loss = 1.0126608610153198, 0:02:23.16
Epoch 546, gen loss = 0.6905290484428406, dis loss = 1.016378402709961, 0:02:22.44
Epoch 547, gen loss = 0.6910466551780701, dis loss = 1.0136730670928955, 0:02:25.56
Epoch 548, gen loss = 0.6911116242408752, dis loss = 1.0133248567581177, 0:02:22.93
Epoch 549, gen loss = 0.6912059783935547, dis loss = 1.0140492916107178, 0:02:27.56
Epoch 550, gen loss = 0.6915959119796753, dis loss = 1.0119328498840332, 0:02:24.50
Epoch 551, gen loss = 0.6918835639953613, dis loss = 1.0115174055099487, 0:02:50.20
Epoch 552, gen loss = 0.6913495659828186, dis loss = 1.0124083757400513, 0:02:45.89
Epoch 553, gen loss = 0.6913039088249207, dis loss = 1.0137040615081787, 0:02:47.28
Epoch 554, gen loss = 0.6909611821174622, dis loss = 1.0155179500579834, 0:02:46.48
Epoch 555, gen loss = 0.6919020414352417, dis loss = 1.013135552406311, 0:02:48.75
Epoch 556, gen loss = 0.6869756579399109, dis loss = 1.022369384765625, 0:02:45.92
Epoch 557, gen loss = 0.6897315979003906, dis loss = 1.026055097579956, 0:02:49.75
Epoch 558, gen loss = 0.6925143003463745, dis loss = 1.0097335577011108, 0:02:45.70
Epoch 559, gen loss = 0.6928224563598633, dis loss = 1.0070761442184448, 0:02:48.36
Epoch 560, gen loss = 0.6929577589035034, dis loss = 1.006933569908142, 0:02:46.43
Epoch 561, gen loss = 0.6929914951324463, dis loss = 1.0067784786224365, 0:02:49.12
Epoch 562, gen loss = 0.6930405497550964, dis loss = 1.0066171884536743, 0:02:49.30
Epoch 563, gen loss = 0.6930475831031799, dis loss = 1.0067166090011597, 0:02:49.92
Epoch 564, gen loss = 0.6930651068687439, dis loss = 1.0065442323684692, 0:02:49.76
Epoch 565, gen loss = 0.6930888891220093, dis loss = 1.0065455436706543, 0:02:43.68
Epoch 566, gen loss = 0.6930990219116211, dis loss = 1.006512999534607, 0:02:48.82
Epoch 567, gen loss = 0.693101167678833, dis loss = 1.0065040588378906, 0:02:43.33
Epoch 568, gen loss = 0.6931072473526001, dis loss = 1.0064895153045654, 0:02:46.36
Epoch 569, gen loss = 0.6931180357933044, dis loss = 1.0064810514450073, 0:02:37.73
Epoch 570, gen loss = 0.6931115984916687, dis loss = 1.0064960718154907, 0:02:27.87
Epoch 571, gen loss = 0.6931015849113464, dis loss = 1.0065065622329712, 0:02:24.70
Epoch 572, gen loss = 0.693070113658905, dis loss = 1.0065358877182007, 0:02:26.18
Epoch 573, gen loss = 0.6922359466552734, dis loss = 1.0088608264923096, 0:02:25.43
Epoch 574, gen loss = 0.6922262907028198, dis loss = 1.0084517002105713, 0:02:23.76
Epoch 575, gen loss = 0.6916365027427673, dis loss = 1.009848713874817, 0:02:25.73
Epoch 576, gen loss = 0.6910639405250549, dis loss = 1.0138182640075684, 0:02:24.67
Epoch 577, gen loss = 0.6899915933609009, dis loss = 1.0152109861373901, 0:02:23.64
Epoch 578, gen loss = 0.6915059089660645, dis loss = 1.014028549194336, 0:02:23.71
Epoch 579, gen loss = 0.6921975016593933, dis loss = 1.008649468421936, 0:02:25.90
Epoch 580, gen loss = 0.6926480531692505, dis loss = 1.0075143575668335, 0:02:23.64
Epoch 581, gen loss = 0.6927436590194702, dis loss = 1.0071922540664673, 0:02:26.43
Epoch 582, gen loss = 0.6921344995498657, dis loss = 1.008418321609497, 0:02:23.58
Epoch 583, gen loss = 0.6923249959945679, dis loss = 1.0080593824386597, 0:02:23.10
Epoch 584, gen loss = 0.692612886428833, dis loss = 1.0080325603485107, 0:02:26.59
Epoch 585, gen loss = 0.6920499205589294, dis loss = 1.010486125946045, 0:02:34.31
Epoch 586, gen loss = 0.6915413737297058, dis loss = 1.0135726928710938, 0:02:46.07
Epoch 587, gen loss = 0.6921567916870117, dis loss = 1.0122255086898804, 0:02:43.23
Epoch 588, gen loss = 0.691996693611145, dis loss = 1.0105451345443726, 0:02:47.75
Epoch 589, gen loss = 0.6926441788673401, dis loss = 1.0078444480895996, 0:02:44.76
Epoch 590, gen loss = 0.6928828954696655, dis loss = 1.0069379806518555, 0:02:50.34
Epoch 591, gen loss = 0.6929277777671814, dis loss = 1.0069175958633423, 0:02:45.74
Epoch 592, gen loss = 0.6930009722709656, dis loss = 1.0067405700683594, 0:02:48.44
Epoch 593, gen loss = 0.6930254697799683, dis loss = 1.0067028999328613, 0:02:44.52
Epoch 594, gen loss = 0.6930616497993469, dis loss = 1.0066357851028442, 0:02:44.90
Epoch 595, gen loss = 0.6930806636810303, dis loss = 1.0065417289733887, 0:02:47.03
Epoch 596, gen loss = 0.6930779218673706, dis loss = 1.006568193435669, 0:02:45.07
Epoch 597, gen loss = 0.6929935812950134, dis loss = 1.0067009925842285, 0:02:47.01
Epoch 598, gen loss = 0.6929262280464172, dis loss = 1.0071041584014893, 0:02:44.44
Epoch 599, gen loss = 0.6929433345794678, dis loss = 1.0067638158798218, 0:02:48.75

Training time: 4:20:24.18
