Will train the discriminator...
Alpha: 5e-07
Beta: 0.02
Momentum: 0.9
Epochs: 100
Every: 10
Batch: 1
Inputs: assets/res/Arles
	assets/res/Paris
Seed Size: 100
Starting Epoch: 700
Epoch 700, gen loss = 0.6926447153091431, dis loss = 1.0076791048049927, 0:02:22.77
Epoch 701, gen loss = 0.6928757429122925, dis loss = 1.007071614265442, 0:02:01.02
Epoch 702, gen loss = 0.6929500699043274, dis loss = 1.0071474313735962, 0:02:03.11
Epoch 703, gen loss = 0.6930586695671082, dis loss = 1.0066403150558472, 0:02:09.67
Epoch 704, gen loss = 0.69300776720047, dis loss = 1.0067251920700073, 0:02:04.34
Epoch 705, gen loss = 0.6930871605873108, dis loss = 1.0065109729766846, 0:02:15.89
Epoch 706, gen loss = 0.6928215026855469, dis loss = 1.0070832967758179, 0:02:06.93
Epoch 707, gen loss = 0.6927306056022644, dis loss = 1.0072678327560425, 0:02:05.07
Epoch 708, gen loss = 0.6926075220108032, dis loss = 1.0081061124801636, 0:02:15.19
Epoch 709, gen loss = 0.6923771500587463, dis loss = 1.0079728364944458, 0:02:05.42
Epoch 710, gen loss = 0.6922474503517151, dis loss = 1.008716344833374, 0:01:56.65
Epoch 711, gen loss = 0.6926754713058472, dis loss = 1.0075799226760864, 0:01:47.18
Epoch 712, gen loss = 0.6928555369377136, dis loss = 1.0070058107376099, 0:01:45.72
Epoch 713, gen loss = 0.6929739713668823, dis loss = 1.006795883178711, 0:01:49.52
Epoch 714, gen loss = 0.6928195953369141, dis loss = 1.0074636936187744, 0:01:45.71
Epoch 715, gen loss = 0.6929622888565063, dis loss = 1.0067641735076904, 0:01:45.04
Epoch 716, gen loss = 0.6927926540374756, dis loss = 1.0074306726455688, 0:01:53.44
Epoch 717, gen loss = 0.6928056478500366, dis loss = 1.0072695016860962, 0:01:45.77
Epoch 718, gen loss = 0.6930376291275024, dis loss = 1.0066722631454468, 0:01:45.29
Epoch 719, gen loss = 0.6928784847259521, dis loss = 1.007002592086792, 0:01:52.59
Epoch 720, gen loss = 0.6928966045379639, dis loss = 1.0069698095321655, 0:01:47.29
Epoch 721, gen loss = 0.6927699446678162, dis loss = 1.0072718858718872, 0:01:47.94
Epoch 722, gen loss = 0.6928572058677673, dis loss = 1.0071954727172852, 0:01:50.54
Epoch 723, gen loss = 0.6928788423538208, dis loss = 1.0071723461151123, 0:01:45.74
Epoch 724, gen loss = 0.6930183172225952, dis loss = 1.0066633224487305, 0:01:47.51
Epoch 725, gen loss = 0.6930344700813293, dis loss = 1.006635069847107, 0:01:48.05
Epoch 726, gen loss = 0.693098783493042, dis loss = 1.00654137134552, 0:01:45.49
Epoch 727, gen loss = 0.6930880546569824, dis loss = 1.0065364837646484, 0:01:48.21
Epoch 728, gen loss = 0.6931043863296509, dis loss = 1.0065028667449951, 0:01:54.83
Epoch 729, gen loss = 0.6930837035179138, dis loss = 1.006582260131836, 0:01:46.42
Epoch 730, gen loss = 0.6931092143058777, dis loss = 1.0064679384231567, 0:01:48.06
Epoch 731, gen loss = 0.6931047439575195, dis loss = 1.006499171257019, 0:01:51.34
Epoch 732, gen loss = 0.6931291818618774, dis loss = 1.0064506530761719, 0:01:45.60
Epoch 733, gen loss = 0.6931135654449463, dis loss = 1.0064860582351685, 0:01:47.06
Epoch 734, gen loss = 0.6931341290473938, dis loss = 1.0064393281936646, 0:01:51.35
Epoch 735, gen loss = 0.6931319832801819, dis loss = 1.0064375400543213, 0:01:46.20
Epoch 736, gen loss = 0.6931354403495789, dis loss = 1.0064364671707153, 0:01:49.24
Epoch 737, gen loss = 0.6931335926055908, dis loss = 1.0064433813095093, 0:01:49.62
Epoch 738, gen loss = 0.6928464770317078, dis loss = 1.0069847106933594, 0:01:47.43
Epoch 739, gen loss = 0.6926717758178711, dis loss = 1.008547306060791, 0:01:46.93
Epoch 740, gen loss = 0.6929560303688049, dis loss = 1.006842851638794, 0:01:49.04
Epoch 741, gen loss = 0.6930351853370667, dis loss = 1.0066497325897217, 0:01:46.85
Epoch 742, gen loss = 0.6931039690971375, dis loss = 1.0065264701843262, 0:01:45.22
Epoch 743, gen loss = 0.6931180357933044, dis loss = 1.0064735412597656, 0:01:51.22
Epoch 744, gen loss = 0.6931186318397522, dis loss = 1.0064730644226074, 0:01:48.90
Epoch 745, gen loss = 0.6931214928627014, dis loss = 1.0064796209335327, 0:01:45.59
Epoch 746, gen loss = 0.6930950284004211, dis loss = 1.006524920463562, 0:01:50.27
Epoch 747, gen loss = 0.6931034922599792, dis loss = 1.0065131187438965, 0:01:47.84
Epoch 748, gen loss = 0.6931138634681702, dis loss = 1.006490707397461, 0:01:46.17
Epoch 749, gen loss = 0.6930781602859497, dis loss = 1.0065746307373047, 0:01:47.99
Epoch 750, gen loss = 0.6930854320526123, dis loss = 1.0065333843231201, 0:01:46.98
Epoch 751, gen loss = 0.6929540038108826, dis loss = 1.006858468055725, 0:01:45.43
Epoch 752, gen loss = 0.6930801272392273, dis loss = 1.0065293312072754, 0:01:50.73
Epoch 753, gen loss = 0.6930374503135681, dis loss = 1.0066454410552979, 0:01:47.81
Epoch 754, gen loss = 0.6931048631668091, dis loss = 1.0065066814422607, 0:01:45.69
Epoch 755, gen loss = 0.6931120157241821, dis loss = 1.0064811706542969, 0:01:51.54
Epoch 756, gen loss = 0.6930533051490784, dis loss = 1.0066050291061401, 0:01:49.24
Epoch 757, gen loss = 0.6930093169212341, dis loss = 1.0066810846328735, 0:01:48.39
Epoch 758, gen loss = 0.6928157806396484, dis loss = 1.0078498125076294, 0:01:54.83
Epoch 759, gen loss = 0.6927033066749573, dis loss = 1.008998990058899, 0:01:48.75
Epoch 760, gen loss = 0.6922988295555115, dis loss = 1.0089901685714722, 0:01:49.08
Epoch 761, gen loss = 0.6926407217979431, dis loss = 1.0084497928619385, 0:01:51.80
Epoch 762, gen loss = 0.6929333806037903, dis loss = 1.0068855285644531, 0:01:47.77
Epoch 763, gen loss = 0.6929890513420105, dis loss = 1.0066813230514526, 0:01:48.92
Epoch 764, gen loss = 0.6930534839630127, dis loss = 1.0066102743148804, 0:01:52.70
Epoch 765, gen loss = 0.6930990815162659, dis loss = 1.0065010786056519, 0:01:46.59
Epoch 766, gen loss = 0.6929747462272644, dis loss = 1.0067952871322632, 0:01:49.70
Epoch 767, gen loss = 0.693059504032135, dis loss = 1.0065913200378418, 0:01:50.44
Epoch 768, gen loss = 0.6930410265922546, dis loss = 1.0065958499908447, 0:01:46.45
Epoch 769, gen loss = 0.6927443146705627, dis loss = 1.0072239637374878, 0:01:49.86
Epoch 770, gen loss = 0.6927661299705505, dis loss = 1.0076631307601929, 0:01:49.49
Epoch 771, gen loss = 0.6928894519805908, dis loss = 1.007650375366211, 0:01:47.13
Epoch 772, gen loss = 0.6928582787513733, dis loss = 1.0073065757751465, 0:01:51.67
Epoch 773, gen loss = 0.6930081248283386, dis loss = 1.0067120790481567, 0:01:46.70
Epoch 774, gen loss = 0.693070650100708, dis loss = 1.0065563917160034, 0:01:48.81
Epoch 775, gen loss = 0.6930670738220215, dis loss = 1.0066304206848145, 0:01:52.73
Epoch 776, gen loss = 0.6931039690971375, dis loss = 1.0064598321914673, 0:01:46.88
Epoch 777, gen loss = 0.6931148767471313, dis loss = 1.0064775943756104, 0:01:46.81
Epoch 778, gen loss = 0.6930990815162659, dis loss = 1.0065187215805054, 0:01:52.84
Epoch 779, gen loss = 0.6930704116821289, dis loss = 1.0065590143203735, 0:01:46.64
Epoch 780, gen loss = 0.6930318474769592, dis loss = 1.0066999197006226, 0:01:46.18
Epoch 781, gen loss = 0.6929765939712524, dis loss = 1.0066672563552856, 0:01:51.96
Epoch 782, gen loss = 0.6930364370346069, dis loss = 1.0066502094268799, 0:01:45.98
Epoch 783, gen loss = 0.6931117177009583, dis loss = 1.006469488143921, 0:01:45.95
Epoch 784, gen loss = 0.6931126713752747, dis loss = 1.0064765214920044, 0:01:49.74
Epoch 785, gen loss = 0.6930629014968872, dis loss = 1.006583333015442, 0:01:45.58
Epoch 786, gen loss = 0.693099856376648, dis loss = 1.0065007209777832, 0:01:46.46
Epoch 787, gen loss = 0.693121075630188, dis loss = 1.0064514875411987, 0:01:54.21
Epoch 788, gen loss = 0.6929775476455688, dis loss = 1.0067697763442993, 0:01:47.69
Epoch 789, gen loss = 0.6927546262741089, dis loss = 1.007181167602539, 0:01:48.34
Epoch 790, gen loss = 0.6930903196334839, dis loss = 1.0065306425094604, 0:01:50.70
Epoch 791, gen loss = 0.6930778622627258, dis loss = 1.006567358970642, 0:01:46.32
Epoch 792, gen loss = 0.69298255443573, dis loss = 1.006777286529541, 0:01:47.90
Epoch 793, gen loss = 0.6930464506149292, dis loss = 1.0065691471099854, 0:01:51.11
Epoch 794, gen loss = 0.692912220954895, dis loss = 1.006986141204834, 0:01:46.95
Epoch 795, gen loss = 0.6930678486824036, dis loss = 1.0065311193466187, 0:01:47.90
Epoch 796, gen loss = 0.6930269002914429, dis loss = 1.0066719055175781, 0:01:49.17
Epoch 797, gen loss = 0.6930871605873108, dis loss = 1.006508469581604, 0:01:46.96
Epoch 798, gen loss = 0.6930837631225586, dis loss = 1.0065646171569824, 0:01:47.62
Epoch 799, gen loss = 0.6929635405540466, dis loss = 1.0068211555480957, 0:01:51.51

Training time: 3:04:24.39
