Will train the discriminator...
Alpha: 5e-07
Beta: 0.02
Momentum: 0.9
Epochs: 100
Every: 10
Batch: 1
Inputs: assets/res/Arles
	assets/res/Paris
Seed Size: 100
Starting Epoch: 400
Epoch 400, gen loss = 0.6923298239707947, dis loss = 1.0093048810958862, 0:01:38.11
Epoch 401, gen loss = 0.6923090219497681, dis loss = 1.0099273920059204, 0:01:24.40
Epoch 402, gen loss = 0.6920956969261169, dis loss = 1.0107717514038086, 0:01:25.80
Epoch 403, gen loss = 0.6924037337303162, dis loss = 1.0087007284164429, 0:01:26.60
Epoch 404, gen loss = 0.6914153099060059, dis loss = 1.012548804283142, 0:01:24.77
Epoch 405, gen loss = 0.6918017864227295, dis loss = 1.0111478567123413, 0:01:24.60
Epoch 406, gen loss = 0.6915693879127502, dis loss = 1.0108109712600708, 0:01:28.60
Epoch 407, gen loss = 0.6923351287841797, dis loss = 1.008876085281372, 0:01:28.73
Epoch 408, gen loss = 0.6923158764839172, dis loss = 1.0091731548309326, 0:01:24.55
Epoch 409, gen loss = 0.691757321357727, dis loss = 1.0105321407318115, 0:01:25.84
Epoch 410, gen loss = 0.6918465495109558, dis loss = 1.0107213258743286, 0:01:24.60
Epoch 411, gen loss = 0.6917911767959595, dis loss = 1.0102710723876953, 0:01:26.67
Epoch 412, gen loss = 0.6916819214820862, dis loss = 1.0107420682907104, 0:01:24.66
Epoch 413, gen loss = 0.6915834546089172, dis loss = 1.0100017786026, 0:01:25.94
Epoch 414, gen loss = 0.6917048096656799, dis loss = 1.0095020532608032, 0:01:27.06
Epoch 415, gen loss = 0.6918540000915527, dis loss = 1.0091772079467773, 0:01:26.63
Epoch 416, gen loss = 0.692257285118103, dis loss = 1.008581280708313, 0:01:26.04
Epoch 417, gen loss = 0.6923186779022217, dis loss = 1.0080324411392212, 0:01:24.66
Epoch 418, gen loss = 0.6923204064369202, dis loss = 1.00833261013031, 0:01:29.55
Epoch 419, gen loss = 0.6921448111534119, dis loss = 1.0092350244522095, 0:01:26.01
Epoch 420, gen loss = 0.6917051672935486, dis loss = 1.011109471321106, 0:01:26.84
Epoch 421, gen loss = 0.6909671425819397, dis loss = 1.012542963027954, 0:01:28.92
Epoch 422, gen loss = 0.6909088492393494, dis loss = 1.0145363807678223, 0:01:33.05
Epoch 423, gen loss = 0.690968930721283, dis loss = 1.0156725645065308, 0:01:26.68
Epoch 424, gen loss = 0.6911303400993347, dis loss = 1.0151822566986084, 0:01:24.57
Epoch 425, gen loss = 0.6914258599281311, dis loss = 1.0120593309402466, 0:01:27.43
Epoch 426, gen loss = 0.6914382576942444, dis loss = 1.0142251253128052, 0:01:25.74
Epoch 427, gen loss = 0.6907138824462891, dis loss = 1.01542329788208, 0:01:25.90
Epoch 428, gen loss = 0.6911527514457703, dis loss = 1.016815423965454, 0:01:24.50
Epoch 429, gen loss = 0.6908354759216309, dis loss = 1.0153541564941406, 0:01:28.46
Epoch 430, gen loss = 0.6911605596542358, dis loss = 1.0148694515228271, 0:01:25.81
Epoch 431, gen loss = 0.6916182637214661, dis loss = 1.0153955221176147, 0:01:25.84
Epoch 432, gen loss = 0.6913608908653259, dis loss = 1.0148333311080933, 0:01:24.65
Epoch 433, gen loss = 0.6918901801109314, dis loss = 1.01534903049469, 0:01:27.43
Epoch 434, gen loss = 0.6909313797950745, dis loss = 1.0164285898208618, 0:01:26.07
Epoch 435, gen loss = 0.6902658939361572, dis loss = 1.023580551147461, 0:01:24.80
Epoch 436, gen loss = 0.6858022809028625, dis loss = 1.0484305620193481, 0:01:27.99
Epoch 437, gen loss = 0.6874469518661499, dis loss = 1.05789053440094, 0:01:25.33
Epoch 438, gen loss = 0.6876968741416931, dis loss = 1.0509974956512451, 0:01:25.82
Epoch 439, gen loss = 0.6882869601249695, dis loss = 1.0418181419372559, 0:01:25.44
Epoch 440, gen loss = 0.6870422959327698, dis loss = 1.0314573049545288, 0:01:27.25
Epoch 441, gen loss = 0.6858102083206177, dis loss = 1.035085678100586, 0:01:25.88
Epoch 442, gen loss = 0.6804482340812683, dis loss = 1.067363977432251, 0:01:24.63
Epoch 443, gen loss = 0.6816433072090149, dis loss = 1.1103945970535278, 0:01:24.50
Epoch 444, gen loss = 0.6820727586746216, dis loss = 1.1243870258331299, 0:01:28.75
Epoch 445, gen loss = 0.6727848649024963, dis loss = 1.1720854043960571, 0:01:25.98
Epoch 446, gen loss = 0.6781781315803528, dis loss = 1.1778647899627686, 0:01:25.25
Epoch 447, gen loss = 0.667937695980072, dis loss = 1.189362645149231, 0:01:25.72
Epoch 448, gen loss = 0.6672907471656799, dis loss = 1.2114198207855225, 0:01:27.59
Epoch 449, gen loss = 0.6715779900550842, dis loss = 1.1529897451400757, 0:01:24.99
Epoch 450, gen loss = 0.6766252517700195, dis loss = 1.0586869716644287, 0:01:25.82
Epoch 451, gen loss = 0.6827492117881775, dis loss = 1.0328691005706787, 0:01:28.63
Epoch 452, gen loss = 0.6839765906333923, dis loss = 1.0255979299545288, 0:01:26.00
Epoch 453, gen loss = 0.6857140064239502, dis loss = 1.0233168601989746, 0:01:24.42
Epoch 454, gen loss = 0.6851277947425842, dis loss = 1.0235098600387573, 0:01:24.69
Epoch 455, gen loss = 0.6826555132865906, dis loss = 1.0270254611968994, 0:01:26.77
Epoch 456, gen loss = 0.6840076446533203, dis loss = 1.029765009880066, 0:01:26.39
Epoch 457, gen loss = 0.6856818199157715, dis loss = 1.0255252122879028, 0:01:24.86
Epoch 458, gen loss = 0.6778598427772522, dis loss = 1.0483150482177734, 0:01:26.16
Epoch 459, gen loss = 0.683487594127655, dis loss = 1.035168170928955, 0:01:29.58
Epoch 460, gen loss = 0.6814912557601929, dis loss = 1.0532094240188599, 0:01:24.56
Epoch 461, gen loss = 0.677309513092041, dis loss = 1.0787869691848755, 0:01:24.50
Epoch 462, gen loss = 0.6784935593605042, dis loss = 1.1355128288269043, 0:01:26.62
Epoch 463, gen loss = 0.6783426403999329, dis loss = 1.1439045667648315, 0:01:25.70
Epoch 464, gen loss = 0.6762468218803406, dis loss = 1.1600792407989502, 0:01:24.43
Epoch 465, gen loss = 0.6731061935424805, dis loss = 1.1795092821121216, 0:01:25.15
Epoch 466, gen loss = 0.6719423532485962, dis loss = 1.190940499305725, 0:01:33.56
Epoch 467, gen loss = 0.6593837738037109, dis loss = 1.254477858543396, 0:01:26.10
Epoch 468, gen loss = 0.6691848039627075, dis loss = 1.2396413087844849, 0:01:24.60
Epoch 469, gen loss = 0.6690153479576111, dis loss = 1.1767241954803467, 0:01:24.66
Epoch 470, gen loss = 0.6714141964912415, dis loss = 1.0852758884429932, 0:01:28.40
Epoch 471, gen loss = 0.6801342964172363, dis loss = 1.051249623298645, 0:01:25.18
Epoch 472, gen loss = 0.6831584572792053, dis loss = 1.038548231124878, 0:01:25.81
Epoch 473, gen loss = 0.6742233037948608, dis loss = 1.0535895824432373, 0:01:30.13
Epoch 474, gen loss = 0.6464653611183167, dis loss = 1.1992443799972534, 0:01:24.68
Epoch 475, gen loss = 0.6726029515266418, dis loss = 1.139024019241333, 0:01:24.57
Epoch 476, gen loss = 0.6673758029937744, dis loss = 1.18537175655365, 0:01:25.06
Epoch 477, gen loss = 0.6744707822799683, dis loss = 1.1309072971343994, 0:01:28.02
Epoch 478, gen loss = 0.6778439879417419, dis loss = 1.1295406818389893, 0:01:26.84
Epoch 479, gen loss = 0.6810533404350281, dis loss = 1.1151819229125977, 0:01:25.71
Epoch 480, gen loss = 0.6783329844474792, dis loss = 1.109754204750061, 0:01:27.23
Epoch 481, gen loss = 0.6784427762031555, dis loss = 1.1008028984069824, 0:01:27.43
Epoch 482, gen loss = 0.6737561225891113, dis loss = 1.0925226211547852, 0:01:26.35
Epoch 483, gen loss = 0.6790733337402344, dis loss = 1.0671511888504028, 0:01:25.14
Epoch 484, gen loss = 0.6629899740219116, dis loss = 1.086112380027771, 0:01:29.59
Epoch 485, gen loss = 0.6451873779296875, dis loss = 1.2517396211624146, 0:01:26.93
Epoch 486, gen loss = 0.6805284023284912, dis loss = 1.23973548412323, 0:01:24.92
Epoch 487, gen loss = 0.6756766438484192, dis loss = 1.1486319303512573, 0:01:24.52
Epoch 488, gen loss = 0.6800448894500732, dis loss = 1.0919909477233887, 0:01:30.89
Epoch 489, gen loss = 0.682755708694458, dis loss = 1.0764961242675781, 0:01:25.72
Epoch 490, gen loss = 0.6830954551696777, dis loss = 1.0688097476959229, 0:01:24.46
Epoch 491, gen loss = 0.6833009123802185, dis loss = 1.0727249383926392, 0:01:27.74
Epoch 492, gen loss = 0.6789140701293945, dis loss = 1.0812596082687378, 0:01:25.83
Epoch 493, gen loss = 0.6804580092430115, dis loss = 1.0901644229888916, 0:01:24.70
Epoch 494, gen loss = 0.6813967823982239, dis loss = 1.0598523616790771, 0:01:24.64
Epoch 495, gen loss = 0.6852008700370789, dis loss = 1.044293999671936, 0:01:30.04
Epoch 496, gen loss = 0.6869276165962219, dis loss = 1.0298715829849243, 0:01:24.47
Epoch 497, gen loss = 0.6860508322715759, dis loss = 1.0317727327346802, 0:01:25.36
Epoch 498, gen loss = 0.6830185055732727, dis loss = 1.0413925647735596, 0:01:28.99
Epoch 499, gen loss = 0.688743531703949, dis loss = 1.023856520652771, 0:01:27.07

Training time: 2:24:08.45
