Will train the discriminator...
Alpha: 5e-07
Beta: 0.02
Momentum: 0.9
Epochs: 100
Every: 10
Batch: 1
Inputs: assets/res/Arles
	assets/res/Paris
Seed Size: 100
Starting Epoch: 1101
Epoch 1101, gen loss = 0.3132625222206116, dis loss = 1.626525640487671, 0:01:31.52
Epoch 1102, gen loss = 0.3132625222206116, dis loss = 1.626525640487671, 0:01:17.95
Epoch 1103, gen loss = 0.3132625222206116, dis loss = 1.626525640487671, 0:01:17.68
Epoch 1104, gen loss = 0.3132625222206116, dis loss = 1.626525640487671, 0:01:17.95
Epoch 1105, gen loss = 0.3132625222206116, dis loss = 1.626525640487671, 0:01:21.72
Epoch 1106, gen loss = 0.3132625222206116, dis loss = 1.626525640487671, 0:01:19.51
Epoch 1107, gen loss = 0.3132625222206116, dis loss = 1.626525640487671, 0:01:19.27
Epoch 1108, gen loss = 0.3132625222206116, dis loss = 1.626525640487671, 0:01:19.63
Epoch 1109, gen loss = 0.3132625222206116, dis loss = 1.626525640487671, 0:01:21.23
Epoch 1110, gen loss = 0.3132625222206116, dis loss = 1.626525640487671, 0:01:19.32
Epoch 1111, gen loss = 0.3132625222206116, dis loss = 1.626525640487671, 0:01:19.02
Epoch 1112, gen loss = 0.3132625222206116, dis loss = 1.626525640487671, 0:01:19.43
Epoch 1113, gen loss = 0.3132625222206116, dis loss = 1.626525640487671, 0:01:21.31
Epoch 1114, gen loss = 0.3132625222206116, dis loss = 1.626525640487671, 0:01:19.12
Epoch 1115, gen loss = 0.3132625222206116, dis loss = 1.626525640487671, 0:01:19.12
Epoch 1116, gen loss = 0.3132625222206116, dis loss = 1.626525640487671, 0:01:19.09
Epoch 1117, gen loss = 0.3132625222206116, dis loss = 1.626525640487671, 0:01:21.46
Epoch 1118, gen loss = 0.3132625222206116, dis loss = 1.626525640487671, 0:01:19.12
Epoch 1119, gen loss = 0.3132625222206116, dis loss = 1.626525640487671, 0:01:18.87
Epoch 1120, gen loss = 0.3132625222206116, dis loss = 1.626525640487671, 0:01:19.25
Epoch 1121, gen loss = 0.3132625222206116, dis loss = 1.626525640487671, 0:01:21.65
Epoch 1122, gen loss = 0.3132625222206116, dis loss = 1.626525640487671, 0:01:19.47
Epoch 1123, gen loss = 0.3132625222206116, dis loss = 1.626525640487671, 0:01:19.45
Epoch 1124, gen loss = 0.3132625222206116, dis loss = 1.626525640487671, 0:01:20.08
Epoch 1125, gen loss = 0.3132625222206116, dis loss = 1.626525640487671, 0:01:20.17
Epoch 1126, gen loss = 0.3132625222206116, dis loss = 1.626525640487671, 0:01:19.14
Epoch 1127, gen loss = 0.3132625222206116, dis loss = 1.626525640487671, 0:01:19.18
Epoch 1128, gen loss = 0.3132625222206116, dis loss = 1.626525640487671, 0:01:19.95
Epoch 1129, gen loss = 0.3132625222206116, dis loss = 1.626525640487671, 0:01:20.98
Epoch 1130, gen loss = 0.3132625222206116, dis loss = 1.626525640487671, 0:01:19.28
Epoch 1131, gen loss = 0.3132625222206116, dis loss = 1.626525640487671, 0:01:19.07
Epoch 1132, gen loss = 0.3132625222206116, dis loss = 1.626525640487671, 0:01:19.70
Epoch 1133, gen loss = 0.3132625222206116, dis loss = 1.626525640487671, 0:01:20.45
Epoch 1134, gen loss = 0.3132625222206116, dis loss = 1.626525640487671, 0:01:16.04
Epoch 1135, gen loss = 0.3132625222206116, dis loss = 1.626525640487671, 0:01:16.41
Epoch 1136, gen loss = 0.3132625222206116, dis loss = 1.626525640487671, 0:01:17.55
Epoch 1137, gen loss = 0.3132625222206116, dis loss = 1.626525640487671, 0:01:19.47
Epoch 1138, gen loss = 0.3132625222206116, dis loss = 1.626525640487671, 0:01:16.81
Epoch 1139, gen loss = 0.3132625222206116, dis loss = 1.626525640487671, 0:01:16.75
Epoch 1140, gen loss = 0.3132625222206116, dis loss = 1.626525640487671, 0:01:17.89
Epoch 1141, gen loss = 0.3132625222206116, dis loss = 1.626525640487671, 0:01:17.67
Epoch 1142, gen loss = 0.3132625222206116, dis loss = 1.626525640487671, 0:01:17.03
Epoch 1143, gen loss = 0.3132625222206116, dis loss = 1.626525640487671, 0:01:16.64
Epoch 1144, gen loss = 0.3132625222206116, dis loss = 1.626525640487671, 0:01:17.51
Epoch 1145, gen loss = 0.3132625222206116, dis loss = 1.626525640487671, 0:01:17.02
Epoch 1146, gen loss = 0.3132625222206116, dis loss = 1.626525640487671, 0:01:18.25
Epoch 1147, gen loss = 0.3132625222206116, dis loss = 1.626525640487671, 0:01:16.44
Epoch 1148, gen loss = 0.3132625222206116, dis loss = 1.626525640487671, 0:01:17.28
Epoch 1149, gen loss = 0.3132625222206116, dis loss = 1.626525640487671, 0:01:16.36
Epoch 1150, gen loss = 0.3132625222206116, dis loss = 1.626525640487671, 0:01:19.19
Epoch 1151, gen loss = 0.3132625222206116, dis loss = 1.626525640487671, 0:01:16.48
Epoch 1152, gen loss = 0.3132625222206116, dis loss = 1.626525640487671, 0:01:17.13
Epoch 1153, gen loss = 0.3132625222206116, dis loss = 1.626525640487671, 0:01:16.51
Epoch 1154, gen loss = 0.3132625222206116, dis loss = 1.626525640487671, 0:01:18.66
Epoch 1155, gen loss = 0.3132625222206116, dis loss = 1.626525640487671, 0:01:16.11
Epoch 1156, gen loss = 0.3132625222206116, dis loss = 1.626525640487671, 0:01:17.48
Epoch 1157, gen loss = 0.3132625222206116, dis loss = 1.626525640487671, 0:01:17.04
Epoch 1158, gen loss = 0.3132625222206116, dis loss = 1.626525640487671, 0:01:18.01
Epoch 1159, gen loss = 0.3132625222206116, dis loss = 1.626525640487671, 0:01:17.09
Epoch 1160, gen loss = 0.3132625222206116, dis loss = 1.626525640487671, 0:01:18.19
Epoch 1161, gen loss = 0.3132625222206116, dis loss = 1.626525640487671, 0:01:17.49
Epoch 1162, gen loss = 0.3132625222206116, dis loss = 1.626525640487671, 0:01:19.37
Epoch 1163, gen loss = 0.3132625222206116, dis loss = 1.626525640487671, 0:01:17.22
Epoch 1164, gen loss = 0.3132625222206116, dis loss = 1.626525640487671, 0:01:18.25
Epoch 1165, gen loss = 0.3132625222206116, dis loss = 1.626525640487671, 0:01:17.28
Epoch 1166, gen loss = 0.3132625222206116, dis loss = 1.626525640487671, 0:01:19.44
Epoch 1167, gen loss = 0.3132625222206116, dis loss = 1.626525640487671, 0:01:18.04
Epoch 1168, gen loss = 0.3132625222206116, dis loss = 1.626525640487671, 0:01:18.15
Epoch 1169, gen loss = 0.3132625222206116, dis loss = 1.626525640487671, 0:01:17.24
Epoch 1170, gen loss = 0.3132625222206116, dis loss = 1.626525640487671, 0:01:19.07
Epoch 1171, gen loss = 0.3132625222206116, dis loss = 1.626525640487671, 0:01:16.81
Epoch 1172, gen loss = 0.3132625222206116, dis loss = 1.626525640487671, 0:01:18.24
Epoch 1173, gen loss = 0.3132625222206116, dis loss = 1.626525640487671, 0:01:16.86
Epoch 1174, gen loss = 0.3132625222206116, dis loss = 1.626525640487671, 0:01:18.58
Epoch 1175, gen loss = 0.3132625222206116, dis loss = 1.626525640487671, 0:01:17.58
Epoch 1176, gen loss = 0.3132625222206116, dis loss = 1.626525640487671, 0:01:17.84
Epoch 1177, gen loss = 0.3132625222206116, dis loss = 1.626525640487671, 0:01:16.95
Epoch 1178, gen loss = 0.3132625222206116, dis loss = 1.626525640487671, 0:01:18.19
Epoch 1179, gen loss = 0.3132625222206116, dis loss = 1.626525640487671, 0:01:18.47
Epoch 1180, gen loss = 0.3132625222206116, dis loss = 1.626525640487671, 0:01:18.34
Epoch 1181, gen loss = 0.3132625222206116, dis loss = 1.626525640487671, 0:01:17.01
Epoch 1182, gen loss = 0.3132625222206116, dis loss = 1.626525640487671, 0:01:17.18
Epoch 1183, gen loss = 0.3132625222206116, dis loss = 1.626525640487671, 0:01:19.70
Epoch 1184, gen loss = 0.3132625222206116, dis loss = 1.626525640487671, 0:01:18.01
Epoch 1185, gen loss = 0.3132625222206116, dis loss = 1.626525640487671, 0:01:16.55
Epoch 1186, gen loss = 0.3132625222206116, dis loss = 1.626525640487671, 0:01:17.20
Epoch 1187, gen loss = 0.3132625222206116, dis loss = 1.626525640487671, 0:01:19.22
Epoch 1188, gen loss = 0.3132625222206116, dis loss = 1.626525640487671, 0:01:17.76
Epoch 1189, gen loss = 0.3132625222206116, dis loss = 1.626525640487671, 0:01:16.57
Epoch 1190, gen loss = 0.3132625222206116, dis loss = 1.626525640487671, 0:01:16.59
Epoch 1191, gen loss = 0.3132625222206116, dis loss = 1.626525640487671, 0:01:18.18
Epoch 1192, gen loss = 0.3132625222206116, dis loss = 1.626525640487671, 0:01:17.50
Epoch 1193, gen loss = 0.3132625222206116, dis loss = 1.626525640487671, 0:01:17.48
Epoch 1194, gen loss = 0.3132625222206116, dis loss = 1.626525640487671, 0:01:17.46
Epoch 1195, gen loss = 0.3132625222206116, dis loss = 1.626525640487671, 0:01:20.39
Epoch 1196, gen loss = 0.3132625222206116, dis loss = 1.626525640487671, 0:01:17.07
Epoch 1197, gen loss = 0.3132625222206116, dis loss = 1.626525640487671, 0:01:17.66
Epoch 1198, gen loss = 0.3132625222206116, dis loss = 1.626525640487671, 0:01:17.61
Epoch 1199, gen loss = 0.3132625222206116, dis loss = 1.626525640487671, 0:01:20.92
Epoch 1200, gen loss = 0.3132625222206116, dis loss = 1.626525640487671, 0:01:21.18
