Will train the discriminator...
Alpha: 5e-07
Beta: 0.02
Momentum: 0.9
Epochs: 100
Every: 10
Batch: 1
Inputs: assets/res/Arles
	assets/res/Paris
Seed Size: 100
Starting Epoch: 1301
Epoch 1301, gen loss = 0.3132625222206116, dis loss = 1.626525640487671, 0:00:34.99
Epoch 1302, gen loss = 0.3132625222206116, dis loss = 1.626525640487671, 0:00:23.92
Epoch 1303, gen loss = 0.3132625222206116, dis loss = 1.626525640487671, 0:00:23.97
Epoch 1304, gen loss = 0.3132625222206116, dis loss = 1.626525640487671, 0:00:25.97
Epoch 1305, gen loss = 0.3132625222206116, dis loss = 1.626525640487671, 0:00:24.40
Epoch 1306, gen loss = 0.3132625222206116, dis loss = 1.626525640487671, 0:00:24.63
Epoch 1307, gen loss = 0.3132625222206116, dis loss = 1.626525640487671, 0:00:24.02
Epoch 1308, gen loss = 0.3132625222206116, dis loss = 1.626525640487671, 0:00:24.31
Epoch 1309, gen loss = 0.3132625222206116, dis loss = 1.626525640487671, 0:00:24.01
Epoch 1310, gen loss = 0.3132625222206116, dis loss = 1.626525640487671, 0:00:24.03
Epoch 1311, gen loss = 0.3132625222206116, dis loss = 1.626525640487671, 0:00:24.37
Epoch 1312, gen loss = 0.3132625222206116, dis loss = 1.626525640487671, 0:00:24.42
Epoch 1313, gen loss = 0.3132625222206116, dis loss = 1.626525640487671, 0:00:24.56
Epoch 1314, gen loss = 0.3132625222206116, dis loss = 1.626525640487671, 0:00:30.33
Epoch 1315, gen loss = 0.3132625222206116, dis loss = 1.626525640487671, 0:00:24.16
Epoch 1316, gen loss = 0.3132625222206116, dis loss = 1.626525640487671, 0:00:24.69
Epoch 1317, gen loss = 0.3132625222206116, dis loss = 1.626525640487671, 0:00:25.57
Epoch 1318, gen loss = 0.3132625222206116, dis loss = 1.626525640487671, 0:00:24.36
Epoch 1319, gen loss = 0.3132625222206116, dis loss = 1.626525640487671, 0:00:24.32
Epoch 1320, gen loss = 0.3132625222206116, dis loss = 1.626525640487671, 0:00:24.43
Epoch 1321, gen loss = 0.3132625222206116, dis loss = 1.626525640487671, 0:00:24.24
Epoch 1322, gen loss = 0.3132625222206116, dis loss = 1.626525640487671, 0:00:24.33
Epoch 1323, gen loss = 0.3132625222206116, dis loss = 1.626525640487671, 0:00:24.27
Epoch 1324, gen loss = 0.3132625222206116, dis loss = 1.626525640487671, 0:00:24.12
Epoch 1325, gen loss = 0.3132625222206116, dis loss = 1.626525640487671, 0:00:24.03
Epoch 1326, gen loss = 0.3132625222206116, dis loss = 1.626525640487671, 0:00:24.33
Epoch 1327, gen loss = 0.3132625222206116, dis loss = 1.626525640487671, 0:00:30.36
Epoch 1328, gen loss = 0.3132625222206116, dis loss = 1.626525640487671, 0:00:23.82
Epoch 1329, gen loss = 0.3132625222206116, dis loss = 1.626525640487671, 0:00:25.84
Epoch 1330, gen loss = 0.3132625222206116, dis loss = 1.626525640487671, 0:00:23.95
Epoch 1331, gen loss = 0.3132625222206116, dis loss = 1.626525640487671, 0:00:23.93
Epoch 1332, gen loss = 0.3132625222206116, dis loss = 1.626525640487671, 0:00:23.81
Epoch 1333, gen loss = 0.3132625222206116, dis loss = 1.626525640487671, 0:00:24.16
Epoch 1334, gen loss = 0.3132625222206116, dis loss = 1.626525640487671, 0:00:23.85
Epoch 1335, gen loss = 0.3132625222206116, dis loss = 1.626525640487671, 0:00:23.97
Epoch 1336, gen loss = 0.3132625222206116, dis loss = 1.626525640487671, 0:00:23.88
Epoch 1337, gen loss = 0.3132625222206116, dis loss = 1.626525640487671, 0:00:23.77
Epoch 1338, gen loss = 0.3132625222206116, dis loss = 1.626525640487671, 0:00:23.61
Epoch 1339, gen loss = 0.3132625222206116, dis loss = 1.626525640487671, 0:00:23.67
Epoch 1340, gen loss = 0.3132625222206116, dis loss = 1.626525640487671, 0:00:27.79
Epoch 1341, gen loss = 0.3132625222206116, dis loss = 1.626525640487671, 0:00:26.14
Epoch 1342, gen loss = 0.3132625222206116, dis loss = 1.626525640487671, 0:00:24.17
Epoch 1343, gen loss = 0.3132625222206116, dis loss = 1.626525640487671, 0:00:23.83
Epoch 1344, gen loss = 0.3132625222206116, dis loss = 1.626525640487671, 0:00:24.06
Epoch 1345, gen loss = 0.3132625222206116, dis loss = 1.626525640487671, 0:00:24.07
Epoch 1346, gen loss = 0.3132625222206116, dis loss = 1.626525640487671, 0:00:23.89
Epoch 1347, gen loss = 0.3132625222206116, dis loss = 1.626525640487671, 0:00:24.22
Epoch 1348, gen loss = 0.3132625222206116, dis loss = 1.626525640487671, 0:00:23.79
Epoch 1349, gen loss = 0.3132625222206116, dis loss = 1.626525640487671, 0:00:24.04
Epoch 1350, gen loss = 0.3132625222206116, dis loss = 1.626525640487671, 0:00:23.99
Epoch 1351, gen loss = 0.3132625222206116, dis loss = 1.626525640487671, 0:00:23.74
Epoch 1352, gen loss = 0.3132625222206116, dis loss = 1.626525640487671, 0:00:24.93
Epoch 1353, gen loss = 0.3132625222206116, dis loss = 1.626525640487671, 0:00:27.56
Epoch 1354, gen loss = 0.3132625222206116, dis loss = 1.626525640487671, 0:00:25.71
Epoch 1355, gen loss = 0.3132625222206116, dis loss = 1.626525640487671, 0:00:23.73
Epoch 1356, gen loss = 0.3132625222206116, dis loss = 1.626525640487671, 0:00:23.59
Epoch 1357, gen loss = 0.3132625222206116, dis loss = 1.626525640487671, 0:00:23.91
Epoch 1358, gen loss = 0.3132625222206116, dis loss = 1.626525640487671, 0:00:23.54
Epoch 1359, gen loss = 0.3132625222206116, dis loss = 1.626525640487671, 0:00:23.91
Epoch 1360, gen loss = 0.3132625222206116, dis loss = 1.626525640487671, 0:00:23.92
Epoch 1361, gen loss = 0.3132625222206116, dis loss = 1.626525640487671, 0:00:24.13
Epoch 1362, gen loss = 0.3132625222206116, dis loss = 1.626525640487671, 0:00:26.12
Epoch 1363, gen loss = 0.3132625222206116, dis loss = 1.626525640487671, 0:00:25.34
Epoch 1364, gen loss = 0.3132625222206116, dis loss = 1.626525640487671, 0:00:25.52
Epoch 1365, gen loss = 0.3132625222206116, dis loss = 1.626525640487671, 0:00:24.42
Epoch 1366, gen loss = 0.3132625222206116, dis loss = 1.626525640487671, 0:00:32.53
Epoch 1367, gen loss = 0.3132625222206116, dis loss = 1.626525640487671, 0:00:23.86
Epoch 1368, gen loss = 0.3132625222206116, dis loss = 1.626525640487671, 0:00:24.90
Epoch 1369, gen loss = 0.3132625222206116, dis loss = 1.626525640487671, 0:00:24.98
Epoch 1370, gen loss = 0.3132625222206116, dis loss = 1.626525640487671, 0:00:25.05
Epoch 1371, gen loss = 0.3132625222206116, dis loss = 1.626525640487671, 0:00:25.03
Epoch 1372, gen loss = 0.3132625222206116, dis loss = 1.626525640487671, 0:00:25.39
Epoch 1373, gen loss = 0.3132625222206116, dis loss = 1.626525640487671, 0:00:25.18
Epoch 1374, gen loss = 0.3132625222206116, dis loss = 1.626525640487671, 0:00:24.21
Epoch 1375, gen loss = 0.3132625222206116, dis loss = 1.626525640487671, 0:00:23.85
Epoch 1376, gen loss = 0.3132625222206116, dis loss = 1.626525640487671, 0:00:23.85
Epoch 1377, gen loss = 0.3132625222206116, dis loss = 1.626525640487671, 0:00:24.11
Epoch 1378, gen loss = 0.3132625222206116, dis loss = 1.626525640487671, 0:00:24.28
Epoch 1379, gen loss = 0.3132625222206116, dis loss = 1.626525640487671, 0:00:30.79
Epoch 1380, gen loss = 0.3132625222206116, dis loss = 1.626525640487671, 0:00:23.61
Epoch 1381, gen loss = 0.3132625222206116, dis loss = 1.626525640487671, 0:00:23.53
Epoch 1382, gen loss = 0.3132625222206116, dis loss = 1.626525640487671, 0:00:23.47
Epoch 1383, gen loss = 0.3132625222206116, dis loss = 1.626525640487671, 0:00:24.42
Epoch 1384, gen loss = 0.3132625222206116, dis loss = 1.626525640487671, 0:00:23.94
Epoch 1385, gen loss = 0.3132625222206116, dis loss = 1.626525640487671, 0:00:23.46
Epoch 1386, gen loss = 0.3132625222206116, dis loss = 1.626525640487671, 0:00:23.96
Epoch 1387, gen loss = 0.3132625222206116, dis loss = 1.626525640487671, 0:00:23.66
Epoch 1388, gen loss = 0.3132625222206116, dis loss = 1.626525640487671, 0:00:23.18
Epoch 1389, gen loss = 0.3132625222206116, dis loss = 1.626525640487671, 0:00:23.41
Epoch 1390, gen loss = 0.3132625222206116, dis loss = 1.626525640487671, 0:00:23.13
Epoch 1391, gen loss = 0.3132625222206116, dis loss = 1.626525640487671, 0:00:24.11
Epoch 1392, gen loss = 0.3132625222206116, dis loss = 1.626525640487671, 0:00:30.00
Epoch 1393, gen loss = 0.3132625222206116, dis loss = 1.626525640487671, 0:00:23.87
Epoch 1394, gen loss = 0.3132625222206116, dis loss = 1.626525640487671, 0:00:23.70
Epoch 1395, gen loss = 0.3132625222206116, dis loss = 1.626525640487671, 0:00:23.50
Epoch 1396, gen loss = 0.3132625222206116, dis loss = 1.626525640487671, 0:00:23.49
Epoch 1397, gen loss = 0.3132625222206116, dis loss = 1.626525640487671, 0:00:23.41
Epoch 1398, gen loss = 0.3132625222206116, dis loss = 1.626525640487671, 0:00:23.89
Epoch 1399, gen loss = 0.3132625222206116, dis loss = 1.626525640487671, 0:00:23.97
Epoch 1400, gen loss = 0.3132625222206116, dis loss = 1.626525640487671, 0:00:24.18

Training time: 0:41:13.52
