Will not train the discriminator...
Alpha: 5e-07
Beta: 0.02
Momentum: 0.9
Epochs: 40
Every: 10
Batch: 1
Inputs: assets/res/Arles
	assets/res/Paris
Starting Epoch: 701
Epoch 701, gen loss = 0.6931459903717041, dis loss = 1.0064088106155396, 0:01:18.09
Epoch 702, gen loss = 0.6931459903717041, dis loss = 1.0064088106155396, 0:01:11.80
Epoch 703, gen loss = 0.6931453347206116, dis loss = 1.0064094066619873, 0:01:08.21
Epoch 704, gen loss = 0.6931451559066772, dis loss = 1.0064095258712769, 0:01:07.57
Epoch 705, gen loss = 0.6924713253974915, dis loss = 1.007187008857727, 0:01:08.38
Epoch 706, gen loss = 0.636667013168335, dis loss = 1.0826843976974487, 0:01:09.91
Epoch 707, gen loss = 0.40723589062690735, dis loss = 1.4471877813339233, 0:01:14.58
Epoch 708, gen loss = 0.33742818236351013, dis loss = 1.5761351585388184, 0:01:09.20
Epoch 709, gen loss = 0.3239211440086365, dis loss = 1.6030173301696777, 0:01:08.39
Epoch 710, gen loss = 0.31866154074668884, dis loss = 1.6146490573883057, 0:01:09.45
Epoch 711, gen loss = 0.3155970275402069, dis loss = 1.6207678318023682, 0:01:09.88
Epoch 712, gen loss = 0.3156129717826843, dis loss = 1.6210929155349731, 0:01:11.13
Epoch 713, gen loss = 0.3154001235961914, dis loss = 1.6211802959442139, 0:01:09.08
Epoch 714, gen loss = 0.31404227018356323, dis loss = 1.6244850158691406, 0:01:08.91
Epoch 715, gen loss = 0.31397703289985657, dis loss = 1.6246910095214844, 0:01:10.07
Epoch 716, gen loss = 0.3136099576950073, dis loss = 1.6255992650985718, 0:01:14.54
Epoch 717, gen loss = 0.3134748339653015, dis loss = 1.6259511709213257, 0:01:09.07
Epoch 718, gen loss = 0.3135262131690979, dis loss = 1.6258125305175781, 0:01:08.75
Epoch 719, gen loss = 0.3137626051902771, dis loss = 1.6252349615097046, 0:01:08.88
Epoch 720, gen loss = 0.3136047124862671, dis loss = 1.6256805658340454, 0:01:08.29
Epoch 721, gen loss = 0.3134080171585083, dis loss = 1.6261342763900757, 0:01:15.18
Epoch 722, gen loss = 0.3133501708507538, dis loss = 1.626287579536438, 0:01:07.94
Epoch 723, gen loss = 0.3134012222290039, dis loss = 1.6261528730392456, 0:01:07.85
Epoch 724, gen loss = 0.31340140104293823, dis loss = 1.6261518001556396, 0:01:07.72
Epoch 725, gen loss = 0.3132942020893097, dis loss = 1.6264387369155884, 0:01:14.61
Epoch 726, gen loss = 0.3133615255355835, dis loss = 1.6262603998184204, 0:01:08.49
Epoch 727, gen loss = 0.31343093514442444, dis loss = 1.6260807514190674, 0:01:09.15
Epoch 728, gen loss = 0.3132859766483307, dis loss = 1.6264612674713135, 0:01:07.21
Epoch 729, gen loss = 0.3132701516151428, dis loss = 1.6265043020248413, 0:01:10.43
Epoch 730, gen loss = 0.31329095363616943, dis loss = 1.6264474391937256, 0:01:11.83
Epoch 731, gen loss = 0.31328848004341125, dis loss = 1.6264550685882568, 0:01:08.41
Epoch 732, gen loss = 0.31327325105667114, dis loss = 1.6264952421188354, 0:01:07.66
Epoch 733, gen loss = 0.3132953345775604, dis loss = 1.6264370679855347, 0:01:08.58
Epoch 734, gen loss = 0.3132816255092621, dis loss = 1.6264735460281372, 0:01:14.25
Epoch 735, gen loss = 0.3132689595222473, dis loss = 1.6265078783035278, 0:01:08.81
Epoch 736, gen loss = 0.3133431077003479, dis loss = 1.6263165473937988, 0:01:07.64
Epoch 737, gen loss = 0.3132669925689697, dis loss = 1.6265133619308472, 0:01:08.34
Epoch 738, gen loss = 0.31328269839286804, dis loss = 1.626470685005188, 0:01:09.39
Epoch 739, gen loss = 0.3132648169994354, dis loss = 1.626518964767456, 0:01:13.63
Epoch 740, gen loss = 0.31326407194137573, dis loss = 1.626521348953247, 0:01:08.73
