Will not train the discriminator...
Alpha: 5e-07
Beta: 0.02
Momentum: 0.9
Epochs: 20
Every: 10
Batch: 1
Inputs: assets/res/Arles
	assets/res/Paris
Starting Epoch: 601
Epoch 601, gen loss = 0.6931459903717041, dis loss = 1.0064088106155396, 0:01:19.79
Epoch 602, gen loss = 0.6931458115577698, dis loss = 1.0064088106155396, 0:01:09.19
Epoch 603, gen loss = 0.692824125289917, dis loss = 1.0067634582519531, 0:01:10.61
Epoch 604, gen loss = 0.6923865675926208, dis loss = 1.007190465927124, 0:01:10.63
Epoch 605, gen loss = 0.541041910648346, dis loss = 1.232136607170105, 0:01:08.85
Epoch 606, gen loss = 0.3332522213459015, dis loss = 1.5816518068313599, 0:01:09.19
Epoch 607, gen loss = 0.32134976983070374, dis loss = 1.6073120832443237, 0:01:09.20
Epoch 608, gen loss = 0.32035478949546814, dis loss = 1.609972357749939, 0:01:13.96
Epoch 609, gen loss = 0.3166714310646057, dis loss = 1.6183688640594482, 0:01:09.08
Epoch 610, gen loss = 0.3158596158027649, dis loss = 1.6201375722885132, 0:01:09.24
Epoch 611, gen loss = 0.31445828080177307, dis loss = 1.623454213142395, 0:01:09.34
Epoch 612, gen loss = 0.31452676653862, dis loss = 1.6233127117156982, 0:01:10.10
Epoch 613, gen loss = 0.3138572573661804, dis loss = 1.6249476671218872, 0:01:17.23
Epoch 614, gen loss = 0.3137510418891907, dis loss = 1.6252275705337524, 0:01:20.24
Epoch 615, gen loss = 0.3138182759284973, dis loss = 1.6250568628311157, 0:01:19.73
Epoch 616, gen loss = 0.31362679600715637, dis loss = 1.6255465745925903, 0:01:20.75
Epoch 617, gen loss = 0.31361624598503113, dis loss = 1.6255849599838257, 0:01:22.19
Epoch 618, gen loss = 0.31338411569595337, dis loss = 1.626193881034851, 0:01:19.99
Epoch 619, gen loss = 0.3134148418903351, dis loss = 1.6261097192764282, 0:01:20.40
Epoch 620, gen loss = 0.3134993016719818, dis loss = 1.6258912086486816, 0:01:20.41
