Will train the discriminator...
Alpha: 5e-07
Beta: 0.02
Momentum: 0.9
Epochs: 25
Every: 10
Batch: 1
Inputs: assets/res/Arles
	assets/res/Paris
Seed Size: 100
Starting Epoch: 250
Epoch 250, gen loss = 0.6928521990776062, dis loss = 1.0074198246002197, 0:02:27.97
Epoch 251, gen loss = 0.6928861141204834, dis loss = 1.0072044134140015, 0:02:28.49
Epoch 252, gen loss = 0.6928895115852356, dis loss = 1.0070894956588745, 0:02:26.23
Epoch 253, gen loss = 0.6929843425750732, dis loss = 1.006729006767273, 0:02:23.77
Epoch 254, gen loss = 0.6928338408470154, dis loss = 1.0080268383026123, 0:02:18.97
Epoch 255, gen loss = 0.6929842233657837, dis loss = 1.0067439079284668, 0:02:18.74
Epoch 256, gen loss = 0.6928314566612244, dis loss = 1.007301926612854, 0:02:19.29
Epoch 257, gen loss = 0.6926875710487366, dis loss = 1.0074067115783691, 0:02:18.91
Epoch 258, gen loss = 0.6929224729537964, dis loss = 1.0075205564498901, 0:02:22.83
Epoch 259, gen loss = 0.692662239074707, dis loss = 1.0073755979537964, 0:02:16.58
Epoch 260, gen loss = 0.6925777792930603, dis loss = 1.007901668548584, 0:02:20.88
Epoch 261, gen loss = 0.6928496956825256, dis loss = 1.0070314407348633, 0:02:18.36
Epoch 262, gen loss = 0.6928663849830627, dis loss = 1.0071574449539185, 0:02:18.35
Epoch 263, gen loss = 0.6929020285606384, dis loss = 1.0070189237594604, 0:02:17.81
Epoch 264, gen loss = 0.6929625868797302, dis loss = 1.0075445175170898, 0:02:12.70
Epoch 265, gen loss = 0.6930022835731506, dis loss = 1.0066685676574707, 0:02:16.01
Epoch 266, gen loss = 0.6928792595863342, dis loss = 1.007519006729126, 0:02:13.93
Epoch 267, gen loss = 0.6928577423095703, dis loss = 1.007311463356018, 0:02:17.68
Epoch 268, gen loss = 0.6927224397659302, dis loss = 1.0076885223388672, 0:02:14.73
Epoch 269, gen loss = 0.6927777528762817, dis loss = 1.0071640014648438, 0:02:15.23
Epoch 270, gen loss = 0.6928566694259644, dis loss = 1.00718092918396, 0:02:15.43
Epoch 271, gen loss = 0.6929476261138916, dis loss = 1.0068615674972534, 0:02:14.82
Epoch 272, gen loss = 0.6928461790084839, dis loss = 1.0070123672485352, 0:02:17.44
Epoch 273, gen loss = 0.6928492784500122, dis loss = 1.0072429180145264, 0:02:15.56
Epoch 274, gen loss = 0.692859947681427, dis loss = 1.0070487260818481, 0:02:17.93

Training time: 0:57:49.99
