Will train the discriminator...
Alpha: 5e-07
Beta: 0.02
Momentum: 0.9
Epochs: 50
Every: 10
Batch: 1
Inputs: assets/res/Arles
	assets/res/Paris
Seed Size: 100
Starting Epoch: 200
Epoch 200, gen loss = 0.6928603053092957, dis loss = 1.0078637599945068, 0:02:23.51
Epoch 201, gen loss = 0.6927898526191711, dis loss = 1.0079814195632935, 0:02:23.59
Epoch 202, gen loss = 0.6926741003990173, dis loss = 1.0074869394302368, 0:02:14.49
Epoch 203, gen loss = 0.6926257014274597, dis loss = 1.0078473091125488, 0:02:11.60
Epoch 204, gen loss = 0.6928510665893555, dis loss = 1.0078270435333252, 0:02:12.20
Epoch 205, gen loss = 0.6927125453948975, dis loss = 1.0075966119766235, 0:02:08.25
Epoch 206, gen loss = 0.6928465366363525, dis loss = 1.0070127248764038, 0:02:12.79
Epoch 207, gen loss = 0.692776083946228, dis loss = 1.0074278116226196, 0:02:09.88
Epoch 208, gen loss = 0.692634105682373, dis loss = 1.0074670314788818, 0:02:14.00
Epoch 209, gen loss = 0.6927832961082458, dis loss = 1.0072906017303467, 0:02:12.47
Epoch 210, gen loss = 0.6927781701087952, dis loss = 1.0079275369644165, 0:02:14.79
Epoch 211, gen loss = 0.6928501129150391, dis loss = 1.0071600675582886, 0:02:16.16
Epoch 212, gen loss = 0.6925901174545288, dis loss = 1.0076148509979248, 0:02:11.40
Epoch 213, gen loss = 0.6927712559700012, dis loss = 1.0076227188110352, 0:02:13.56
Epoch 214, gen loss = 0.6925631761550903, dis loss = 1.0078154802322388, 0:02:11.66
Epoch 215, gen loss = 0.6928200721740723, dis loss = 1.007245659828186, 0:02:14.36
Epoch 216, gen loss = 0.6928373575210571, dis loss = 1.0071463584899902, 0:02:17.39
Epoch 217, gen loss = 0.6925135254859924, dis loss = 1.008734107017517, 0:02:13.66
Epoch 218, gen loss = 0.692855179309845, dis loss = 1.00697660446167, 0:02:13.66
Epoch 219, gen loss = 0.6927502751350403, dis loss = 1.007572889328003, 0:02:10.78
Epoch 220, gen loss = 0.6927303671836853, dis loss = 1.007854700088501, 0:02:14.35
Epoch 221, gen loss = 0.6926601529121399, dis loss = 1.0075604915618896, 0:02:10.73
Epoch 222, gen loss = 0.6928041577339172, dis loss = 1.0077145099639893, 0:02:11.70
Epoch 223, gen loss = 0.6927792429924011, dis loss = 1.0070695877075195, 0:02:12.21
Epoch 224, gen loss = 0.6927687525749207, dis loss = 1.0073579549789429, 0:02:10.05
Epoch 225, gen loss = 0.6928025484085083, dis loss = 1.007689356803894, 0:02:14.63
Epoch 226, gen loss = 0.6928517818450928, dis loss = 1.0070568323135376, 0:02:09.90
Epoch 227, gen loss = 0.6926879286766052, dis loss = 1.0080840587615967, 0:02:11.77
Epoch 228, gen loss = 0.6927947402000427, dis loss = 1.0076498985290527, 0:02:13.33
Epoch 229, gen loss = 0.692942202091217, dis loss = 1.0068309307098389, 0:02:12.76
Epoch 230, gen loss = 0.6928114295005798, dis loss = 1.0074570178985596, 0:02:13.69
Epoch 231, gen loss = 0.6929473876953125, dis loss = 1.0076545476913452, 0:02:13.09
Epoch 232, gen loss = 0.6926478147506714, dis loss = 1.0077836513519287, 0:02:14.31
Epoch 233, gen loss = 0.6928026080131531, dis loss = 1.007095217704773, 0:02:11.59
Epoch 234, gen loss = 0.6928065419197083, dis loss = 1.0072519779205322, 0:02:11.94
Epoch 235, gen loss = 0.692905068397522, dis loss = 1.0070465803146362, 0:02:15.49
Epoch 236, gen loss = 0.6928496956825256, dis loss = 1.007041573524475, 0:02:12.78
Epoch 237, gen loss = 0.6928843855857849, dis loss = 1.0070985555648804, 0:02:15.40
Epoch 238, gen loss = 0.6927117705345154, dis loss = 1.0076044797897339, 0:02:15.94
Epoch 239, gen loss = 0.6929768919944763, dis loss = 1.0067572593688965, 0:02:12.93
Epoch 240, gen loss = 0.692727267742157, dis loss = 1.0074831247329712, 0:02:18.35
Epoch 241, gen loss = 0.6927133202552795, dis loss = 1.0076828002929688, 0:02:12.37
Epoch 242, gen loss = 0.6927836537361145, dis loss = 1.0071487426757812, 0:02:15.45
Epoch 243, gen loss = 0.6928853988647461, dis loss = 1.0074909925460815, 0:02:13.56
Epoch 244, gen loss = 0.6927089691162109, dis loss = 1.008078694343567, 0:02:16.72
Epoch 245, gen loss = 0.6929364800453186, dis loss = 1.0068771839141846, 0:02:14.57
Epoch 246, gen loss = 0.6927287578582764, dis loss = 1.0074373483657837, 0:02:13.25
Epoch 247, gen loss = 0.6929683089256287, dis loss = 1.0068398714065552, 0:02:13.78
Epoch 248, gen loss = 0.6928531527519226, dis loss = 1.0070629119873047, 0:02:11.35
Epoch 249, gen loss = 0.6927715539932251, dis loss = 1.007318377494812, 0:02:14.18

Training time: 1:51:24.16
