Will train the discriminator...
Alpha: 5e-07
Beta: 0.02
Momentum: 0.9
Epochs: 100
Every: 10
Batch: 1
Inputs: assets/res/Arles
	assets/res/Paris
Seed Size: 100
Starting Epoch: 275
Epoch 275, gen loss = 0.6929284334182739, dis loss = 1.007043480873108, 0:01:36.37
Epoch 276, gen loss = 0.6928754448890686, dis loss = 1.0070899724960327, 0:01:29.95
Epoch 277, gen loss = 0.69277024269104, dis loss = 1.0072941780090332, 0:01:32.00
Epoch 278, gen loss = 0.6927833557128906, dis loss = 1.0074094533920288, 0:01:25.40
Epoch 279, gen loss = 0.6929661631584167, dis loss = 1.0073070526123047, 0:01:29.89
Epoch 280, gen loss = 0.6928184628486633, dis loss = 1.0070079565048218, 0:01:33.14
Epoch 281, gen loss = 0.6930004358291626, dis loss = 1.0074448585510254, 0:01:29.52
Epoch 282, gen loss = 0.6927335262298584, dis loss = 1.007481575012207, 0:01:28.61
Epoch 283, gen loss = 0.6927505135536194, dis loss = 1.0074373483657837, 0:01:26.52
Epoch 284, gen loss = 0.692960262298584, dis loss = 1.0075184106826782, 0:01:32.31
Epoch 285, gen loss = 0.6929380893707275, dis loss = 1.0071732997894287, 0:01:25.54
Epoch 286, gen loss = 0.6928314566612244, dis loss = 1.0078431367874146, 0:01:31.12
Epoch 287, gen loss = 0.692957878112793, dis loss = 1.0067867040634155, 0:01:24.40
Epoch 288, gen loss = 0.6928911209106445, dis loss = 1.0070738792419434, 0:01:23.53
Epoch 289, gen loss = 0.692836582660675, dis loss = 1.0071337223052979, 0:01:17.38
Epoch 290, gen loss = 0.6928755044937134, dis loss = 1.0073585510253906, 0:01:19.91
Epoch 291, gen loss = 0.6929648518562317, dis loss = 1.007421612739563, 0:01:19.84
Epoch 292, gen loss = 0.6929747462272644, dis loss = 1.0068144798278809, 0:01:28.86
Epoch 293, gen loss = 0.692460298538208, dis loss = 1.0080056190490723, 0:01:24.79
Epoch 294, gen loss = 0.6928223967552185, dis loss = 1.007355809211731, 0:01:23.56
Epoch 295, gen loss = 0.6928514838218689, dis loss = 1.0071607828140259, 0:01:24.02
Epoch 296, gen loss = 0.6929012537002563, dis loss = 1.0074560642242432, 0:01:23.73
Epoch 297, gen loss = 0.6929083466529846, dis loss = 1.0074050426483154, 0:01:24.34
Epoch 298, gen loss = 0.692908763885498, dis loss = 1.0074278116226196, 0:01:21.65
Epoch 299, gen loss = 0.6927969455718994, dis loss = 1.0073585510253906, 0:01:27.87
Epoch 300, gen loss = 0.6929062604904175, dis loss = 1.0069185495376587, 0:01:21.30
Epoch 301, gen loss = 0.6928160190582275, dis loss = 1.007265329360962, 0:01:23.54
Epoch 302, gen loss = 0.6929870247840881, dis loss = 1.0073952674865723, 0:01:20.97
Epoch 303, gen loss = 0.6929299235343933, dis loss = 1.0068305730819702, 0:01:25.72
Epoch 304, gen loss = 0.6926872730255127, dis loss = 1.00776207447052, 0:01:24.26
Epoch 305, gen loss = 0.6929934620857239, dis loss = 1.0074546337127686, 0:01:20.88
Epoch 306, gen loss = 0.6926038265228271, dis loss = 1.0078513622283936, 0:01:19.70
Epoch 307, gen loss = 0.6927338242530823, dis loss = 1.0073240995407104, 0:01:27.56
Epoch 308, gen loss = 0.6929190158843994, dis loss = 1.0068867206573486, 0:01:24.27
Epoch 309, gen loss = 0.6928409337997437, dis loss = 1.0070921182632446, 0:01:21.01
Epoch 310, gen loss = 0.6929095983505249, dis loss = 1.0069516897201538, 0:01:19.56
Epoch 311, gen loss = 0.692831814289093, dis loss = 1.0070854425430298, 0:01:21.90
Epoch 312, gen loss = 0.6927746534347534, dis loss = 1.0073713064193726, 0:01:22.05
Epoch 313, gen loss = 0.6928317546844482, dis loss = 1.0072247982025146, 0:01:19.10
Epoch 314, gen loss = 0.6927929520606995, dis loss = 1.0071672201156616, 0:01:18.98
Epoch 315, gen loss = 0.6928331255912781, dis loss = 1.007203221321106, 0:01:24.97
Epoch 316, gen loss = 0.6928688287734985, dis loss = 1.0070011615753174, 0:01:20.56
Epoch 317, gen loss = 0.692772388458252, dis loss = 1.0073466300964355, 0:01:19.07
Epoch 318, gen loss = 0.6929688453674316, dis loss = 1.006819248199463, 0:01:19.43
Epoch 319, gen loss = 0.6927143931388855, dis loss = 1.0073859691619873, 0:01:24.64
Epoch 320, gen loss = 0.6930112838745117, dis loss = 1.006731390953064, 0:01:20.38
Epoch 321, gen loss = 0.6927082538604736, dis loss = 1.0073826313018799, 0:01:18.39
Epoch 322, gen loss = 0.6929600834846497, dis loss = 1.0068398714065552, 0:01:18.45
Epoch 323, gen loss = 0.6928873062133789, dis loss = 1.0069762468338013, 0:01:25.93
Epoch 324, gen loss = 0.6928539872169495, dis loss = 1.007059931755066, 0:01:19.83
Epoch 325, gen loss = 0.692743182182312, dis loss = 1.0072848796844482, 0:01:19.36
Epoch 326, gen loss = 0.6929155588150024, dis loss = 1.0069689750671387, 0:01:20.10
Epoch 327, gen loss = 0.6928302049636841, dis loss = 1.0071853399276733, 0:01:22.55
Epoch 328, gen loss = 0.6927774548530579, dis loss = 1.0073798894882202, 0:01:17.92
Epoch 329, gen loss = 0.6929343342781067, dis loss = 1.0068774223327637, 0:01:21.03
Epoch 330, gen loss = 0.6930488348007202, dis loss = 1.0065854787826538, 0:01:18.96
Epoch 331, gen loss = 0.6929959654808044, dis loss = 1.0066959857940674, 0:01:23.62
Epoch 332, gen loss = 0.6928834915161133, dis loss = 1.0075277090072632, 0:01:18.00
Epoch 333, gen loss = 0.6929143071174622, dis loss = 1.0069663524627686, 0:01:19.22
Epoch 334, gen loss = 0.6930217742919922, dis loss = 1.0066750049591064, 0:01:19.82
Epoch 335, gen loss = 0.6930155754089355, dis loss = 1.0066548585891724, 0:01:31.00
Epoch 336, gen loss = 0.6930124759674072, dis loss = 1.0067055225372314, 0:01:20.72
Epoch 337, gen loss = 0.6928336024284363, dis loss = 1.0073540210723877, 0:01:19.25
Epoch 338, gen loss = 0.6929107308387756, dis loss = 1.0069372653961182, 0:01:23.60
Epoch 339, gen loss = 0.6927794814109802, dis loss = 1.007277488708496, 0:01:22.45
Epoch 340, gen loss = 0.6930547952651978, dis loss = 1.0065810680389404, 0:01:16.79
Epoch 341, gen loss = 0.6929466724395752, dis loss = 1.0074255466461182, 0:01:17.87
Epoch 342, gen loss = 0.6929633021354675, dis loss = 1.006861686706543, 0:01:19.95
Epoch 343, gen loss = 0.6928647756576538, dis loss = 1.0073935985565186, 0:01:17.36
Epoch 344, gen loss = 0.6929454207420349, dis loss = 1.0068386793136597, 0:01:17.39
Epoch 345, gen loss = 0.6930307745933533, dis loss = 1.0066115856170654, 0:01:18.17
Epoch 346, gen loss = 0.6929168701171875, dis loss = 1.0071370601654053, 0:01:20.61
Epoch 347, gen loss = 0.6929132342338562, dis loss = 1.0074200630187988, 0:01:21.04
Epoch 348, gen loss = 0.692775547504425, dis loss = 1.0072659254074097, 0:01:17.14
Epoch 349, gen loss = 0.6928585767745972, dis loss = 1.0072582960128784, 0:01:16.63
Epoch 350, gen loss = 0.6928530931472778, dis loss = 1.0070749521255493, 0:01:19.20
Epoch 351, gen loss = 0.6929808259010315, dis loss = 1.0067704916000366, 0:01:22.43
Epoch 352, gen loss = 0.6929278373718262, dis loss = 1.0069873332977295, 0:01:17.15
Epoch 353, gen loss = 0.6929464340209961, dis loss = 1.006782054901123, 0:01:17.87
Epoch 354, gen loss = 0.6930406093597412, dis loss = 1.0066180229187012, 0:01:19.70
Epoch 355, gen loss = 0.6928515434265137, dis loss = 1.0072433948516846, 0:01:23.98
Epoch 356, gen loss = 0.6930476427078247, dis loss = 1.0065696239471436, 0:01:17.56
Epoch 357, gen loss = 0.69278484582901, dis loss = 1.0073018074035645, 0:01:17.65
Epoch 358, gen loss = 0.6930517554283142, dis loss = 1.006646752357483, 0:01:19.06
Epoch 359, gen loss = 0.6929565072059631, dis loss = 1.0067743062973022, 0:01:20.75
Epoch 360, gen loss = 0.6929605603218079, dis loss = 1.0068613290786743, 0:01:18.42
Epoch 361, gen loss = 0.6930099725723267, dis loss = 1.006672739982605, 0:01:18.60
Epoch 362, gen loss = 0.6928857564926147, dis loss = 1.0070008039474487, 0:01:20.54
Epoch 363, gen loss = 0.6928938031196594, dis loss = 1.0070687532424927, 0:01:24.97
Epoch 364, gen loss = 0.6928221583366394, dis loss = 1.0076098442077637, 0:01:18.06
Epoch 365, gen loss = 0.6930165886878967, dis loss = 1.0066474676132202, 0:01:16.80
Epoch 366, gen loss = 0.6930555701255798, dis loss = 1.0065797567367554, 0:01:20.39
Epoch 367, gen loss = 0.6923800706863403, dis loss = 1.008142113685608, 0:01:24.15
Epoch 368, gen loss = 0.6930373311042786, dis loss = 1.006687879562378, 0:01:19.70
Epoch 369, gen loss = 0.6930097937583923, dis loss = 1.0066492557525635, 0:01:18.53
Epoch 370, gen loss = 0.6930708289146423, dis loss = 1.006630539894104, 0:01:18.64
Epoch 371, gen loss = 0.6928906440734863, dis loss = 1.0070407390594482, 0:01:22.82
Epoch 372, gen loss = 0.6929726004600525, dis loss = 1.0066828727722168, 0:01:19.96
Epoch 373, gen loss = 0.6928642392158508, dis loss = 1.0071169137954712, 0:01:23.46
Epoch 374, gen loss = 0.6929090023040771, dis loss = 1.0069156885147095, 0:01:19.78

Training time: 2:16:50.04
