Will train the discriminator...
Alpha: 5e-07
Beta: 0.02
Momentum: 0.9
Epochs: 100
Every: 10
Batch: 1
Inputs: assets/res/Arles
	assets/res/Paris
Seed Size: 100
Starting Epoch: 600
Epoch 600, gen loss = 0.6905770897865295, dis loss = 1.0159094333648682, 0:02:24.35
Epoch 601, gen loss = 0.6902964115142822, dis loss = 1.0162497758865356, 0:02:11.93
Epoch 602, gen loss = 0.6882764101028442, dis loss = 1.0233087539672852, 0:02:15.15
Epoch 603, gen loss = 0.690239429473877, dis loss = 1.0188618898391724, 0:02:12.35
Epoch 604, gen loss = 0.6909574866294861, dis loss = 1.016200304031372, 0:02:16.12
Epoch 605, gen loss = 0.6911761164665222, dis loss = 1.0139076709747314, 0:02:13.04
Epoch 606, gen loss = 0.6913224458694458, dis loss = 1.0124454498291016, 0:02:14.03
Epoch 607, gen loss = 0.6919251084327698, dis loss = 1.0108137130737305, 0:02:14.31
Epoch 608, gen loss = 0.6918798089027405, dis loss = 1.0105916261672974, 0:02:12.94
Epoch 609, gen loss = 0.6913307905197144, dis loss = 1.01316499710083, 0:02:13.73
Epoch 610, gen loss = 0.6908401846885681, dis loss = 1.013938307762146, 0:02:13.88
Epoch 611, gen loss = 0.6912296414375305, dis loss = 1.0131621360778809, 0:02:15.54
Epoch 612, gen loss = 0.6911616921424866, dis loss = 1.012694239616394, 0:02:11.24
Epoch 613, gen loss = 0.6910042762756348, dis loss = 1.012921929359436, 0:02:13.86
Epoch 614, gen loss = 0.6914750337600708, dis loss = 1.0112255811691284, 0:02:16.95
Epoch 615, gen loss = 0.6914100050926208, dis loss = 1.012174367904663, 0:02:12.58
Epoch 616, gen loss = 0.6909623742103577, dis loss = 1.012762188911438, 0:02:14.63
Epoch 617, gen loss = 0.6902933716773987, dis loss = 1.0148264169692993, 0:02:12.62
Epoch 618, gen loss = 0.6901845932006836, dis loss = 1.0144745111465454, 0:02:15.98
Epoch 619, gen loss = 0.6904635429382324, dis loss = 1.0136462450027466, 0:02:12.16
Epoch 620, gen loss = 0.6915915608406067, dis loss = 1.0126349925994873, 0:02:13.14
Epoch 621, gen loss = 0.6918665170669556, dis loss = 1.010635256767273, 0:02:13.24
Epoch 622, gen loss = 0.6922857165336609, dis loss = 1.0092486143112183, 0:02:14.39
Epoch 623, gen loss = 0.6918998956680298, dis loss = 1.0097004175186157, 0:02:14.33
Epoch 624, gen loss = 0.691516101360321, dis loss = 1.010870099067688, 0:02:11.68
Epoch 625, gen loss = 0.6920999884605408, dis loss = 1.0089633464813232, 0:02:14.91
Epoch 626, gen loss = 0.6919882297515869, dis loss = 1.0095620155334473, 0:02:14.12
Epoch 627, gen loss = 0.6909326314926147, dis loss = 1.011513590812683, 0:02:12.92
Epoch 628, gen loss = 0.6904779672622681, dis loss = 1.017051339149475, 0:02:16.25
Epoch 629, gen loss = 0.6916515231132507, dis loss = 1.0111597776412964, 0:02:15.10
Epoch 630, gen loss = 0.6918612122535706, dis loss = 1.0094574689865112, 0:02:14.00
Epoch 631, gen loss = 0.6913135647773743, dis loss = 1.0111064910888672, 0:02:13.99
Epoch 632, gen loss = 0.6916182041168213, dis loss = 1.01128351688385, 0:02:11.80
Epoch 633, gen loss = 0.6922098994255066, dis loss = 1.0097088813781738, 0:02:16.29
Epoch 634, gen loss = 0.6924351453781128, dis loss = 1.0090723037719727, 0:02:14.02
Epoch 635, gen loss = 0.6916337609291077, dis loss = 1.0105286836624146, 0:02:15.87
Epoch 636, gen loss = 0.689977765083313, dis loss = 1.0153700113296509, 0:02:13.41
Epoch 637, gen loss = 0.6888579726219177, dis loss = 1.0164344310760498, 0:02:14.67
Epoch 638, gen loss = 0.6896417737007141, dis loss = 1.0187568664550781, 0:02:13.43
Epoch 639, gen loss = 0.6906968951225281, dis loss = 1.0136544704437256, 0:02:11.91
Epoch 640, gen loss = 0.6909609436988831, dis loss = 1.0126904249191284, 0:02:13.30
Epoch 641, gen loss = 0.6887355446815491, dis loss = 1.0170633792877197, 0:02:13.39
Epoch 642, gen loss = 0.6899128556251526, dis loss = 1.0148704051971436, 0:02:14.37
Epoch 643, gen loss = 0.6917498111724854, dis loss = 1.0110307931900024, 0:02:12.81
Epoch 644, gen loss = 0.6911888718605042, dis loss = 1.010157823562622, 0:02:13.93
Epoch 645, gen loss = 0.6915538907051086, dis loss = 1.0103060007095337, 0:02:15.88
Epoch 646, gen loss = 0.6916711330413818, dis loss = 1.0097054243087769, 0:02:12.37
Epoch 647, gen loss = 0.6921367049217224, dis loss = 1.008695363998413, 0:02:16.19
Epoch 648, gen loss = 0.6921377182006836, dis loss = 1.0085206031799316, 0:02:13.25
Epoch 649, gen loss = 0.6915936470031738, dis loss = 1.0100979804992676, 0:02:14.21
Epoch 650, gen loss = 0.6914675235748291, dis loss = 1.0103647708892822, 0:02:13.25
Epoch 651, gen loss = 0.6920296549797058, dis loss = 1.0101035833358765, 0:02:13.25
Epoch 652, gen loss = 0.6919306516647339, dis loss = 1.0101122856140137, 0:02:14.94
Epoch 653, gen loss = 0.6921716928482056, dis loss = 1.0089776515960693, 0:02:11.54
Epoch 654, gen loss = 0.6919393539428711, dis loss = 1.0098557472229004, 0:02:15.29
Epoch 655, gen loss = 0.6921049356460571, dis loss = 1.008789300918579, 0:02:12.21
Epoch 656, gen loss = 0.6923685073852539, dis loss = 1.008745551109314, 0:02:12.72
Epoch 657, gen loss = 0.6918056607246399, dis loss = 1.0089668035507202, 0:02:16.04
Epoch 658, gen loss = 0.6922270655632019, dis loss = 1.0089038610458374, 0:02:11.38
Epoch 659, gen loss = 0.6924188733100891, dis loss = 1.0081382989883423, 0:02:13.41
Epoch 660, gen loss = 0.6925145983695984, dis loss = 1.0077199935913086, 0:02:12.39
Epoch 661, gen loss = 0.6926885843276978, dis loss = 1.0074844360351562, 0:02:15.09
Epoch 662, gen loss = 0.6925300359725952, dis loss = 1.008219599723816, 0:02:12.09
Epoch 663, gen loss = 0.692607045173645, dis loss = 1.007791519165039, 0:02:11.20
Epoch 664, gen loss = 0.692499577999115, dis loss = 1.0077369213104248, 0:02:15.23
Epoch 665, gen loss = 0.6928256154060364, dis loss = 1.0072145462036133, 0:02:13.19
Epoch 666, gen loss = 0.6927321553230286, dis loss = 1.0076096057891846, 0:02:17.03
Epoch 667, gen loss = 0.692384660243988, dis loss = 1.007943034172058, 0:02:14.27
Epoch 668, gen loss = 0.6924034357070923, dis loss = 1.0081440210342407, 0:02:17.15
Epoch 669, gen loss = 0.692829966545105, dis loss = 1.007244348526001, 0:02:13.85
Epoch 670, gen loss = 0.692828357219696, dis loss = 1.0070730447769165, 0:02:12.35
Epoch 671, gen loss = 0.6926567554473877, dis loss = 1.0073695182800293, 0:02:13.25
Epoch 672, gen loss = 0.6922763586044312, dis loss = 1.0085692405700684, 0:02:12.68
Epoch 673, gen loss = 0.692395806312561, dis loss = 1.008746862411499, 0:02:15.28
Epoch 674, gen loss = 0.692806601524353, dis loss = 1.0072333812713623, 0:02:12.27
Epoch 675, gen loss = 0.6927590370178223, dis loss = 1.0071556568145752, 0:02:14.71
Epoch 676, gen loss = 0.6928682923316956, dis loss = 1.0070534944534302, 0:02:15.85
Epoch 677, gen loss = 0.6929973363876343, dis loss = 1.0067565441131592, 0:02:15.10
Epoch 678, gen loss = 0.6930118203163147, dis loss = 1.0066691637039185, 0:02:16.83
Epoch 679, gen loss = 0.6930431127548218, dis loss = 1.0066531896591187, 0:02:13.38
Epoch 680, gen loss = 0.6930299401283264, dis loss = 1.0066442489624023, 0:02:13.48
Epoch 681, gen loss = 0.6930401921272278, dis loss = 1.0066078901290894, 0:02:13.78
Epoch 682, gen loss = 0.6928340196609497, dis loss = 1.0069551467895508, 0:02:13.41
Epoch 683, gen loss = 0.692619800567627, dis loss = 1.0076310634613037, 0:02:15.17
Epoch 684, gen loss = 0.692148745059967, dis loss = 1.0085004568099976, 0:02:13.62
Epoch 685, gen loss = 0.692337155342102, dis loss = 1.0083431005477905, 0:02:14.16
Epoch 686, gen loss = 0.6925690770149231, dis loss = 1.0077297687530518, 0:02:11.60
Epoch 687, gen loss = 0.6926007270812988, dis loss = 1.007906436920166, 0:02:13.14
Epoch 688, gen loss = 0.692751944065094, dis loss = 1.0072107315063477, 0:02:14.98
Epoch 689, gen loss = 0.6928369402885437, dis loss = 1.0070927143096924, 0:02:11.27
Epoch 690, gen loss = 0.6927668452262878, dis loss = 1.0072190761566162, 0:02:12.52
Epoch 691, gen loss = 0.6924749612808228, dis loss = 1.0080316066741943, 0:02:13.74
Epoch 692, gen loss = 0.6923377513885498, dis loss = 1.0081465244293213, 0:02:12.37
Epoch 693, gen loss = 0.6926830410957336, dis loss = 1.00752854347229, 0:02:13.60
Epoch 694, gen loss = 0.6927835941314697, dis loss = 1.0073250532150269, 0:02:11.92
Epoch 695, gen loss = 0.6926001310348511, dis loss = 1.0075165033340454, 0:02:13.87
Epoch 696, gen loss = 0.692762017250061, dis loss = 1.0072458982467651, 0:02:12.05
Epoch 697, gen loss = 0.6922846436500549, dis loss = 1.0083670616149902, 0:02:14.17
Epoch 698, gen loss = 0.6921678185462952, dis loss = 1.008863925933838, 0:02:11.59
Epoch 699, gen loss = 0.6922186613082886, dis loss = 1.0086736679077148, 0:02:12.76

Training time: 3:43:09.61
