Will train the discriminator...
Alpha: 5e-07
Beta: 0.02
Momentum: 0.9
Epochs: 100
Every: 10
Batch: 1
Inputs: assets/res/Arles
	assets/res/Paris
Seed Size: 100
Starting Epoch: 400
Epoch 400, gen loss = 0.6581801772117615, dis loss = 1.0767868757247925, 0:02:27.33
Epoch 401, gen loss = 0.6901092529296875, dis loss = 1.0254658460617065, 0:02:19.70
Epoch 402, gen loss = 0.6906019449234009, dis loss = 1.018873691558838, 0:02:16.71
Epoch 403, gen loss = 0.6905490756034851, dis loss = 1.0117261409759521, 0:02:20.59
Epoch 404, gen loss = 0.6918836832046509, dis loss = 1.009263515472412, 0:02:17.39
Epoch 405, gen loss = 0.6923285126686096, dis loss = 1.0083892345428467, 0:02:19.78
Epoch 406, gen loss = 0.6922223567962646, dis loss = 1.0092614889144897, 0:02:16.61
Epoch 407, gen loss = 0.6925852298736572, dis loss = 1.0077584981918335, 0:02:16.49
Epoch 408, gen loss = 0.6925943493843079, dis loss = 1.0073504447937012, 0:02:21.78
Epoch 409, gen loss = 0.6927808523178101, dis loss = 1.0072624683380127, 0:02:16.28
Epoch 410, gen loss = 0.6927567720413208, dis loss = 1.0074321031570435, 0:02:20.98
Epoch 411, gen loss = 0.6925773620605469, dis loss = 1.0072909593582153, 0:02:18.58
Epoch 412, gen loss = 0.6925621032714844, dis loss = 1.0077389478683472, 0:02:21.50
Epoch 413, gen loss = 0.6921725869178772, dis loss = 1.0086970329284668, 0:02:18.23
Epoch 414, gen loss = 0.6922682523727417, dis loss = 1.0087525844573975, 0:02:20.15
Epoch 415, gen loss = 0.6920235753059387, dis loss = 1.008721947669983, 0:02:20.98
Epoch 416, gen loss = 0.6922977566719055, dis loss = 1.0086510181427002, 0:02:18.34
Epoch 417, gen loss = 0.6923583149909973, dis loss = 1.0083898305892944, 0:02:21.28
Epoch 418, gen loss = 0.6926902532577515, dis loss = 1.0079076290130615, 0:02:17.23
Epoch 419, gen loss = 0.6927706003189087, dis loss = 1.0076144933700562, 0:02:22.39
Epoch 420, gen loss = 0.6927467584609985, dis loss = 1.0072860717773438, 0:02:17.26
Epoch 421, gen loss = 0.6929053664207458, dis loss = 1.006830096244812, 0:02:16.58
Epoch 422, gen loss = 0.6929619312286377, dis loss = 1.0071866512298584, 0:02:25.75
Epoch 423, gen loss = 0.6929935216903687, dis loss = 1.0067309141159058, 0:02:16.82
Epoch 424, gen loss = 0.6930568814277649, dis loss = 1.0066323280334473, 0:02:21.77
Epoch 425, gen loss = 0.693039059638977, dis loss = 1.006640076637268, 0:02:16.17
Epoch 426, gen loss = 0.6930695176124573, dis loss = 1.0065745115280151, 0:02:17.52
Epoch 427, gen loss = 0.6930950284004211, dis loss = 1.0065300464630127, 0:02:15.60
Epoch 428, gen loss = 0.6931090950965881, dis loss = 1.006512999534607, 0:02:17.82
Epoch 429, gen loss = 0.693108081817627, dis loss = 1.006498098373413, 0:02:21.50
Epoch 430, gen loss = 0.6931217312812805, dis loss = 1.0064858198165894, 0:02:16.56
Epoch 431, gen loss = 0.6931160688400269, dis loss = 1.0064736604690552, 0:02:25.71
Epoch 432, gen loss = 0.6931227445602417, dis loss = 1.0064698457717896, 0:02:19.99
Epoch 433, gen loss = 0.6931223273277283, dis loss = 1.0064719915390015, 0:02:25.04
Epoch 434, gen loss = 0.6931292414665222, dis loss = 1.0064477920532227, 0:02:15.06
Epoch 435, gen loss = 0.6931262016296387, dis loss = 1.006467342376709, 0:02:21.37
Epoch 436, gen loss = 0.6931217908859253, dis loss = 1.0064620971679688, 0:02:15.92
Epoch 437, gen loss = 0.6931323409080505, dis loss = 1.006443977355957, 0:02:17.68
Epoch 438, gen loss = 0.6931323409080505, dis loss = 1.0064431428909302, 0:02:19.85
Epoch 439, gen loss = 0.6931248307228088, dis loss = 1.006468653678894, 0:02:19.96
Epoch 440, gen loss = 0.6931263208389282, dis loss = 1.0064539909362793, 0:02:18.59
Epoch 441, gen loss = 0.6931357383728027, dis loss = 1.0064352750778198, 0:02:15.56
Epoch 442, gen loss = 0.6931342482566833, dis loss = 1.0064431428909302, 0:02:20.10
Epoch 443, gen loss = 0.6931309103965759, dis loss = 1.0064460039138794, 0:02:14.74
Epoch 444, gen loss = 0.6931313872337341, dis loss = 1.0064475536346436, 0:02:15.52
Epoch 445, gen loss = 0.6931286454200745, dis loss = 1.0064512491226196, 0:02:16.70
Epoch 446, gen loss = 0.6930645108222961, dis loss = 1.0065768957138062, 0:02:17.18
Epoch 447, gen loss = 0.6927371621131897, dis loss = 1.0071163177490234, 0:02:19.32
Epoch 448, gen loss = 0.6927222609519958, dis loss = 1.0076977014541626, 0:02:17.03
Epoch 449, gen loss = 0.6928934454917908, dis loss = 1.0069501399993896, 0:02:20.21
Epoch 450, gen loss = 0.6930326223373413, dis loss = 1.006637454032898, 0:02:17.62
Epoch 451, gen loss = 0.6930589079856873, dis loss = 1.006593942642212, 0:02:19.39
Epoch 452, gen loss = 0.6930980682373047, dis loss = 1.006503701210022, 0:02:24.33
Epoch 453, gen loss = 0.6931124329566956, dis loss = 1.0065072774887085, 0:02:19.32
Epoch 454, gen loss = 0.693100094795227, dis loss = 1.0064833164215088, 0:02:17.71
Epoch 455, gen loss = 0.6931154727935791, dis loss = 1.0064717531204224, 0:02:13.70
Epoch 456, gen loss = 0.6931198239326477, dis loss = 1.006464958190918, 0:02:16.52
Epoch 457, gen loss = 0.6931260228157043, dis loss = 1.0064518451690674, 0:02:15.72
Epoch 458, gen loss = 0.693134605884552, dis loss = 1.006450891494751, 0:02:14.49
Epoch 459, gen loss = 0.6931244730949402, dis loss = 1.0064486265182495, 0:02:17.95
Epoch 460, gen loss = 0.6931316256523132, dis loss = 1.006443738937378, 0:02:16.45
Epoch 461, gen loss = 0.6931334137916565, dis loss = 1.0064328908920288, 0:02:18.01
Epoch 462, gen loss = 0.693138599395752, dis loss = 1.0064293146133423, 0:02:16.00
Epoch 463, gen loss = 0.693139910697937, dis loss = 1.006424069404602, 0:02:17.35
Epoch 464, gen loss = 0.6931412816047668, dis loss = 1.0064226388931274, 0:02:15.25
Epoch 465, gen loss = 0.6931416392326355, dis loss = 1.0064219236373901, 0:02:12.60
Epoch 466, gen loss = 0.6931416988372803, dis loss = 1.0064184665679932, 0:02:18.26
Epoch 467, gen loss = 0.6931426525115967, dis loss = 1.0064200162887573, 0:02:14.85
Epoch 468, gen loss = 0.6931426525115967, dis loss = 1.0064181089401245, 0:02:18.54
Epoch 469, gen loss = 0.6931423544883728, dis loss = 1.0064218044281006, 0:02:18.22
Epoch 470, gen loss = 0.6931436657905579, dis loss = 1.0064153671264648, 0:02:19.54
Epoch 471, gen loss = 0.6931446194648743, dis loss = 1.0064140558242798, 0:02:16.07
Epoch 472, gen loss = 0.6931447386741638, dis loss = 1.0064144134521484, 0:02:15.59
Epoch 473, gen loss = 0.6931434869766235, dis loss = 1.0064163208007812, 0:02:18.04
Epoch 474, gen loss = 0.6931450963020325, dis loss = 1.0064131021499634, 0:02:16.56
Epoch 475, gen loss = 0.6931434869766235, dis loss = 1.0064157247543335, 0:02:22.42
Epoch 476, gen loss = 0.6931442618370056, dis loss = 1.006414771080017, 0:02:17.38
Epoch 477, gen loss = 0.6931446194648743, dis loss = 1.006414771080017, 0:02:22.31
Epoch 478, gen loss = 0.6931442022323608, dis loss = 1.0064150094985962, 0:02:17.66
Epoch 479, gen loss = 0.6931406855583191, dis loss = 1.0064233541488647, 0:02:18.41
Epoch 480, gen loss = 0.6931235194206238, dis loss = 1.0064564943313599, 0:02:22.30
Epoch 481, gen loss = 0.6930894255638123, dis loss = 1.0065299272537231, 0:02:17.66
Epoch 482, gen loss = 0.6923452019691467, dis loss = 1.0079559087753296, 0:02:19.59
Epoch 483, gen loss = 0.6926100850105286, dis loss = 1.0074167251586914, 0:02:19.33
Epoch 484, gen loss = 0.6926119923591614, dis loss = 1.0076388120651245, 0:02:25.67
Epoch 485, gen loss = 0.6925310492515564, dis loss = 1.0075030326843262, 0:02:18.44
Epoch 486, gen loss = 0.6928256750106812, dis loss = 1.0070812702178955, 0:02:20.75
Epoch 487, gen loss = 0.6928711533546448, dis loss = 1.0068973302841187, 0:02:19.10
Epoch 488, gen loss = 0.692937970161438, dis loss = 1.0068122148513794, 0:02:20.02
Epoch 489, gen loss = 0.6929939985275269, dis loss = 1.0066800117492676, 0:02:23.63
Epoch 490, gen loss = 0.6930317282676697, dis loss = 1.0066440105438232, 0:02:16.34
Epoch 491, gen loss = 0.6930510401725769, dis loss = 1.0065809488296509, 0:02:20.87
Epoch 492, gen loss = 0.6930503845214844, dis loss = 1.006593942642212, 0:02:17.00
Epoch 493, gen loss = 0.6930628418922424, dis loss = 1.0065608024597168, 0:02:23.04
Epoch 494, gen loss = 0.6930691003799438, dis loss = 1.006543755531311, 0:02:18.41
Epoch 495, gen loss = 0.6930885314941406, dis loss = 1.0065184831619263, 0:02:17.57
Epoch 496, gen loss = 0.6930999159812927, dis loss = 1.0064870119094849, 0:02:21.28
Epoch 497, gen loss = 0.6931065917015076, dis loss = 1.006489872932434, 0:02:19.18
Epoch 498, gen loss = 0.6931156516075134, dis loss = 1.006464958190918, 0:02:19.85
Epoch 499, gen loss = 0.6931225061416626, dis loss = 1.00644850730896, 0:02:18.43

Training time: 3:51:18.81
