Will train the discriminator...
Alpha: 5e-07
Beta: 0.02
Momentum: 0.9
Epochs: 100
Every: 10
Batch: 1
Inputs: assets/res/Arles
	assets/res/Paris
Seed Size: 100
Starting Epoch: 0
Epoch 0, gen loss = 0.4590279161930084, dis loss = 1.4450385570526123, 0:01:04.30
Epoch 1, gen loss = 0.4907388389110565, dis loss = 1.4015463590621948, 0:01:00.54
Epoch 2, gen loss = 0.5136238932609558, dis loss = 1.3748571872711182, 0:01:03.37
Epoch 3, gen loss = 0.5351593494415283, dis loss = 1.3504360914230347, 0:01:00.49
Epoch 4, gen loss = 0.543192446231842, dis loss = 1.3375829458236694, 0:01:00.46
Epoch 5, gen loss = 0.5607537031173706, dis loss = 1.317230463027954, 0:01:00.45
Epoch 6, gen loss = 0.5687284469604492, dis loss = 1.3104511499404907, 0:01:01.32
Epoch 7, gen loss = 0.5722616910934448, dis loss = 1.3035589456558228, 0:01:03.72
Epoch 8, gen loss = 0.5807921290397644, dis loss = 1.296547293663025, 0:01:00.41
Epoch 9, gen loss = 0.5826911926269531, dis loss = 1.2898473739624023, 0:01:00.58
Epoch 10, gen loss = 0.5913794040679932, dis loss = 1.2800875902175903, 0:01:00.59
Epoch 11, gen loss = 0.5951260328292847, dis loss = 1.2713253498077393, 0:01:00.45
Epoch 12, gen loss = 0.6016557216644287, dis loss = 1.2556203603744507, 0:01:04.44
Epoch 13, gen loss = 0.6028916239738464, dis loss = 1.2474298477172852, 0:01:00.64
Epoch 14, gen loss = 0.6083232164382935, dis loss = 1.2345027923583984, 0:01:00.57
Epoch 15, gen loss = 0.6142560243606567, dis loss = 1.2213964462280273, 0:01:00.75
Epoch 16, gen loss = 0.6224241256713867, dis loss = 1.2017568349838257, 0:01:00.47
Epoch 17, gen loss = 0.6141088604927063, dis loss = 1.2038689851760864, 0:01:02.89
Epoch 18, gen loss = 0.6216221451759338, dis loss = 1.189822793006897, 0:01:02.40
Epoch 19, gen loss = 0.6194416880607605, dis loss = 1.1877336502075195, 0:01:00.99
Epoch 20, gen loss = 0.6237456202507019, dis loss = 1.1778656244277954, 0:01:01.02
Epoch 21, gen loss = 0.6155492663383484, dis loss = 1.184127688407898, 0:01:01.78
Epoch 22, gen loss = 0.6152230501174927, dis loss = 1.1890826225280762, 0:01:05.40
Epoch 23, gen loss = 0.6190388798713684, dis loss = 1.1808393001556396, 0:01:07.89
Epoch 24, gen loss = 0.6222590804100037, dis loss = 1.1737397909164429, 0:01:05.17
Epoch 25, gen loss = 0.6221805810928345, dis loss = 1.174854040145874, 0:01:04.05
Epoch 26, gen loss = 0.621006965637207, dis loss = 1.1785454750061035, 0:01:02.82
Epoch 27, gen loss = 0.6193610429763794, dis loss = 1.1800498962402344, 0:01:05.89
Epoch 28, gen loss = 0.623339056968689, dis loss = 1.1786017417907715, 0:01:03.45
Epoch 29, gen loss = 0.6312233209609985, dis loss = 1.1653465032577515, 0:01:03.75
Epoch 30, gen loss = 0.6305189728736877, dis loss = 1.165003776550293, 0:01:04.97
Epoch 31, gen loss = 0.6290056109428406, dis loss = 1.166016697883606, 0:01:05.71
Epoch 32, gen loss = 0.6320626735687256, dis loss = 1.1607087850570679, 0:01:08.07
Epoch 33, gen loss = 0.6351820230484009, dis loss = 1.1552398204803467, 0:01:03.87
Epoch 34, gen loss = 0.6357375383377075, dis loss = 1.1518151760101318, 0:01:03.73
Epoch 35, gen loss = 0.6356576085090637, dis loss = 1.1515902280807495, 0:01:03.31
Epoch 36, gen loss = 0.6393535733222961, dis loss = 1.1435908079147339, 0:01:05.44
Epoch 37, gen loss = 0.6452397704124451, dis loss = 1.1319414377212524, 0:01:07.60
Epoch 38, gen loss = 0.6486698985099792, dis loss = 1.121822714805603, 0:01:03.35
Epoch 39, gen loss = 0.6497485637664795, dis loss = 1.1137479543685913, 0:01:02.87
Epoch 40, gen loss = 0.6541070342063904, dis loss = 1.1044257879257202, 0:01:02.16
Epoch 41, gen loss = 0.655685305595398, dis loss = 1.0990126132965088, 0:01:03.09
Epoch 42, gen loss = 0.6590865254402161, dis loss = 1.0883604288101196, 0:01:04.98
Epoch 43, gen loss = 0.6634690165519714, dis loss = 1.0794281959533691, 0:01:01.84
Epoch 44, gen loss = 0.6657930612564087, dis loss = 1.070148229598999, 0:01:01.17
Epoch 45, gen loss = 0.6695849895477295, dis loss = 1.0621503591537476, 0:01:01.49
Epoch 46, gen loss = 0.6692433953285217, dis loss = 1.0594866275787354, 0:01:02.67
Epoch 47, gen loss = 0.6688089966773987, dis loss = 1.0578290224075317, 0:01:03.64
Epoch 48, gen loss = 0.6678722500801086, dis loss = 1.0589553117752075, 0:01:01.96
Epoch 49, gen loss = 0.6641905903816223, dis loss = 1.0659875869750977, 0:01:03.24
Epoch 50, gen loss = 0.6633584499359131, dis loss = 1.0710623264312744, 0:01:03.38
Epoch 51, gen loss = 0.6681190729141235, dis loss = 1.0627191066741943, 0:01:03.97
Epoch 52, gen loss = 0.6725061535835266, dis loss = 1.054126262664795, 0:01:04.94
Epoch 53, gen loss = 0.6737123727798462, dis loss = 1.0519678592681885, 0:01:03.10
Epoch 54, gen loss = 0.6751595735549927, dis loss = 1.0475399494171143, 0:01:01.55
Epoch 55, gen loss = 0.6762698292732239, dis loss = 1.0437248945236206, 0:01:01.56
Epoch 56, gen loss = 0.6768549680709839, dis loss = 1.0407097339630127, 0:01:02.15
Epoch 57, gen loss = 0.6777970790863037, dis loss = 1.0405311584472656, 0:01:02.01
Epoch 58, gen loss = 0.6777614951133728, dis loss = 1.040015459060669, 0:01:04.05
Epoch 59, gen loss = 0.675972044467926, dis loss = 1.0432202816009521, 0:01:02.11
Epoch 60, gen loss = 0.6746872663497925, dis loss = 1.0453147888183594, 0:01:03.16
Epoch 61, gen loss = 0.6741176247596741, dis loss = 1.0464739799499512, 0:01:02.18
Epoch 62, gen loss = 0.6757918000221252, dis loss = 1.0431311130523682, 0:01:02.46
Epoch 63, gen loss = 0.6791608929634094, dis loss = 1.0369668006896973, 0:01:06.73
Epoch 64, gen loss = 0.6812829375267029, dis loss = 1.03212571144104, 0:01:02.65
Epoch 65, gen loss = 0.6823954582214355, dis loss = 1.0295499563217163, 0:01:03.13
Epoch 66, gen loss = 0.6835508346557617, dis loss = 1.02652907371521, 0:01:03.37
Epoch 67, gen loss = 0.6836169958114624, dis loss = 1.0258257389068604, 0:01:03.96
Epoch 68, gen loss = 0.6843224763870239, dis loss = 1.0241544246673584, 0:01:07.52
Epoch 69, gen loss = 0.6850844621658325, dis loss = 1.0233765840530396, 0:01:06.20
Epoch 70, gen loss = 0.685227632522583, dis loss = 1.0233261585235596, 0:01:07.26
Epoch 71, gen loss = 0.684630811214447, dis loss = 1.0236244201660156, 0:01:06.57
Epoch 72, gen loss = 0.6855667233467102, dis loss = 1.0227218866348267, 0:01:10.11
Epoch 73, gen loss = 0.6853129863739014, dis loss = 1.0230433940887451, 0:01:06.01
Epoch 74, gen loss = 0.6860979795455933, dis loss = 1.0217106342315674, 0:01:04.51
Epoch 75, gen loss = 0.6864731907844543, dis loss = 1.0203649997711182, 0:01:03.91
Epoch 76, gen loss = 0.6864523887634277, dis loss = 1.0211107730865479, 0:01:02.72
Epoch 77, gen loss = 0.6872293949127197, dis loss = 1.018661379814148, 0:01:05.06
Epoch 78, gen loss = 0.6876625418663025, dis loss = 1.017624020576477, 0:01:02.64
Epoch 79, gen loss = 0.688369870185852, dis loss = 1.016074776649475, 0:01:04.05
Epoch 80, gen loss = 0.6889053583145142, dis loss = 1.0152733325958252, 0:01:03.77
Epoch 81, gen loss = 0.688609778881073, dis loss = 1.0147029161453247, 0:01:02.44
Epoch 82, gen loss = 0.6890847086906433, dis loss = 1.0146886110305786, 0:01:03.40
Epoch 83, gen loss = 0.688961386680603, dis loss = 1.0144442319869995, 0:01:03.14
Epoch 84, gen loss = 0.689384937286377, dis loss = 1.0135844945907593, 0:01:03.68
Epoch 85, gen loss = 0.6895707249641418, dis loss = 1.013318657875061, 0:01:02.29
Epoch 86, gen loss = 0.6899875998497009, dis loss = 1.0125279426574707, 0:01:01.40
Epoch 87, gen loss = 0.6906830668449402, dis loss = 1.0112789869308472, 0:01:02.41
Epoch 88, gen loss = 0.690880537033081, dis loss = 1.0108665227890015, 0:01:02.65
Epoch 89, gen loss = 0.6911905407905579, dis loss = 1.0102918148040771, 0:01:03.23
Epoch 90, gen loss = 0.6914218664169312, dis loss = 1.0097346305847168, 0:01:02.13
Epoch 91, gen loss = 0.6916629076004028, dis loss = 1.0094794034957886, 0:01:01.76
Epoch 92, gen loss = 0.6916189789772034, dis loss = 1.0092406272888184, 0:01:01.65
Epoch 93, gen loss = 0.6914821267127991, dis loss = 1.0095386505126953, 0:01:04.58
Epoch 94, gen loss = 0.6909312605857849, dis loss = 1.0106631517410278, 0:01:02.54
Epoch 95, gen loss = 0.6910108327865601, dis loss = 1.0107249021530151, 0:01:01.10
Epoch 96, gen loss = 0.6912526488304138, dis loss = 1.0099811553955078, 0:01:01.13
Epoch 97, gen loss = 0.6911072134971619, dis loss = 1.0102500915527344, 0:01:01.35
Epoch 98, gen loss = 0.6915270686149597, dis loss = 1.0095549821853638, 0:01:04.11
Epoch 99, gen loss = 0.691750705242157, dis loss = 1.0092575550079346, 0:01:02.34

Training time: 1:45:22.43
