Will train the discriminator...
Alpha: 5e-07
Beta: 0.02
Momentum: 0.9
Epochs: 50
Every: 10
Batch: 1
Inputs: assets/res/Arles
	assets/res/Paris
Seed Size: 100
Starting Epoch: 700
Epoch 700, gen loss = 0.6923778653144836, dis loss = 1.0086780786514282, 0:02:21.52
Epoch 701, gen loss = 0.6921790838241577, dis loss = 1.0085631608963013, 0:02:12.84
Epoch 702, gen loss = 0.69242262840271, dis loss = 1.0082796812057495, 0:02:13.10
Epoch 703, gen loss = 0.6923854947090149, dis loss = 1.008365511894226, 0:02:13.39
Epoch 704, gen loss = 0.6923503875732422, dis loss = 1.0085102319717407, 0:02:14.28
Epoch 705, gen loss = 0.692535400390625, dis loss = 1.0079447031021118, 0:02:12.28
Epoch 706, gen loss = 0.6926310658454895, dis loss = 1.0077979564666748, 0:02:13.76
Epoch 707, gen loss = 0.6927670240402222, dis loss = 1.0072495937347412, 0:02:13.76
Epoch 708, gen loss = 0.6925866603851318, dis loss = 1.0075746774673462, 0:02:12.32
Epoch 709, gen loss = 0.6919495463371277, dis loss = 1.0093367099761963, 0:02:12.97
Epoch 710, gen loss = 0.6919312477111816, dis loss = 1.0101487636566162, 0:02:12.32
Epoch 711, gen loss = 0.6922187209129333, dis loss = 1.009126901626587, 0:02:14.42
Epoch 712, gen loss = 0.6925772428512573, dis loss = 1.0086240768432617, 0:02:12.88
Epoch 713, gen loss = 0.6929103136062622, dis loss = 1.0079419612884521, 0:02:13.02
Epoch 714, gen loss = 0.6926683783531189, dis loss = 1.0084397792816162, 0:02:14.03
Epoch 715, gen loss = 0.6928222179412842, dis loss = 1.0079889297485352, 0:02:12.55
Epoch 716, gen loss = 0.6927353739738464, dis loss = 1.0081907510757446, 0:02:12.24
Epoch 717, gen loss = 0.6926899552345276, dis loss = 1.0085877180099487, 0:02:12.91
Epoch 718, gen loss = 0.6928365230560303, dis loss = 1.0089685916900635, 0:02:12.88
Epoch 719, gen loss = 0.6926048994064331, dis loss = 1.0088375806808472, 0:02:11.83
Epoch 720, gen loss = 0.6929425001144409, dis loss = 1.0078877210617065, 0:02:11.89
Epoch 721, gen loss = 0.6927579641342163, dis loss = 1.008264183998108, 0:02:14.61
Epoch 722, gen loss = 0.6927845478057861, dis loss = 1.0086021423339844, 0:02:12.86
Epoch 723, gen loss = 0.6928743124008179, dis loss = 1.007936954498291, 0:02:14.86
Epoch 724, gen loss = 0.6929283738136292, dis loss = 1.0084805488586426, 0:02:11.23
Epoch 725, gen loss = 0.6923006772994995, dis loss = 1.0082004070281982, 0:02:13.18
Epoch 726, gen loss = 0.6923003792762756, dis loss = 1.0107930898666382, 0:02:13.24
Epoch 727, gen loss = 0.6926503777503967, dis loss = 1.0084718465805054, 0:02:10.71
Epoch 728, gen loss = 0.6929630637168884, dis loss = 1.0067659616470337, 0:02:11.52
Epoch 729, gen loss = 0.6929711103439331, dis loss = 1.006886601448059, 0:02:12.83
Epoch 730, gen loss = 0.6930074691772461, dis loss = 1.0066529512405396, 0:02:12.12
Epoch 731, gen loss = 0.6930760145187378, dis loss = 1.0065492391586304, 0:02:13.86
Epoch 732, gen loss = 0.6930291652679443, dis loss = 1.006687879562378, 0:02:10.38
Epoch 733, gen loss = 0.6930710077285767, dis loss = 1.0065586566925049, 0:02:14.67
Epoch 734, gen loss = 0.6930629014968872, dis loss = 1.0066009759902954, 0:02:13.00
Epoch 735, gen loss = 0.6930751204490662, dis loss = 1.0065722465515137, 0:02:12.01
Epoch 736, gen loss = 0.6930793523788452, dis loss = 1.0065696239471436, 0:02:12.33
Epoch 737, gen loss = 0.6929959654808044, dis loss = 1.0067962408065796, 0:02:12.71
Epoch 738, gen loss = 0.6930832266807556, dis loss = 1.0065983533859253, 0:02:15.34
Epoch 739, gen loss = 0.6930607557296753, dis loss = 1.006605625152588, 0:02:12.99
Epoch 740, gen loss = 0.6931058764457703, dis loss = 1.0065053701400757, 0:02:16.36
Epoch 741, gen loss = 0.6931054592132568, dis loss = 1.0065107345581055, 0:02:13.26
Epoch 742, gen loss = 0.693059504032135, dis loss = 1.0066330432891846, 0:02:13.19
Epoch 743, gen loss = 0.6930744051933289, dis loss = 1.0065910816192627, 0:02:13.62
Epoch 744, gen loss = 0.6931084394454956, dis loss = 1.006500005722046, 0:02:11.26
Epoch 745, gen loss = 0.6930508017539978, dis loss = 1.0067484378814697, 0:02:16.47
Epoch 746, gen loss = 0.6930703520774841, dis loss = 1.0065670013427734, 0:02:12.52
Epoch 747, gen loss = 0.6930612921714783, dis loss = 1.0066215991973877, 0:02:15.49
Epoch 748, gen loss = 0.6928779482841492, dis loss = 1.007256031036377, 0:02:13.81
Epoch 749, gen loss = 0.6930855512619019, dis loss = 1.0065377950668335, 0:02:13.70

Training time: 1:51:06.91
