Will train the discriminator...
Alpha: 5e-07
Beta: 0.02
Momentum: 0.9
Epochs: 100
Every: 10
Batch: 1
Inputs: assets/res/Arles
	assets/res/Paris
Seed Size: 100
Starting Epoch: 850
Epoch 850, gen loss = 0.6931291222572327, dis loss = 1.006534218788147, 0:02:37.24
Epoch 851, gen loss = 0.6919885873794556, dis loss = 1.0081144571304321, 0:02:25.46
Epoch 852, gen loss = 0.6928408145904541, dis loss = 1.0078305006027222, 0:02:25.53
Epoch 853, gen loss = 0.6928845643997192, dis loss = 1.0068858861923218, 0:02:27.19
Epoch 854, gen loss = 0.6929853558540344, dis loss = 1.006944179534912, 0:02:26.35
Epoch 855, gen loss = 0.6930438876152039, dis loss = 1.0065358877182007, 0:02:19.21
Epoch 856, gen loss = 0.6931055784225464, dis loss = 1.0064984560012817, 0:02:12.85
Epoch 857, gen loss = 0.6931155920028687, dis loss = 1.0064736604690552, 0:02:13.99
Epoch 858, gen loss = 0.6930784583091736, dis loss = 1.0065726041793823, 0:02:14.10
Epoch 859, gen loss = 0.6931153535842896, dis loss = 1.0064492225646973, 0:02:16.88
Epoch 860, gen loss = 0.6931224465370178, dis loss = 1.0064483880996704, 0:02:16.61
Epoch 861, gen loss = 0.6931354999542236, dis loss = 1.0064353942871094, 0:02:16.30
Epoch 862, gen loss = 0.6931260228157043, dis loss = 1.0064524412155151, 0:02:18.25
Epoch 863, gen loss = 0.6931137442588806, dis loss = 1.0064935684204102, 0:02:15.32
Epoch 864, gen loss = 0.6931139230728149, dis loss = 1.0064514875411987, 0:02:21.46
Epoch 865, gen loss = 0.6931408643722534, dis loss = 1.006421685218811, 0:02:16.78
Epoch 866, gen loss = 0.6931278109550476, dis loss = 1.0064512491226196, 0:02:19.25
Epoch 867, gen loss = 0.6931389570236206, dis loss = 1.006421685218811, 0:02:17.09
Epoch 868, gen loss = 0.6931394338607788, dis loss = 1.0064201354980469, 0:02:17.62
Epoch 869, gen loss = 0.6931423544883728, dis loss = 1.006415605545044, 0:02:18.93
Epoch 870, gen loss = 0.6931413412094116, dis loss = 1.006420612335205, 0:02:16.38
Epoch 871, gen loss = 0.6931322813034058, dis loss = 1.0064350366592407, 0:02:23.51
Epoch 872, gen loss = 0.6931252479553223, dis loss = 1.006447434425354, 0:02:17.35
Epoch 873, gen loss = 0.6928308606147766, dis loss = 1.007899522781372, 0:02:22.45
Epoch 874, gen loss = 0.6930060386657715, dis loss = 1.0067270994186401, 0:02:16.70
Epoch 875, gen loss = 0.6929370164871216, dis loss = 1.0070021152496338, 0:02:19.30
Epoch 876, gen loss = 0.69273442029953, dis loss = 1.0075230598449707, 0:02:17.11
Epoch 877, gen loss = 0.6928907632827759, dis loss = 1.0069702863693237, 0:02:17.09
Epoch 878, gen loss = 0.6925643682479858, dis loss = 1.0076700448989868, 0:02:20.30
Epoch 879, gen loss = 0.6923917531967163, dis loss = 1.0081040859222412, 0:02:18.21
Epoch 880, gen loss = 0.6925320029258728, dis loss = 1.0078394412994385, 0:02:18.55
Epoch 881, gen loss = 0.6926334500312805, dis loss = 1.0080530643463135, 0:02:13.28
Epoch 882, gen loss = 0.692460298538208, dis loss = 1.009185791015625, 0:02:20.38
Epoch 883, gen loss = 0.6927921175956726, dis loss = 1.0084376335144043, 0:02:18.53
Epoch 884, gen loss = 0.6926891803741455, dis loss = 1.0075174570083618, 0:02:18.89
Epoch 885, gen loss = 0.6926209330558777, dis loss = 1.0076069831848145, 0:02:18.94
Epoch 886, gen loss = 0.6923482418060303, dis loss = 1.0081369876861572, 0:02:17.96
Epoch 887, gen loss = 0.6921066045761108, dis loss = 1.008479356765747, 0:02:18.80
Epoch 888, gen loss = 0.6925431489944458, dis loss = 1.008471965789795, 0:02:16.60
Epoch 889, gen loss = 0.6924108266830444, dis loss = 1.0081864595413208, 0:02:17.62
Epoch 890, gen loss = 0.6924563050270081, dis loss = 1.0076992511749268, 0:02:17.27
Epoch 891, gen loss = 0.6924367547035217, dis loss = 1.007798671722412, 0:02:18.44
Epoch 892, gen loss = 0.6927531361579895, dis loss = 1.0070126056671143, 0:02:18.52
Epoch 893, gen loss = 0.692779004573822, dis loss = 1.0070888996124268, 0:02:17.26
Epoch 894, gen loss = 0.6927789449691772, dis loss = 1.007040023803711, 0:02:21.04
Epoch 895, gen loss = 0.6925947666168213, dis loss = 1.0073699951171875, 0:02:19.22
Epoch 896, gen loss = 0.6919072866439819, dis loss = 1.0091382265090942, 0:02:18.05
Epoch 897, gen loss = 0.6921807527542114, dis loss = 1.0083595514297485, 0:02:18.12
Epoch 898, gen loss = 0.6928393244743347, dis loss = 1.0069959163665771, 0:02:16.74
Epoch 899, gen loss = 0.6928499937057495, dis loss = 1.00705087184906, 0:02:17.36
Epoch 900, gen loss = 0.6929205060005188, dis loss = 1.00686776638031, 0:02:14.71
Epoch 901, gen loss = 0.6929959654808044, dis loss = 1.0067135095596313, 0:02:15.30
Epoch 902, gen loss = 0.6930432915687561, dis loss = 1.0066156387329102, 0:02:12.26
Epoch 903, gen loss = 0.6930584907531738, dis loss = 1.0065854787826538, 0:02:11.63
Epoch 904, gen loss = 0.6930669546127319, dis loss = 1.006543755531311, 0:02:11.64
Epoch 905, gen loss = 0.6930760145187378, dis loss = 1.0065511465072632, 0:02:11.29
Epoch 906, gen loss = 0.6930814981460571, dis loss = 1.0065628290176392, 0:02:17.20
Epoch 907, gen loss = 0.6931006908416748, dis loss = 1.0064972639083862, 0:02:13.22
Epoch 908, gen loss = 0.693104088306427, dis loss = 1.0064964294433594, 0:02:15.75
Epoch 909, gen loss = 0.6931143999099731, dis loss = 1.0064815282821655, 0:02:14.05
Epoch 910, gen loss = 0.6931097507476807, dis loss = 1.0064769983291626, 0:02:14.31
Epoch 911, gen loss = 0.6931227445602417, dis loss = 1.0064531564712524, 0:02:20.04
Epoch 912, gen loss = 0.693121075630188, dis loss = 1.0064609050750732, 0:02:13.65
Epoch 913, gen loss = 0.6931252479553223, dis loss = 1.006452202796936, 0:02:16.04
Epoch 914, gen loss = 0.6931263208389282, dis loss = 1.0064493417739868, 0:02:13.36
Epoch 915, gen loss = 0.6931283473968506, dis loss = 1.0064483880996704, 0:02:14.50
Epoch 916, gen loss = 0.6931272745132446, dis loss = 1.0064477920532227, 0:02:14.85
Epoch 917, gen loss = 0.693117082118988, dis loss = 1.0064584016799927, 0:02:14.17
Epoch 918, gen loss = 0.6930921673774719, dis loss = 1.0065107345581055, 0:02:17.35
Epoch 919, gen loss = 0.6930922865867615, dis loss = 1.006524920463562, 0:02:12.80
Epoch 920, gen loss = 0.6931285262107849, dis loss = 1.0064477920532227, 0:02:16.07
Epoch 921, gen loss = 0.6931299567222595, dis loss = 1.0064418315887451, 0:02:12.99
Epoch 922, gen loss = 0.6931350827217102, dis loss = 1.0064328908920288, 0:02:12.62
Epoch 923, gen loss = 0.6931235194206238, dis loss = 1.0064570903778076, 0:02:14.34
Epoch 924, gen loss = 0.6931372284889221, dis loss = 1.0064301490783691, 0:02:14.71
Epoch 925, gen loss = 0.6931377649307251, dis loss = 1.0064245462417603, 0:02:16.12
Epoch 926, gen loss = 0.6931380033493042, dis loss = 1.006430745124817, 0:02:11.07
Epoch 927, gen loss = 0.6931308507919312, dis loss = 1.0064373016357422, 0:02:15.31
Epoch 928, gen loss = 0.693118155002594, dis loss = 1.0064678192138672, 0:02:09.53
Epoch 929, gen loss = 0.6931349039077759, dis loss = 1.0064377784729004, 0:02:10.76
Epoch 930, gen loss = 0.6931357383728027, dis loss = 1.0064330101013184, 0:02:16.44
Epoch 931, gen loss = 0.693125307559967, dis loss = 1.0064547061920166, 0:02:14.73
Epoch 932, gen loss = 0.6931378841400146, dis loss = 1.0064260959625244, 0:02:15.69
Epoch 933, gen loss = 0.6931360363960266, dis loss = 1.00642991065979, 0:02:09.99
Epoch 934, gen loss = 0.6931420564651489, dis loss = 1.006416916847229, 0:02:15.92
Epoch 935, gen loss = 0.6931392550468445, dis loss = 1.006426215171814, 0:02:12.60
Epoch 936, gen loss = 0.6931383609771729, dis loss = 1.006425380706787, 0:02:12.84
Epoch 937, gen loss = 0.6931408643722534, dis loss = 1.006420373916626, 0:02:13.33
Epoch 938, gen loss = 0.6931207180023193, dis loss = 1.0064750909805298, 0:02:13.16
Epoch 939, gen loss = 0.6931220293045044, dis loss = 1.0064526796340942, 0:02:16.32
Epoch 940, gen loss = 0.6931365132331848, dis loss = 1.0064318180084229, 0:02:10.91
Epoch 941, gen loss = 0.693111777305603, dis loss = 1.0064630508422852, 0:02:11.21
Epoch 942, gen loss = 0.6931332349777222, dis loss = 1.006464958190918, 0:02:14.37
Epoch 943, gen loss = 0.693120539188385, dis loss = 1.0064623355865479, 0:02:14.16
Epoch 944, gen loss = 0.6931371092796326, dis loss = 1.0064281225204468, 0:02:14.36
Epoch 945, gen loss = 0.6931357383728027, dis loss = 1.00642991065979, 0:02:13.32
Epoch 946, gen loss = 0.6931396126747131, dis loss = 1.0064265727996826, 0:02:23.31
Epoch 947, gen loss = 0.6931394338607788, dis loss = 1.0064237117767334, 0:02:16.27
Epoch 948, gen loss = 0.6931342482566833, dis loss = 1.0064353942871094, 0:02:20.64
Epoch 949, gen loss = 0.693140983581543, dis loss = 1.0064209699630737, 0:02:21.74

Training time: 3:47:52.08
