Will not train the discriminator...
Alpha: 5e-07
Beta: 0.02
Momentum: 0.9
Epochs: 25
Every: 10
Batch: 1
Inputs: assets/res/Arles
	assets/res/Paris
Seed Size: 100
Starting Epoch: 375
Epoch 375, gen loss = 0.6930202841758728, dis loss = 1.0065933465957642, 0:02:11.23
Epoch 376, gen loss = 0.6929081082344055, dis loss = 1.0068243741989136, 0:02:02.54
Epoch 377, gen loss = 0.6928431391716003, dis loss = 1.0068646669387817, 0:01:59.29
Epoch 378, gen loss = 0.6928845643997192, dis loss = 1.0067423582077026, 0:02:03.09
Epoch 379, gen loss = 0.6927094459533691, dis loss = 1.0069079399108887, 0:02:00.55
Epoch 380, gen loss = 0.6927112936973572, dis loss = 1.0069390535354614, 0:02:03.06
Epoch 381, gen loss = 0.6924399137496948, dis loss = 1.0073813199996948, 0:02:00.03
Epoch 382, gen loss = 0.6922147274017334, dis loss = 1.00753653049469, 0:02:01.05
Epoch 383, gen loss = 0.6919240355491638, dis loss = 1.0078370571136475, 0:02:04.31
Epoch 384, gen loss = 0.6911053657531738, dis loss = 1.0087069272994995, 0:02:03.51
Epoch 385, gen loss = 0.6904561519622803, dis loss = 1.0093021392822266, 0:02:07.75
Epoch 386, gen loss = 0.6866375207901001, dis loss = 1.0133683681488037, 0:02:03.01
Epoch 387, gen loss = 0.677829921245575, dis loss = 1.0230252742767334, 0:02:01.72
Epoch 388, gen loss = 0.6066229343414307, dis loss = 1.1146340370178223, 0:02:06.98
Epoch 389, gen loss = 0.3752743899822235, dis loss = 1.4925734996795654, 0:02:11.43
Epoch 390, gen loss = 0.32506296038627625, dis loss = 1.5972375869750977, 0:02:12.67
Epoch 391, gen loss = 0.3181852698326111, dis loss = 1.613699197769165, 0:02:14.02
Epoch 392, gen loss = 0.3166947662830353, dis loss = 1.6178958415985107, 0:02:12.66
Epoch 393, gen loss = 0.31595736742019653, dis loss = 1.6194733381271362, 0:02:20.12
Epoch 394, gen loss = 0.3151406943798065, dis loss = 1.62168550491333, 0:02:17.41
Epoch 395, gen loss = 0.31450456380844116, dis loss = 1.6232572793960571, 0:02:19.43
Epoch 396, gen loss = 0.3143081068992615, dis loss = 1.6238003969192505, 0:02:17.25
Epoch 397, gen loss = 0.31405994296073914, dis loss = 1.6245591640472412, 0:02:12.56
Epoch 398, gen loss = 0.3139149248600006, dis loss = 1.6248602867126465, 0:02:09.64
Epoch 399, gen loss = 0.31384775042533875, dis loss = 1.6249842643737793, 0:02:10.19

Training time: 0:53:26.78
