Will train the discriminator...
Alpha: 5e-07
Beta: 0.02
Momentum: 0.9
Epochs: 100
Every: 10
Batch: 1
Inputs: assets/res/Arles
	assets/res/Paris
Seed Size: 100
Starting Epoch: 950
Epoch 950, gen loss = 0.6931321024894714, dis loss = 1.006567120552063, 0:02:21.00
Epoch 951, gen loss = 0.6930994391441345, dis loss = 1.006471037864685, 0:02:13.65
Epoch 952, gen loss = 0.6930803060531616, dis loss = 1.0065494775772095, 0:02:09.91
Epoch 953, gen loss = 0.6930018067359924, dis loss = 1.0066720247268677, 0:02:13.82
Epoch 954, gen loss = 0.6930217742919922, dis loss = 1.0067654848098755, 0:02:11.48
Epoch 955, gen loss = 0.6929914951324463, dis loss = 1.0067520141601562, 0:02:12.29
Epoch 956, gen loss = 0.6927767395973206, dis loss = 1.0074563026428223, 0:02:11.39
Epoch 957, gen loss = 0.6930357813835144, dis loss = 1.0067181587219238, 0:02:11.12
Epoch 958, gen loss = 0.6929547786712646, dis loss = 1.0071874856948853, 0:02:14.20
Epoch 959, gen loss = 0.6930919289588928, dis loss = 1.0065770149230957, 0:02:10.74
Epoch 960, gen loss = 0.69304358959198, dis loss = 1.0066124200820923, 0:02:14.74
Epoch 961, gen loss = 0.6930855512619019, dis loss = 1.0065783262252808, 0:02:11.29
Epoch 962, gen loss = 0.6930712461471558, dis loss = 1.0065803527832031, 0:02:10.77
Epoch 963, gen loss = 0.6930725574493408, dis loss = 1.006616473197937, 0:02:13.56
Epoch 964, gen loss = 0.693109393119812, dis loss = 1.006499171257019, 0:02:10.31
Epoch 965, gen loss = 0.6931015849113464, dis loss = 1.0065062046051025, 0:02:26.93
Epoch 966, gen loss = 0.6931339502334595, dis loss = 1.006437063217163, 0:02:13.46
Epoch 967, gen loss = 0.6931219696998596, dis loss = 1.0064753293991089, 0:02:23.90
Epoch 968, gen loss = 0.6931285262107849, dis loss = 1.006459355354309, 0:02:12.52
Epoch 969, gen loss = 0.6931262016296387, dis loss = 1.0064610242843628, 0:02:12.58
Epoch 970, gen loss = 0.6931378841400146, dis loss = 1.0064281225204468, 0:02:26.68
Epoch 971, gen loss = 0.6931318640708923, dis loss = 1.0064514875411987, 0:02:25.02
Epoch 972, gen loss = 0.6931402087211609, dis loss = 1.00642728805542, 0:02:14.27
Epoch 973, gen loss = 0.6931387782096863, dis loss = 1.006426453590393, 0:02:11.40
Epoch 974, gen loss = 0.6931393146514893, dis loss = 1.0064256191253662, 0:02:11.80
Epoch 975, gen loss = 0.6931427121162415, dis loss = 1.0064194202423096, 0:02:11.14
Epoch 976, gen loss = 0.6931391954421997, dis loss = 1.006426453590393, 0:02:11.27
Epoch 977, gen loss = 0.6931442022323608, dis loss = 1.006414771080017, 0:02:12.68
Epoch 978, gen loss = 0.6931440830230713, dis loss = 1.0064159631729126, 0:02:10.14
Epoch 979, gen loss = 0.6931435465812683, dis loss = 1.00641667842865, 0:02:12.57
Epoch 980, gen loss = 0.693140983581543, dis loss = 1.0064224004745483, 0:02:10.59
Epoch 981, gen loss = 0.6931453943252563, dis loss = 1.006413221359253, 0:02:10.25
Epoch 982, gen loss = 0.6931445002555847, dis loss = 1.0064119100570679, 0:02:11.28
Epoch 983, gen loss = 0.6931444406509399, dis loss = 1.006413459777832, 0:02:09.67
Epoch 984, gen loss = 0.6931454539299011, dis loss = 1.0064107179641724, 0:02:10.57
Epoch 985, gen loss = 0.6931449174880981, dis loss = 1.0064125061035156, 0:02:10.58
Epoch 986, gen loss = 0.6931454539299011, dis loss = 1.0064104795455933, 0:02:10.40
Epoch 987, gen loss = 0.6931445598602295, dis loss = 1.0064122676849365, 0:02:10.82
Epoch 988, gen loss = 0.6931415796279907, dis loss = 1.0064215660095215, 0:02:12.58
Epoch 989, gen loss = 0.6931455135345459, dis loss = 1.0064113140106201, 0:02:12.38
Epoch 990, gen loss = 0.693145215511322, dis loss = 1.006410837173462, 0:02:11.41
Epoch 991, gen loss = 0.6931456923484802, dis loss = 1.0064094066619873, 0:02:11.52
Epoch 992, gen loss = 0.6931455135345459, dis loss = 1.0064116716384888, 0:02:10.65
Epoch 993, gen loss = 0.6931454539299011, dis loss = 1.0064098834991455, 0:02:08.52
Epoch 994, gen loss = 0.6931456923484802, dis loss = 1.0064095258712769, 0:02:12.60
Epoch 995, gen loss = 0.6931455135345459, dis loss = 1.0064103603363037, 0:02:11.32
Epoch 996, gen loss = 0.6931458711624146, dis loss = 1.0064091682434082, 0:02:12.52
Epoch 997, gen loss = 0.6931458115577698, dis loss = 1.0064092874526978, 0:02:15.26
Epoch 998, gen loss = 0.6931458711624146, dis loss = 1.0064091682434082, 0:02:13.58
Epoch 999, gen loss = 0.693145751953125, dis loss = 1.006409764289856, 0:02:16.73
Epoch 1000, gen loss = 0.6931458711624146, dis loss = 1.0064091682434082, 0:02:13.12
Epoch 1001, gen loss = 0.693145751953125, dis loss = 1.006409764289856, 0:02:13.81
Epoch 1002, gen loss = 0.6931436657905579, dis loss = 1.006412386894226, 0:02:15.54
Epoch 1003, gen loss = 0.6931459903717041, dis loss = 1.0064090490341187, 0:02:14.85
Epoch 1004, gen loss = 0.693145751953125, dis loss = 1.0064094066619873, 0:02:12.74
Epoch 1005, gen loss = 0.6931458711624146, dis loss = 1.0064091682434082, 0:02:13.64
Epoch 1006, gen loss = 0.6931458115577698, dis loss = 1.006408929824829, 0:02:16.81
Epoch 1007, gen loss = 0.6931458115577698, dis loss = 1.0064091682434082, 0:02:13.75
Epoch 1008, gen loss = 0.6931458711624146, dis loss = 1.0064091682434082, 0:02:16.43
Epoch 1009, gen loss = 0.6931458711624146, dis loss = 1.0064088106155396, 0:02:15.06
Epoch 1010, gen loss = 0.6931445598602295, dis loss = 1.0064116716384888, 0:02:14.40
Epoch 1011, gen loss = 0.6931459903717041, dis loss = 1.006408929824829, 0:02:14.27
Epoch 1012, gen loss = 0.6931459903717041, dis loss = 1.006408929824829, 0:02:12.64
Epoch 1013, gen loss = 0.6931458115577698, dis loss = 1.0064095258712769, 0:02:14.95
Epoch 1014, gen loss = 0.6931459903717041, dis loss = 1.0064088106155396, 0:02:13.58
Epoch 1015, gen loss = 0.6931459903717041, dis loss = 1.006408929824829, 0:02:16.59
Epoch 1016, gen loss = 0.6931459903717041, dis loss = 1.0064088106155396, 0:02:13.21
Epoch 1017, gen loss = 0.6931459903717041, dis loss = 1.006408929824829, 0:02:11.94
Epoch 1018, gen loss = 0.6931459903717041, dis loss = 1.006408929824829, 0:02:13.92
Epoch 1019, gen loss = 0.6931459903717041, dis loss = 1.0064088106155396, 0:02:10.08
Epoch 1020, gen loss = 0.6931455135345459, dis loss = 1.006410002708435, 0:02:14.08
Epoch 1021, gen loss = 0.6931458711624146, dis loss = 1.006408929824829, 0:02:12.32
Epoch 1022, gen loss = 0.6931456327438354, dis loss = 1.0064094066619873, 0:02:15.04
Epoch 1023, gen loss = 0.6931456327438354, dis loss = 1.006410002708435, 0:02:16.33
Epoch 1024, gen loss = 0.6931456923484802, dis loss = 1.0064092874526978, 0:02:16.50
Epoch 1025, gen loss = 0.6931458115577698, dis loss = 1.0064094066619873, 0:02:16.25
Epoch 1026, gen loss = 0.6931416988372803, dis loss = 1.006414532661438, 0:02:20.55
Epoch 1027, gen loss = 0.6931459903717041, dis loss = 1.0064094066619873, 0:02:25.00
Epoch 1028, gen loss = 0.6931458115577698, dis loss = 1.006408929824829, 0:02:27.58
Epoch 1029, gen loss = 0.6931458711624146, dis loss = 1.006408929824829, 0:02:32.62
Epoch 1030, gen loss = 0.6931458711624146, dis loss = 1.0064088106155396, 0:02:31.17
Epoch 1031, gen loss = 0.6931459903717041, dis loss = 1.0064088106155396, 0:02:30.36
Epoch 1032, gen loss = 0.6931458711624146, dis loss = 1.0064088106155396, 0:02:30.98
Epoch 1033, gen loss = 0.6931459903717041, dis loss = 1.0064088106155396, 0:02:29.79
Epoch 1034, gen loss = 0.6931459903717041, dis loss = 1.0064088106155396, 0:02:30.90
Epoch 1035, gen loss = 0.6931459903717041, dis loss = 1.0064088106155396, 0:02:30.71
Epoch 1036, gen loss = 0.6931459903717041, dis loss = 1.006408929824829, 0:02:33.57
Epoch 1037, gen loss = 0.6931458711624146, dis loss = 1.0064088106155396, 0:02:29.68
Epoch 1038, gen loss = 0.6931458711624146, dis loss = 1.0064088106155396, 0:02:31.27
Epoch 1039, gen loss = 0.6931458115577698, dis loss = 1.006408929824829, 0:02:25.49
Epoch 1040, gen loss = 0.6931459903717041, dis loss = 1.0064088106155396, 0:02:27.39
Epoch 1041, gen loss = 0.6931459903717041, dis loss = 1.0064088106155396, 0:02:28.00
Epoch 1042, gen loss = 0.6931459903717041, dis loss = 1.0064088106155396, 0:02:27.96
Epoch 1043, gen loss = 0.6931459903717041, dis loss = 1.0064088106155396, 0:02:26.65
Epoch 1044, gen loss = 0.6931459903717041, dis loss = 1.0064088106155396, 0:02:31.19
Epoch 1045, gen loss = 0.6931459903717041, dis loss = 1.0064088106155396, 0:02:30.96
Epoch 1046, gen loss = 0.6931459903717041, dis loss = 1.0064088106155396, 0:02:29.49
Epoch 1047, gen loss = 0.6931459903717041, dis loss = 1.0064088106155396, 0:02:30.54
Epoch 1048, gen loss = 0.6931459903717041, dis loss = 1.0064088106155396, 0:02:26.69
Epoch 1049, gen loss = 0.6931458115577698, dis loss = 1.006408929824829, 0:02:28.67

Training time: 3:48:51.96
