Will train the discriminator...
Alpha: 5e-07
Beta: 0.02
Momentum: 0.9
Epochs: 100
Every: 10
Batch: 1
Inputs: assets/res/Arles
	assets/res/Paris
Seed Size: 100
Starting Epoch: 100
Epoch 100, gen loss = 0.692047119140625, dis loss = 1.0085779428482056, 0:01:31.68
Epoch 101, gen loss = 0.6921548247337341, dis loss = 1.008319616317749, 0:01:15.28
Epoch 102, gen loss = 0.6922722458839417, dis loss = 1.0080856084823608, 0:01:15.74
Epoch 103, gen loss = 0.6922900080680847, dis loss = 1.0081194639205933, 0:01:17.62
Epoch 104, gen loss = 0.6923684477806091, dis loss = 1.0079290866851807, 0:01:23.76
Epoch 105, gen loss = 0.6924009919166565, dis loss = 1.0077565908432007, 0:01:16.37
Epoch 106, gen loss = 0.6923626661300659, dis loss = 1.0078870058059692, 0:01:18.02
Epoch 107, gen loss = 0.6923438906669617, dis loss = 1.0079272985458374, 0:01:18.08
Epoch 108, gen loss = 0.6923881769180298, dis loss = 1.0080384016036987, 0:01:23.51
Epoch 109, gen loss = 0.6924628615379333, dis loss = 1.0076913833618164, 0:01:17.35
Epoch 110, gen loss = 0.6924442648887634, dis loss = 1.0077133178710938, 0:01:15.30
Epoch 111, gen loss = 0.6924883723258972, dis loss = 1.0076684951782227, 0:01:14.18
Epoch 112, gen loss = 0.6924205422401428, dis loss = 1.0077519416809082, 0:01:23.10
Epoch 113, gen loss = 0.6924635171890259, dis loss = 1.0076662302017212, 0:01:18.14
Epoch 114, gen loss = 0.6925463676452637, dis loss = 1.0075739622116089, 0:01:16.55
Epoch 115, gen loss = 0.6925550103187561, dis loss = 1.0075165033340454, 0:01:15.98
Epoch 116, gen loss = 0.6926242709159851, dis loss = 1.0073964595794678, 0:01:20.11
Epoch 117, gen loss = 0.6926484107971191, dis loss = 1.0073307752609253, 0:01:14.25
Epoch 118, gen loss = 0.6927934885025024, dis loss = 1.007137656211853, 0:01:14.50
Epoch 119, gen loss = 0.6928468346595764, dis loss = 1.0069876909255981, 0:01:15.54
Epoch 120, gen loss = 0.692817211151123, dis loss = 1.0070050954818726, 0:01:19.75
Epoch 121, gen loss = 0.6928443312644958, dis loss = 1.0069866180419922, 0:01:17.28
Epoch 122, gen loss = 0.6928512454032898, dis loss = 1.0069456100463867, 0:01:14.84
Epoch 123, gen loss = 0.6928962469100952, dis loss = 1.006909966468811, 0:01:14.94
Epoch 124, gen loss = 0.6928355097770691, dis loss = 1.006975531578064, 0:01:16.44
Epoch 125, gen loss = 0.6928038597106934, dis loss = 1.0070637464523315, 0:01:20.02
Epoch 126, gen loss = 0.6927341222763062, dis loss = 1.007219672203064, 0:01:15.45
Epoch 127, gen loss = 0.6926910877227783, dis loss = 1.0072386264801025, 0:01:14.65
Epoch 128, gen loss = 0.6926870942115784, dis loss = 1.0073148012161255, 0:01:16.30
Epoch 129, gen loss = 0.6927226781845093, dis loss = 1.0072135925292969, 0:01:20.20
Epoch 130, gen loss = 0.6926708221435547, dis loss = 1.0073820352554321, 0:01:14.98
Epoch 131, gen loss = 0.6924242973327637, dis loss = 1.0077868700027466, 0:01:15.19
Epoch 132, gen loss = 0.6922735571861267, dis loss = 1.0081136226654053, 0:01:16.28
Epoch 133, gen loss = 0.692240834236145, dis loss = 1.0081630945205688, 0:01:16.84
Epoch 134, gen loss = 0.6923282742500305, dis loss = 1.008067011833191, 0:01:15.40
Epoch 135, gen loss = 0.6922512054443359, dis loss = 1.0083680152893066, 0:01:14.84
Epoch 136, gen loss = 0.6921152472496033, dis loss = 1.0088000297546387, 0:01:16.87
Epoch 137, gen loss = 0.6922102570533752, dis loss = 1.008434534072876, 0:01:22.72
Epoch 138, gen loss = 0.692245602607727, dis loss = 1.0081785917282104, 0:01:16.20
Epoch 139, gen loss = 0.6924763321876526, dis loss = 1.0081322193145752, 0:01:14.47
Epoch 140, gen loss = 0.6923007965087891, dis loss = 1.0081175565719604, 0:01:16.53
Epoch 141, gen loss = 0.6924367547035217, dis loss = 1.0078279972076416, 0:01:22.56
Epoch 142, gen loss = 0.6924845576286316, dis loss = 1.0080541372299194, 0:01:17.56
Epoch 143, gen loss = 0.6924696564674377, dis loss = 1.0078699588775635, 0:01:16.94
Epoch 144, gen loss = 0.6925488114356995, dis loss = 1.0076897144317627, 0:01:19.57
Epoch 145, gen loss = 0.6926535367965698, dis loss = 1.007574439048767, 0:01:21.99
Epoch 146, gen loss = 0.6926212906837463, dis loss = 1.0074784755706787, 0:01:19.39
Epoch 147, gen loss = 0.6925992369651794, dis loss = 1.0076725482940674, 0:01:17.52
Epoch 148, gen loss = 0.6926703453063965, dis loss = 1.0074081420898438, 0:01:18.52
Epoch 149, gen loss = 0.6926851272583008, dis loss = 1.0074118375778198, 0:01:19.46
Epoch 150, gen loss = 0.6925899386405945, dis loss = 1.0076775550842285, 0:01:16.49
Epoch 151, gen loss = 0.6927750706672668, dis loss = 1.0072702169418335, 0:01:15.63
Epoch 152, gen loss = 0.6927419304847717, dis loss = 1.0072762966156006, 0:01:17.30
Epoch 153, gen loss = 0.69281405210495, dis loss = 1.0071481466293335, 0:01:15.84
Epoch 154, gen loss = 0.6927418112754822, dis loss = 1.0073304176330566, 0:01:21.32
Epoch 155, gen loss = 0.6927066445350647, dis loss = 1.007289171218872, 0:01:16.42
Epoch 156, gen loss = 0.6927473545074463, dis loss = 1.0072449445724487, 0:01:17.58
Epoch 157, gen loss = 0.6928467750549316, dis loss = 1.0070610046386719, 0:01:15.85
Epoch 158, gen loss = 0.6928142309188843, dis loss = 1.0070688724517822, 0:01:21.21
Epoch 159, gen loss = 0.692835807800293, dis loss = 1.0071035623550415, 0:01:15.31
Epoch 160, gen loss = 0.6927735209465027, dis loss = 1.0071920156478882, 0:01:17.80
Epoch 161, gen loss = 0.6927732825279236, dis loss = 1.0072462558746338, 0:01:16.97
Epoch 162, gen loss = 0.6927056908607483, dis loss = 1.0072731971740723, 0:01:21.84
Epoch 163, gen loss = 0.6928803324699402, dis loss = 1.0069936513900757, 0:01:18.30
Epoch 164, gen loss = 0.6928465366363525, dis loss = 1.006995677947998, 0:01:14.47
Epoch 165, gen loss = 0.6927845478057861, dis loss = 1.007196068763733, 0:01:14.28
Epoch 166, gen loss = 0.6927717924118042, dis loss = 1.0072275400161743, 0:01:16.41
Epoch 167, gen loss = 0.6928604245185852, dis loss = 1.00698721408844, 0:01:13.86
Epoch 168, gen loss = 0.692876398563385, dis loss = 1.006952166557312, 0:01:15.83
Epoch 169, gen loss = 0.6928102970123291, dis loss = 1.0070911645889282, 0:01:13.52
Epoch 170, gen loss = 0.6926365494728088, dis loss = 1.007689356803894, 0:01:18.58
Epoch 171, gen loss = 0.6927468180656433, dis loss = 1.007226824760437, 0:01:13.77
Epoch 172, gen loss = 0.6927987337112427, dis loss = 1.0072495937347412, 0:01:15.39
Epoch 173, gen loss = 0.6927695870399475, dis loss = 1.0071805715560913, 0:01:13.69
Epoch 174, gen loss = 0.6926963925361633, dis loss = 1.0073707103729248, 0:01:14.97
Epoch 175, gen loss = 0.6927388310432434, dis loss = 1.007354497909546, 0:01:16.81
Epoch 176, gen loss = 0.6928172707557678, dis loss = 1.0070947408676147, 0:01:17.30
Epoch 177, gen loss = 0.6926611661911011, dis loss = 1.0076007843017578, 0:01:14.71
Epoch 178, gen loss = 0.6928219795227051, dis loss = 1.0071016550064087, 0:01:13.82
Epoch 179, gen loss = 0.6927907466888428, dis loss = 1.0072102546691895, 0:01:19.38
Epoch 180, gen loss = 0.6927615404129028, dis loss = 1.007243037223816, 0:01:15.82
Epoch 181, gen loss = 0.69277024269104, dis loss = 1.0073771476745605, 0:01:13.95
Epoch 182, gen loss = 0.6927903890609741, dis loss = 1.0071007013320923, 0:01:14.73
Epoch 183, gen loss = 0.6928122043609619, dis loss = 1.0076111555099487, 0:01:17.02
Epoch 184, gen loss = 0.6927785873413086, dis loss = 1.0071765184402466, 0:01:16.24
Epoch 185, gen loss = 0.6928226351737976, dis loss = 1.0071572065353394, 0:01:14.45
Epoch 186, gen loss = 0.6926987767219543, dis loss = 1.0074495077133179, 0:01:13.84
Epoch 187, gen loss = 0.6928176283836365, dis loss = 1.007234811782837, 0:01:21.56
Epoch 188, gen loss = 0.6925843358039856, dis loss = 1.007815957069397, 0:01:19.74
Epoch 189, gen loss = 0.6925867795944214, dis loss = 1.0077229738235474, 0:01:18.18
Epoch 190, gen loss = 0.6928318738937378, dis loss = 1.0070126056671143, 0:01:19.64
Epoch 191, gen loss = 0.6927103400230408, dis loss = 1.0075631141662598, 0:01:24.56
Epoch 192, gen loss = 0.6928476691246033, dis loss = 1.0070496797561646, 0:01:19.31
Epoch 193, gen loss = 0.6927301287651062, dis loss = 1.0073713064193726, 0:01:19.56
Epoch 194, gen loss = 0.6928663849830627, dis loss = 1.0077998638153076, 0:01:23.73
Epoch 195, gen loss = 0.6926469802856445, dis loss = 1.0079340934753418, 0:01:35.75
Epoch 196, gen loss = 0.6926705241203308, dis loss = 1.007749080657959, 0:01:22.82
Epoch 197, gen loss = 0.6926060318946838, dis loss = 1.007955551147461, 0:01:22.01
Epoch 198, gen loss = 0.6924958825111389, dis loss = 1.007774829864502, 0:01:20.25
Epoch 199, gen loss = 0.6926755905151367, dis loss = 1.0074656009674072, 0:01:26.05

Training time: 2:09:44.88
