Will train the discriminator...
Alpha: 5e-07
Beta: 0.02
Momentum: 0.9
Epochs: 100
Every: 10
Batch: 1
Inputs: assets/res/Arles
	assets/res/Paris
Seed Size: 100
Starting Epoch: 500
Epoch 500, gen loss = 0.6931262016296387, dis loss = 1.0064451694488525, 0:01:28.84
Epoch 501, gen loss = 0.6930826306343079, dis loss = 1.0065703392028809, 0:01:19.71
Epoch 502, gen loss = 0.6930426955223083, dis loss = 1.0065621137619019, 0:01:19.94
Epoch 503, gen loss = 0.6930162310600281, dis loss = 1.0066992044448853, 0:01:21.94
Epoch 504, gen loss = 0.692925214767456, dis loss = 1.0067975521087646, 0:01:23.22
Epoch 505, gen loss = 0.692844033241272, dis loss = 1.007055401802063, 0:01:31.50
Epoch 506, gen loss = 0.6912956237792969, dis loss = 1.010812520980835, 0:01:22.79
Epoch 507, gen loss = 0.6921200752258301, dis loss = 1.0092028379440308, 0:01:25.82
Epoch 508, gen loss = 0.6926982998847961, dis loss = 1.0082148313522339, 0:01:29.17
Epoch 509, gen loss = 0.6927326321601868, dis loss = 1.0079504251480103, 0:01:32.65
Epoch 510, gen loss = 0.6928279995918274, dis loss = 1.0078438520431519, 0:01:25.40
Epoch 511, gen loss = 0.6928524374961853, dis loss = 1.007817029953003, 0:01:22.32
Epoch 512, gen loss = 0.6911473870277405, dis loss = 1.0113294124603271, 0:01:22.78
Epoch 513, gen loss = 0.6925520300865173, dis loss = 1.0092918872833252, 0:01:29.30
Epoch 514, gen loss = 0.6927801370620728, dis loss = 1.0077481269836426, 0:01:24.43
Epoch 515, gen loss = 0.6927005052566528, dis loss = 1.0072777271270752, 0:01:24.28
Epoch 516, gen loss = 0.6906835436820984, dis loss = 1.0111355781555176, 0:01:31.61
Epoch 517, gen loss = 0.6902986168861389, dis loss = 1.0143680572509766, 0:01:27.28
Epoch 518, gen loss = 0.6914417743682861, dis loss = 1.010457992553711, 0:01:15.75
Epoch 519, gen loss = 0.6917968392372131, dis loss = 1.0100754499435425, 0:01:14.78
Epoch 520, gen loss = 0.6913360953330994, dis loss = 1.0101836919784546, 0:01:10.83
Epoch 521, gen loss = 0.6911374926567078, dis loss = 1.010730504989624, 0:01:11.04
Epoch 522, gen loss = 0.6919716596603394, dis loss = 1.0093364715576172, 0:01:10.96
Epoch 523, gen loss = 0.6918238401412964, dis loss = 1.0092825889587402, 0:01:13.33
Epoch 524, gen loss = 0.6923930048942566, dis loss = 1.0081123113632202, 0:01:15.20
Epoch 525, gen loss = 0.6924640536308289, dis loss = 1.007763147354126, 0:01:10.89
Epoch 526, gen loss = 0.6926823854446411, dis loss = 1.0073227882385254, 0:01:11.03
Epoch 527, gen loss = 0.6927022933959961, dis loss = 1.0074710845947266, 0:01:11.10
Epoch 528, gen loss = 0.6927705407142639, dis loss = 1.007176160812378, 0:01:17.32
Epoch 529, gen loss = 0.6927810311317444, dis loss = 1.0071289539337158, 0:01:11.00
Epoch 530, gen loss = 0.6927774548530579, dis loss = 1.0071723461151123, 0:01:10.94
Epoch 531, gen loss = 0.6927704811096191, dis loss = 1.0071855783462524, 0:01:11.28
Epoch 532, gen loss = 0.6927281022071838, dis loss = 1.0072526931762695, 0:01:15.13
Epoch 533, gen loss = 0.6926375031471252, dis loss = 1.0073916912078857, 0:01:13.51
Epoch 534, gen loss = 0.6919206976890564, dis loss = 1.0088739395141602, 0:01:11.23
Epoch 535, gen loss = 0.6890797019004822, dis loss = 1.014370322227478, 0:01:11.14
Epoch 536, gen loss = 0.689654529094696, dis loss = 1.0137401819229126, 0:01:12.79
Epoch 537, gen loss = 0.6865860819816589, dis loss = 1.023325800895691, 0:01:13.65
Epoch 538, gen loss = 0.6814533472061157, dis loss = 1.0359547138214111, 0:01:11.37
Epoch 539, gen loss = 0.6872221231460571, dis loss = 1.0208078622817993, 0:01:11.36
Epoch 540, gen loss = 0.688102662563324, dis loss = 1.0176361799240112, 0:01:12.65
Epoch 541, gen loss = 0.6892552971839905, dis loss = 1.0142807960510254, 0:01:16.16
Epoch 542, gen loss = 0.6887938380241394, dis loss = 1.0143024921417236, 0:01:11.32
Epoch 543, gen loss = 0.6883397698402405, dis loss = 1.015726923942566, 0:01:11.17
Epoch 544, gen loss = 0.689283013343811, dis loss = 1.0144925117492676, 0:01:11.22
Epoch 545, gen loss = 0.6897922158241272, dis loss = 1.013330101966858, 0:01:12.43
Epoch 546, gen loss = 0.6849236488342285, dis loss = 1.0241589546203613, 0:01:15.94
Epoch 547, gen loss = 0.6898922920227051, dis loss = 1.014469861984253, 0:01:11.34
Epoch 548, gen loss = 0.6911007761955261, dis loss = 1.011913537979126, 0:01:11.20
Epoch 549, gen loss = 0.6912353038787842, dis loss = 1.0112968683242798, 0:01:12.83
Epoch 550, gen loss = 0.6909857988357544, dis loss = 1.012237548828125, 0:01:16.07
Epoch 551, gen loss = 0.6910590529441833, dis loss = 1.0117706060409546, 0:01:11.32
Epoch 552, gen loss = 0.6914282441139221, dis loss = 1.011281132698059, 0:01:12.27
Epoch 553, gen loss = 0.6907594203948975, dis loss = 1.0127201080322266, 0:01:13.15
Epoch 554, gen loss = 0.6894306540489197, dis loss = 1.0151399374008179, 0:01:12.66
Epoch 555, gen loss = 0.6850223541259766, dis loss = 1.029038667678833, 0:01:12.25
Epoch 556, gen loss = 0.687930703163147, dis loss = 1.0208697319030762, 0:01:15.06
Epoch 557, gen loss = 0.6855031847953796, dis loss = 1.0286505222320557, 0:01:16.43
Epoch 558, gen loss = 0.6886261105537415, dis loss = 1.0189868211746216, 0:01:14.89
Epoch 559, gen loss = 0.6871790289878845, dis loss = 1.0224475860595703, 0:01:19.50
Epoch 560, gen loss = 0.6833858489990234, dis loss = 1.039824366569519, 0:01:15.09
Epoch 561, gen loss = 0.6872459053993225, dis loss = 1.0284409523010254, 0:01:16.34
Epoch 562, gen loss = 0.6872180700302124, dis loss = 1.0243011713027954, 0:01:15.15
Epoch 563, gen loss = 0.6848483681678772, dis loss = 1.0306416749954224, 0:01:19.46
Epoch 564, gen loss = 0.687146008014679, dis loss = 1.0273374319076538, 0:01:14.99
Epoch 565, gen loss = 0.6884239912033081, dis loss = 1.0205318927764893, 0:01:16.58
Epoch 566, gen loss = 0.6860383749008179, dis loss = 1.0246816873550415, 0:01:15.21
Epoch 567, gen loss = 0.6821051239967346, dis loss = 1.043869137763977, 0:01:19.50
Epoch 568, gen loss = 0.6854836940765381, dis loss = 1.036788821220398, 0:01:14.92
Epoch 569, gen loss = 0.683229386806488, dis loss = 1.0435117483139038, 0:01:16.37
Epoch 570, gen loss = 0.6848494410514832, dis loss = 1.0357509851455688, 0:01:15.16
Epoch 571, gen loss = 0.6859028935432434, dis loss = 1.0278044939041138, 0:01:17.49
Epoch 572, gen loss = 0.6822798252105713, dis loss = 1.0379524230957031, 0:01:15.07
Epoch 573, gen loss = 0.6839910745620728, dis loss = 1.0353604555130005, 0:01:16.68
Epoch 574, gen loss = 0.6870541572570801, dis loss = 1.0271930694580078, 0:01:15.09
Epoch 575, gen loss = 0.6877300143241882, dis loss = 1.0232027769088745, 0:01:17.72
Epoch 576, gen loss = 0.6896007061004639, dis loss = 1.020370602607727, 0:01:16.93
Epoch 577, gen loss = 0.6892397999763489, dis loss = 1.0198484659194946, 0:01:17.11
Epoch 578, gen loss = 0.6894360184669495, dis loss = 1.0187768936157227, 0:01:15.21
Epoch 579, gen loss = 0.6881820559501648, dis loss = 1.0231879949569702, 0:01:15.73
Epoch 580, gen loss = 0.6901001334190369, dis loss = 1.0178931951522827, 0:01:19.16
Epoch 581, gen loss = 0.6907545924186707, dis loss = 1.0136994123458862, 0:01:16.67
Epoch 582, gen loss = 0.688869297504425, dis loss = 1.0172370672225952, 0:01:15.37
Epoch 583, gen loss = 0.6898852586746216, dis loss = 1.0155078172683716, 0:01:15.06
Epoch 584, gen loss = 0.691448986530304, dis loss = 1.012058973312378, 0:01:19.60
Epoch 585, gen loss = 0.6884980797767639, dis loss = 1.0200096368789673, 0:01:16.62
Epoch 586, gen loss = 0.6873852014541626, dis loss = 1.0266908407211304, 0:01:15.17
Epoch 587, gen loss = 0.689795732498169, dis loss = 1.0174720287322998, 0:01:15.25
Epoch 588, gen loss = 0.6906129121780396, dis loss = 1.014513373374939, 0:01:17.22
Epoch 589, gen loss = 0.6902063488960266, dis loss = 1.0161798000335693, 0:01:16.85
Epoch 590, gen loss = 0.6897841095924377, dis loss = 1.0168778896331787, 0:01:15.15
Epoch 591, gen loss = 0.6907960176467896, dis loss = 1.0160950422286987, 0:01:14.99
Epoch 592, gen loss = 0.6907724738121033, dis loss = 1.01522958278656, 0:01:19.59
Epoch 593, gen loss = 0.69115149974823, dis loss = 1.0142319202423096, 0:01:16.56
Epoch 594, gen loss = 0.6909219622612, dis loss = 1.014435887336731, 0:01:14.98
Epoch 595, gen loss = 0.6920040249824524, dis loss = 1.0115270614624023, 0:01:15.14
Epoch 596, gen loss = 0.6924002766609192, dis loss = 1.0102976560592651, 0:01:19.22
Epoch 597, gen loss = 0.6919847130775452, dis loss = 1.0110297203063965, 0:01:16.66
Epoch 598, gen loss = 0.6922030448913574, dis loss = 1.010676622390747, 0:01:15.20
Epoch 599, gen loss = 0.6908361911773682, dis loss = 1.0134212970733643, 0:01:15.06

Training time: 2:07:46.01
