Will not train the discriminator...
Alpha: 5e-07
Beta: 0.02
Momentum: 0.9
Epochs: 40
Every: 10
Batch: 1
Inputs: assets/res/Arles
	assets/res/Paris
Starting Epoch: 801
Epoch 801, gen loss = 0.6931459903717041, dis loss = 1.0064088106155396, 0:01:19.66
Epoch 802, gen loss = 0.6931459903717041, dis loss = 1.0064088106155396, 0:01:15.19
Epoch 803, gen loss = 0.6931459903717041, dis loss = 1.0064088106155396, 0:01:09.61
Epoch 804, gen loss = 0.6931459903717041, dis loss = 1.0064088106155396, 0:01:10.56
Epoch 805, gen loss = 0.6931456327438354, dis loss = 1.0064090490341187, 0:01:12.54
Epoch 806, gen loss = 0.6931454539299011, dis loss = 1.0064092874526978, 0:01:11.17
Epoch 807, gen loss = 0.6931458115577698, dis loss = 1.006408929824829, 0:01:13.43
Epoch 808, gen loss = 0.6931456923484802, dis loss = 1.0064090490341187, 0:01:09.63
Epoch 809, gen loss = 0.693145751953125, dis loss = 1.006408929824829, 0:01:09.79
Epoch 810, gen loss = 0.6931456327438354, dis loss = 1.0064091682434082, 0:01:10.75
Epoch 811, gen loss = 0.6636265516281128, dis loss = 1.0477735996246338, 0:01:14.54
Epoch 812, gen loss = 0.33762750029563904, dis loss = 1.5762858390808105, 0:01:10.21
Epoch 813, gen loss = 0.3172834515571594, dis loss = 1.61734938621521, 0:01:12.65
Epoch 814, gen loss = 0.3165203332901001, dis loss = 1.619516372680664, 0:01:09.05
Epoch 815, gen loss = 0.31415432691574097, dis loss = 1.6243361234664917, 0:01:08.11
Epoch 816, gen loss = 0.313691645860672, dis loss = 1.625421404838562, 0:01:10.28
Epoch 817, gen loss = 0.3135995864868164, dis loss = 1.6256506443023682, 0:01:08.64
Epoch 818, gen loss = 0.31346556544303894, dis loss = 1.6259796619415283, 0:01:09.26
Epoch 819, gen loss = 0.31355300545692444, dis loss = 1.6257601976394653, 0:01:07.47
Epoch 820, gen loss = 0.3135679066181183, dis loss = 1.6257396936416626, 0:01:13.90
Epoch 821, gen loss = 0.31350570917129517, dis loss = 1.6259328126907349, 0:01:18.41
Epoch 822, gen loss = 0.313321053981781, dis loss = 1.6263659000396729, 0:01:19.75
Epoch 823, gen loss = 0.31331631541252136, dis loss = 1.626379132270813, 0:01:19.54
Epoch 824, gen loss = 0.31329545378685, dis loss = 1.62643563747406, 0:01:19.64
Epoch 825, gen loss = 0.3132797181606293, dis loss = 1.6264784336090088, 0:01:17.92
Epoch 826, gen loss = 0.31329861283302307, dis loss = 1.6264272928237915, 0:01:18.89
Epoch 827, gen loss = 0.31330978870391846, dis loss = 1.6263983249664307, 0:01:17.97
Epoch 828, gen loss = 0.31331172585487366, dis loss = 1.6263924837112427, 0:01:20.97
Epoch 829, gen loss = 0.3132932484149933, dis loss = 1.6264429092407227, 0:01:16.75
Epoch 830, gen loss = 0.31326860189437866, dis loss = 1.6265089511871338, 0:01:19.94
Epoch 831, gen loss = 0.31327295303344727, dis loss = 1.6264971494674683, 0:01:18.22
Epoch 832, gen loss = 0.3132690489292145, dis loss = 1.6265077590942383, 0:01:18.16
Epoch 833, gen loss = 0.3132725656032562, dis loss = 1.6264979839324951, 0:01:17.09
Epoch 834, gen loss = 0.3132765293121338, dis loss = 1.6264878511428833, 0:01:18.83
Epoch 835, gen loss = 0.3132634460926056, dis loss = 1.6265227794647217, 0:01:18.64
Epoch 836, gen loss = 0.3132696747779846, dis loss = 1.626505732536316, 0:01:19.84
Epoch 837, gen loss = 0.31327009201049805, dis loss = 1.626504898071289, 0:01:19.09
Epoch 838, gen loss = 0.3132634162902832, dis loss = 1.6265231370925903, 0:01:18.96
Epoch 839, gen loss = 0.31326544284820557, dis loss = 1.626517653465271, 0:01:17.27
Epoch 840, gen loss = 0.3132634162902832, dis loss = 1.6265231370925903, 0:01:19.51
