Will not train the discriminator...
Alpha: 5e-07
Beta: 0.02
Momentum: 0.9
Epochs: 40
Every: 10
Batch: 1
Inputs: assets/res/Arles
	assets/res/Paris
Starting Epoch: 901
Epoch 901, gen loss = 0.6931459903717041, dis loss = 1.0064088106155396, 0:00:46.07
Epoch 902, gen loss = 0.6931458711624146, dis loss = 1.0064088106155396, 0:00:36.58
Epoch 903, gen loss = 0.6931415796279907, dis loss = 1.006413221359253, 0:00:38.79
Epoch 904, gen loss = 0.6931449174880981, dis loss = 1.006409764289856, 0:00:36.49
Epoch 905, gen loss = 0.6931442022323608, dis loss = 1.0064105987548828, 0:00:36.70
Epoch 906, gen loss = 0.6931445002555847, dis loss = 1.0064103603363037, 0:00:36.63
Epoch 907, gen loss = 0.6931372284889221, dis loss = 1.0064176321029663, 0:00:36.74
Epoch 908, gen loss = 0.6931237578392029, dis loss = 1.0064311027526855, 0:00:37.53
Epoch 909, gen loss = 0.6895163059234619, dis loss = 1.0105760097503662, 0:00:37.74
Epoch 910, gen loss = 0.5620484352111816, dis loss = 1.1971549987792969, 0:00:39.09
Epoch 911, gen loss = 0.3437134325504303, dis loss = 1.5636646747589111, 0:00:42.30
Epoch 912, gen loss = 0.32324978709220886, dis loss = 1.6040400266647339, 0:00:37.32
Epoch 913, gen loss = 0.3167111575603485, dis loss = 1.6179728507995605, 0:00:37.28
Epoch 914, gen loss = 0.31700941920280457, dis loss = 1.617495059967041, 0:00:37.53
Epoch 915, gen loss = 0.31441619992256165, dis loss = 1.6235071420669556, 0:00:37.28
Epoch 916, gen loss = 0.31488555669784546, dis loss = 1.62296462059021, 0:00:37.41
Epoch 917, gen loss = 0.31409141421318054, dis loss = 1.6244850158691406, 0:00:37.08
Epoch 918, gen loss = 0.31377458572387695, dis loss = 1.625167727470398, 0:00:39.14
Epoch 919, gen loss = 0.31361261010169983, dis loss = 1.6255908012390137, 0:00:38.58
Epoch 920, gen loss = 0.3135186433792114, dis loss = 1.6258536577224731, 0:00:41.08
Epoch 921, gen loss = 0.3135419189929962, dis loss = 1.6257915496826172, 0:00:37.41
Epoch 922, gen loss = 0.313838928937912, dis loss = 1.6252894401550293, 0:00:37.26
Epoch 923, gen loss = 0.3133557438850403, dis loss = 1.6262723207473755, 0:00:37.62
Epoch 924, gen loss = 0.3134390115737915, dis loss = 1.6260625123977661, 0:00:37.67
Epoch 925, gen loss = 0.31334200501441956, dis loss = 1.6263095140457153, 0:00:37.56
Epoch 926, gen loss = 0.31333768367767334, dis loss = 1.6263221502304077, 0:00:39.14
Epoch 927, gen loss = 0.31331998109817505, dis loss = 1.6263691186904907, 0:00:37.82
Epoch 928, gen loss = 0.3132983446121216, dis loss = 1.6264272928237915, 0:00:42.48
Epoch 929, gen loss = 0.3133985698223114, dis loss = 1.6261671781539917, 0:00:37.68
Epoch 930, gen loss = 0.31328681111335754, dis loss = 1.6264581680297852, 0:00:37.64
Epoch 931, gen loss = 0.3133164942264557, dis loss = 1.6263794898986816, 0:00:37.89
Epoch 932, gen loss = 0.31328085064888, dis loss = 1.62647545337677, 0:00:37.96
Epoch 933, gen loss = 0.31327635049819946, dis loss = 1.6264874935150146, 0:00:37.71
Epoch 934, gen loss = 0.31327271461486816, dis loss = 1.6264972686767578, 0:00:39.08
Epoch 935, gen loss = 0.3132742941379547, dis loss = 1.6264928579330444, 0:00:38.22
Epoch 936, gen loss = 0.31326916813850403, dis loss = 1.6265066862106323, 0:00:41.88
Epoch 937, gen loss = 0.3133033812046051, dis loss = 1.6264162063598633, 0:00:40.62
Epoch 938, gen loss = 0.31326615810394287, dis loss = 1.62651526927948, 0:00:39.50
Epoch 939, gen loss = 0.31327182054519653, dis loss = 1.626499891281128, 0:00:39.38
Epoch 940, gen loss = 0.3132692873477936, dis loss = 1.6265065670013428, 0:00:39.00
