Will train the discriminator...
Alpha: 5e-07
Beta: 0.02
Momentum: 0.9
Epochs: 60
Every: 10
Batch: 1
Inputs: assets/res/Arles
	assets/res/Paris
Starting Epoch: 841
Epoch 841, gen loss = 0.5250810384750366, dis loss = 1.2854491472244263, 0:01:27.22
Epoch 842, gen loss = 0.6899586319923401, dis loss = 1.0248095989227295, 0:01:18.45
Epoch 843, gen loss = 0.6914315223693848, dis loss = 1.0181623697280884, 0:01:18.74
Epoch 844, gen loss = 0.6917786002159119, dis loss = 1.0155534744262695, 0:01:22.66
Epoch 845, gen loss = 0.6910519599914551, dis loss = 1.01549232006073, 0:01:17.66
Epoch 846, gen loss = 0.6921373009681702, dis loss = 1.011810541152954, 0:01:18.24
Epoch 847, gen loss = 0.6921443343162537, dis loss = 1.0109643936157227, 0:01:18.57
Epoch 848, gen loss = 0.6928611397743225, dis loss = 1.0097935199737549, 0:01:19.45
Epoch 849, gen loss = 0.6927633285522461, dis loss = 1.0096381902694702, 0:01:17.25
Epoch 850, gen loss = 0.6925525069236755, dis loss = 1.0093803405761719, 0:01:17.68
Epoch 851, gen loss = 0.6927614808082581, dis loss = 1.0088577270507812, 0:01:16.67
Epoch 852, gen loss = 0.6925013661384583, dis loss = 1.0088573694229126, 0:01:21.64
Epoch 853, gen loss = 0.6928404569625854, dis loss = 1.0079820156097412, 0:01:17.19
Epoch 854, gen loss = 0.6930176615715027, dis loss = 1.007588505744934, 0:01:17.88
Epoch 855, gen loss = 0.6930446624755859, dis loss = 1.0075364112854004, 0:01:16.79
Epoch 856, gen loss = 0.692987322807312, dis loss = 1.007615327835083, 0:01:19.35
Epoch 857, gen loss = 0.6930873990058899, dis loss = 1.007470726966858, 0:01:16.74
Epoch 858, gen loss = 0.6930226683616638, dis loss = 1.0074738264083862, 0:01:17.45
Epoch 859, gen loss = 0.6930944919586182, dis loss = 1.007444977760315, 0:01:16.71
Epoch 860, gen loss = 0.6931037902832031, dis loss = 1.0073994398117065, 0:01:17.26
Epoch 861, gen loss = 0.6930855512619019, dis loss = 1.0073983669281006, 0:01:19.26
Epoch 862, gen loss = 0.6930866241455078, dis loss = 1.0073316097259521, 0:01:17.99
Epoch 863, gen loss = 0.6929508447647095, dis loss = 1.0070390701293945, 0:01:13.69
Epoch 864, gen loss = 0.6931080222129822, dis loss = 1.006519079208374, 0:01:13.62
Epoch 865, gen loss = 0.6930906176567078, dis loss = 1.0065048933029175, 0:01:14.77
Epoch 866, gen loss = 0.6930990219116211, dis loss = 1.006501317024231, 0:01:14.09
Epoch 867, gen loss = 0.6931261420249939, dis loss = 1.0064609050750732, 0:01:13.35
Epoch 868, gen loss = 0.6931043863296509, dis loss = 1.0064786672592163, 0:01:13.00
Epoch 869, gen loss = 0.6931111812591553, dis loss = 1.006469964981079, 0:01:17.68
Epoch 870, gen loss = 0.6931446194648743, dis loss = 1.006437063217163, 0:01:14.19
Epoch 871, gen loss = 0.6931429505348206, dis loss = 1.0064221620559692, 0:01:12.96
Epoch 872, gen loss = 0.6931360960006714, dis loss = 1.0064278841018677, 0:01:12.88
Epoch 873, gen loss = 0.693143367767334, dis loss = 1.006419062614441, 0:01:17.80
Epoch 874, gen loss = 0.693128228187561, dis loss = 1.0064400434494019, 0:01:14.54
Epoch 875, gen loss = 0.6931395530700684, dis loss = 1.0064222812652588, 0:01:13.72
Epoch 876, gen loss = 0.6931445598602295, dis loss = 1.0064159631729126, 0:01:13.06
Epoch 877, gen loss = 0.6931441426277161, dis loss = 1.006414532661438, 0:01:13.28
Epoch 878, gen loss = 0.6931440830230713, dis loss = 1.006413459777832, 0:01:18.80
Epoch 879, gen loss = 0.6931448578834534, dis loss = 1.0064125061035156, 0:01:13.38
Epoch 880, gen loss = 0.6931185722351074, dis loss = 1.0064506530761719, 0:01:12.82
Epoch 881, gen loss = 0.6931443810462952, dis loss = 1.0064138174057007, 0:01:14.15
Epoch 882, gen loss = 0.6931453347206116, dis loss = 1.0064120292663574, 0:01:16.19
Epoch 883, gen loss = 0.6931458711624146, dis loss = 1.0064107179641724, 0:01:17.10
Epoch 884, gen loss = 0.6931453347206116, dis loss = 1.0064107179641724, 0:01:15.24
Epoch 885, gen loss = 0.6931458711624146, dis loss = 1.006409764289856, 0:01:15.54
Epoch 886, gen loss = 0.6931456327438354, dis loss = 1.0064098834991455, 0:01:19.38
Epoch 887, gen loss = 0.6931451559066772, dis loss = 1.0064102411270142, 0:01:17.60
Epoch 888, gen loss = 0.6931443810462952, dis loss = 1.006411075592041, 0:01:15.47
Epoch 889, gen loss = 0.6931458115577698, dis loss = 1.006410002708435, 0:01:14.96
Epoch 890, gen loss = 0.6931456923484802, dis loss = 1.0064095258712769, 0:01:20.32
Epoch 891, gen loss = 0.6931453347206116, dis loss = 1.006410002708435, 0:01:23.36
Epoch 892, gen loss = 0.693145751953125, dis loss = 1.0064092874526978, 0:01:18.38
Epoch 893, gen loss = 0.6931458711624146, dis loss = 1.0064090490341187, 0:01:16.78
Epoch 894, gen loss = 0.6931456327438354, dis loss = 1.0064091682434082, 0:01:20.48
Epoch 895, gen loss = 0.693145751953125, dis loss = 1.0064091682434082, 0:01:14.72
Epoch 896, gen loss = 0.693145751953125, dis loss = 1.0064090490341187, 0:01:15.66
Epoch 897, gen loss = 0.6931459903717041, dis loss = 1.0064088106155396, 0:01:15.23
Epoch 898, gen loss = 0.693145751953125, dis loss = 1.006408929824829, 0:01:16.24
Epoch 899, gen loss = 0.6931458115577698, dis loss = 1.006408929824829, 0:01:17.75
Epoch 900, gen loss = 0.6931458711624146, dis loss = 1.006408929824829, 0:01:15.47
