Will train the discriminator...
Alpha: 5e-07
Beta: 0.02
Momentum: 0.9
Epochs: 60
Every: 10
Batch: 1
Inputs: assets/res/Arles
	assets/res/Paris
Starting Epoch: 741
Epoch 741, gen loss = 0.5786367058753967, dis loss = 1.1932109594345093, 0:01:30.28
Epoch 742, gen loss = 0.6918767690658569, dis loss = 1.0143802165985107, 0:01:18.41
Epoch 743, gen loss = 0.6916911005973816, dis loss = 1.0112141370773315, 0:01:18.36
Epoch 744, gen loss = 0.6924259066581726, dis loss = 1.009253740310669, 0:01:19.87
Epoch 745, gen loss = 0.6928187012672424, dis loss = 1.0078762769699097, 0:01:20.18
Epoch 746, gen loss = 0.6925026178359985, dis loss = 1.0077582597732544, 0:01:18.27
Epoch 747, gen loss = 0.6930127143859863, dis loss = 1.0068724155426025, 0:01:17.80
Epoch 748, gen loss = 0.6928998231887817, dis loss = 1.0068142414093018, 0:01:20.44
Epoch 749, gen loss = 0.6930393576622009, dis loss = 1.0066726207733154, 0:01:24.19
Epoch 750, gen loss = 0.6930720210075378, dis loss = 1.0065953731536865, 0:01:20.21
Epoch 751, gen loss = 0.6930742263793945, dis loss = 1.0065559148788452, 0:01:20.73
Epoch 752, gen loss = 0.6930992603302002, dis loss = 1.0065118074417114, 0:01:21.17
Epoch 753, gen loss = 0.6930440068244934, dis loss = 1.0065890550613403, 0:01:25.19
Epoch 754, gen loss = 0.6931235790252686, dis loss = 1.0064722299575806, 0:01:21.52
Epoch 755, gen loss = 0.6931217312812805, dis loss = 1.0064606666564941, 0:01:21.83
Epoch 756, gen loss = 0.6931090950965881, dis loss = 1.0064802169799805, 0:01:20.40
Epoch 757, gen loss = 0.6931183338165283, dis loss = 1.006460428237915, 0:01:24.87
Epoch 758, gen loss = 0.6931397318840027, dis loss = 1.0064343214035034, 0:01:20.56
Epoch 759, gen loss = 0.693135678768158, dis loss = 1.0064339637756348, 0:01:22.28
Epoch 760, gen loss = 0.693138837814331, dis loss = 1.0064270496368408, 0:01:21.52
Epoch 761, gen loss = 0.6931348443031311, dis loss = 1.0064300298690796, 0:01:21.90
Epoch 762, gen loss = 0.6931395530700684, dis loss = 1.006423830986023, 0:01:20.81
Epoch 763, gen loss = 0.693141758441925, dis loss = 1.0064194202423096, 0:01:22.09
Epoch 764, gen loss = 0.6931383013725281, dis loss = 1.006424069404602, 0:01:25.47
Epoch 765, gen loss = 0.6931448578834534, dis loss = 1.0064144134521484, 0:01:20.19
Epoch 766, gen loss = 0.69314044713974, dis loss = 1.006418228149414, 0:01:22.10
Epoch 767, gen loss = 0.6931433081626892, dis loss = 1.0064148902893066, 0:01:20.20
Epoch 768, gen loss = 0.6931448578834534, dis loss = 1.0064127445220947, 0:01:25.16
Epoch 769, gen loss = 0.6931450963020325, dis loss = 1.0064114332199097, 0:01:20.42
Epoch 770, gen loss = 0.6931445598602295, dis loss = 1.0064117908477783, 0:01:21.52
Epoch 771, gen loss = 0.6931447982788086, dis loss = 1.0064114332199097, 0:01:20.82
Epoch 772, gen loss = 0.693131685256958, dis loss = 1.0064287185668945, 0:01:26.20
Epoch 773, gen loss = 0.6931459903717041, dis loss = 1.0064107179641724, 0:01:20.70
Epoch 774, gen loss = 0.6931458711624146, dis loss = 1.006410002708435, 0:01:22.15
Epoch 775, gen loss = 0.693145215511322, dis loss = 1.0064104795455933, 0:01:20.98
Epoch 776, gen loss = 0.6931458711624146, dis loss = 1.0064094066619873, 0:01:23.46
Epoch 777, gen loss = 0.6931458711624146, dis loss = 1.0064091682434082, 0:01:20.77
Epoch 778, gen loss = 0.6931456327438354, dis loss = 1.0064094066619873, 0:01:21.64
Epoch 779, gen loss = 0.6931458115577698, dis loss = 1.0064091682434082, 0:01:21.40
Epoch 780, gen loss = 0.6931459903717041, dis loss = 1.006408929824829, 0:01:25.77
Epoch 781, gen loss = 0.6931458711624146, dis loss = 1.006408929824829, 0:01:22.27
Epoch 782, gen loss = 0.6931458115577698, dis loss = 1.0064090490341187, 0:01:20.88
Epoch 783, gen loss = 0.6931458711624146, dis loss = 1.0064088106155396, 0:01:20.89
Epoch 784, gen loss = 0.6931458711624146, dis loss = 1.0064088106155396, 0:01:25.62
Epoch 785, gen loss = 0.6931458711624146, dis loss = 1.006408929824829, 0:01:22.37
Epoch 786, gen loss = 0.6931458115577698, dis loss = 1.006408929824829, 0:01:20.56
Epoch 787, gen loss = 0.6931459903717041, dis loss = 1.0064088106155396, 0:01:20.48
Epoch 788, gen loss = 0.6931459903717041, dis loss = 1.0064088106155396, 0:01:26.06
Epoch 789, gen loss = 0.6931459903717041, dis loss = 1.0064088106155396, 0:01:22.11
Epoch 790, gen loss = 0.6931459903717041, dis loss = 1.0064088106155396, 0:01:21.34
Epoch 791, gen loss = 0.6931459903717041, dis loss = 1.0064088106155396, 0:01:20.71
Epoch 792, gen loss = 0.6931459903717041, dis loss = 1.0064088106155396, 0:01:23.21
Epoch 793, gen loss = 0.6931459903717041, dis loss = 1.0064088106155396, 0:01:21.70
Epoch 794, gen loss = 0.6931459903717041, dis loss = 1.0064088106155396, 0:01:20.72
Epoch 795, gen loss = 0.6931459903717041, dis loss = 1.0064088106155396, 0:01:22.88
Epoch 796, gen loss = 0.6931458711624146, dis loss = 1.0064088106155396, 0:01:24.27
Epoch 797, gen loss = 0.6931459903717041, dis loss = 1.0064088106155396, 0:01:21.75
Epoch 798, gen loss = 0.6931459903717041, dis loss = 1.0064088106155396, 0:01:20.98
Epoch 799, gen loss = 0.6931459903717041, dis loss = 1.0064088106155396, 0:01:25.01
Epoch 800, gen loss = 0.6931459903717041, dis loss = 1.0064088106155396, 0:01:22.25
