Will train the discriminator...
Alpha: 5e-07
Beta: 0.02
Momentum: 0.9
Epochs: 20
Every: 10
Batch: 1
Inputs: assets/res/Arles
	assets/res/Paris
Starting Epoch: 512
Epoch 512, gen loss = 0.5750761032104492, dis loss = 1.1907013654708862, 0:01:26.49
Epoch 513, gen loss = 0.6912286877632141, dis loss = 1.0103822946548462, 0:01:17.22
Epoch 514, gen loss = 0.6917462944984436, dis loss = 1.008762001991272, 0:01:18.76
Epoch 515, gen loss = 0.6927677392959595, dis loss = 1.007511019706726, 0:01:22.01
Epoch 516, gen loss = 0.6926393508911133, dis loss = 1.0073174238204956, 0:01:18.03
Epoch 517, gen loss = 0.6929641962051392, dis loss = 1.0068905353546143, 0:01:18.10
Epoch 518, gen loss = 0.6927834749221802, dis loss = 1.0070425271987915, 0:01:18.85
Epoch 519, gen loss = 0.6930402517318726, dis loss = 1.0066750049591064, 0:01:19.22
Epoch 520, gen loss = 0.6929783225059509, dis loss = 1.0067116022109985, 0:01:17.72
Epoch 521, gen loss = 0.6930590867996216, dis loss = 1.0066040754318237, 0:01:17.60
Epoch 522, gen loss = 0.6930741667747498, dis loss = 1.0065604448318481, 0:01:18.89
Epoch 523, gen loss = 0.6931009888648987, dis loss = 1.0065158605575562, 0:01:21.34
Epoch 524, gen loss = 0.6931003332138062, dis loss = 1.0065027475357056, 0:01:18.41
Epoch 525, gen loss = 0.6931121349334717, dis loss = 1.006479263305664, 0:01:18.55
Epoch 526, gen loss = 0.6931204795837402, dis loss = 1.0064663887023926, 0:01:19.65
Epoch 527, gen loss = 0.6931227445602417, dis loss = 1.0064564943313599, 0:01:22.11
Epoch 528, gen loss = 0.6931213736534119, dis loss = 1.0064553022384644, 0:01:17.95
Epoch 529, gen loss = 0.6931324005126953, dis loss = 1.006439447402954, 0:01:19.10
Epoch 530, gen loss = 0.6931346654891968, dis loss = 1.0064337253570557, 0:01:19.70
Epoch 531, gen loss = 0.6931344270706177, dis loss = 1.0064326524734497, 0:01:21.93
